2019/09/11 12:28:25 [error] [php] htmlspecialchars() expects parameter 1 to be string, array given (/home/tailieuk/public_html/webapp/libs/Strings.php:245)
Stack trace:
#0 /home/tailieuk/public_html/webapp/modules/tailieu/controllers/SearchController.php(35): SearchController->processKeyword()
#1 /home/tailieuk/public_html/systemlibs/web/actions/CInlineAction.php(49): SearchController->actionIndex()
#2 /home/tailieuk/public_html/systemlibs/web/CController.php(308): CInlineAction->runWithParams()
#3 /home/tailieuk/public_html/systemlibs/web/filters/CFilterChain.php(133): SearchController->runAction()
#4 /home/tailieuk/public_html/systemlibs/web/filters/CFilter.php(40): CFilterChain->run()
#5 /home/tailieuk/public_html/systemlibs/web/CController.php(1145): CAccessControlFilter->filter()
#6 /home/tailieuk/public_html/systemlibs/web/filters/CInlineFilter.php(58): SearchController->filterAccessControl()
#7 /home/tailieuk/public_html/systemlibs/web/filters/CFilterChain.php(130): CInlineFilter->filter()
#8 /home/tailieuk/public_html/systemlibs/web/CController.php(291): CFilterChain->run()
#9 /home/tailieuk/public_html/systemlibs/web/CController.php(265): SearchController->runActionWithFilters()
#10 /home/tailieuk/public_html/systemlibs/web/CWebApplication.php(282): SearchController->run()
#11 /home/tailieuk/public_html/systemlibs/web/CWebApplication.php(141): CWebApplication->runController()
#12 /home/tailieuk/public_html/systemlibs/base/CApplication.php(180): CWebApplication->processRequest()
#13 /home/tailieuk/public_html/index.php(14): CWebApplication->run()
REQUEST_URI=/tim-kiem/%C4%90%C6%B0%E1%BB%9Dng+n%E1%BB%A9t+file+%E1%BA%A3nh.html
2019/09/11 12:28:34 [error] [php] htmlspecialchars() expects parameter 1 to be string, array given (/home/tailieuk/public_html/webapp/libs/Strings.php:245)
Stack trace:
#0 /home/tailieuk/public_html/webapp/modules/tailieu/controllers/SearchController.php(35): SearchController->processKeyword()
#1 /home/tailieuk/public_html/systemlibs/web/actions/CInlineAction.php(49): SearchController->actionIndex()
#2 /home/tailieuk/public_html/systemlibs/web/CController.php(308): CInlineAction->runWithParams()
#3 /home/tailieuk/public_html/systemlibs/web/filters/CFilterChain.php(133): SearchController->runAction()
#4 /home/tailieuk/public_html/systemlibs/web/filters/CFilter.php(40): CFilterChain->run()
#5 /home/tailieuk/public_html/systemlibs/web/CController.php(1145): CAccessControlFilter->filter()
#6 /home/tailieuk/public_html/systemlibs/web/filters/CInlineFilter.php(58): SearchController->filterAccessControl()
#7 /home/tailieuk/public_html/systemlibs/web/filters/CFilterChain.php(130): CInlineFilter->filter()
#8 /home/tailieuk/public_html/systemlibs/web/CController.php(291): CFilterChain->run()
#9 /home/tailieuk/public_html/systemlibs/web/CController.php(265): SearchController->runActionWithFilters()
#10 /home/tailieuk/public_html/systemlibs/web/CWebApplication.php(282): SearchController->run()
#11 /home/tailieuk/public_html/systemlibs/web/CWebApplication.php(141): CWebApplication->runController()
#12 /home/tailieuk/public_html/systemlibs/base/CApplication.php(180): CWebApplication->processRequest()
#13 /home/tailieuk/public_html/index.php(14): CWebApplication->run()
REQUEST_URI=/tim-kiem/%C4%90%E1%BA%A7u+c%E1%BB%99t.html
2019/09/11 12:28:43 [error] [php] htmlspecialchars() expects parameter 1 to be string, array given (/home/tailieuk/public_html/webapp/libs/Strings.php:245)
Stack trace:
#0 /home/tailieuk/public_html/webapp/modules/tailieu/controllers/SearchController.php(35): SearchController->processKeyword()
#1 /home/tailieuk/public_html/systemlibs/web/actions/CInlineAction.php(49): SearchController->actionIndex()
#2 /home/tailieuk/public_html/systemlibs/web/CController.php(308): CInlineAction->runWithParams()
#3 /home/tailieuk/public_html/systemlibs/web/filters/CFilterChain.php(133): SearchController->runAction()
#4 /home/tailieuk/public_html/systemlibs/web/filters/CFilter.php(40): CFilterChain->run()
#5 /home/tailieuk/public_html/systemlibs/web/CController.php(1145): CAccessControlFilter->filter()
#6 /home/tailieuk/public_html/systemlibs/web/filters/CInlineFilter.php(58): SearchController->filterAccessControl()
#7 /home/tailieuk/public_html/systemlibs/web/filters/CFilterChain.php(130): CInlineFilter->filter()
#8 /home/tailieuk/public_html/systemlibs/web/CController.php(291): CFilterChain->run()
#9 /home/tailieuk/public_html/systemlibs/web/CController.php(265): SearchController->runActionWithFilters()
#10 /home/tailieuk/public_html/systemlibs/web/CWebApplication.php(282): SearchController->run()
#11 /home/tailieuk/public_html/systemlibs/web/CWebApplication.php(141): CWebApplication->runController()
#12 /home/tailieuk/public_html/systemlibs/base/CApplication.php(180): CWebApplication->processRequest()
#13 /home/tailieuk/public_html/index.php(14): CWebApplication->run()
REQUEST_URI=/tim-kiem/%C4%90%E1%BB%93+%C4%91%E1%BA%A1c+m%E1%BA%B7t+b%E1%BA%B1ng.html
2019/09/11 12:28:46 [error] [php] htmlspecialchars() expects parameter 1 to be string, array given (/home/tailieuk/public_html/webapp/libs/Strings.php:245)
Stack trace:
#0 /home/tailieuk/public_html/webapp/modules/tailieu/controllers/SearchController.php(35): SearchController->processKeyword()
#1 /home/tailieuk/public_html/systemlibs/web/actions/CInlineAction.php(49): SearchController->actionIndex()
#2 /home/tailieuk/public_html/systemlibs/web/CController.php(308): CInlineAction->runWithParams()
#3 /home/tailieuk/public_html/systemlibs/web/filters/CFilterChain.php(133): SearchController->runAction()
#4 /home/tailieuk/public_html/systemlibs/web/filters/CFilter.php(40): CFilterChain->run()
#5 /home/tailieuk/public_html/systemlibs/web/CController.php(1145): CAccessControlFilter->filter()
#6 /home/tailieuk/public_html/systemlibs/web/filters/CInlineFilter.php(58): SearchController->filterAccessControl()
#7 /home/tailieuk/public_html/systemlibs/web/filters/CFilterChain.php(130): CInlineFilter->filter()
#8 /home/tailieuk/public_html/systemlibs/web/CController.php(291): CFilterChain->run()
#9 /home/tailieuk/public_html/systemlibs/web/CController.php(265): SearchController->runActionWithFilters()
#10 /home/tailieuk/public_html/systemlibs/web/CWebApplication.php(282): SearchController->run()
#11 /home/tailieuk/public_html/systemlibs/web/CWebApplication.php(141): CWebApplication->runController()
#12 /home/tailieuk/public_html/systemlibs/base/CApplication.php(180): CWebApplication->processRequest()
#13 /home/tailieuk/public_html/index.php(14): CWebApplication->run()
REQUEST_URI=/tim-kiem/%C4%90%E1%BB%93+n%E1%BB%99i+th%E1%BA%A5t+revit.html
2019/09/11 12:28:57 [error] [php] htmlspecialchars() expects parameter 1 to be string, array given (/home/tailieuk/public_html/webapp/libs/Strings.php:245)
Stack trace:
#0 /home/tailieuk/public_html/webapp/modules/tailieu/controllers/SearchController.php(35): SearchController->processKeyword()
#1 /home/tailieuk/public_html/systemlibs/web/actions/CInlineAction.php(49): SearchController->actionIndex()
#2 /home/tailieuk/public_html/systemlibs/web/CController.php(308): CInlineAction->runWithParams()
#3 /home/tailieuk/public_html/systemlibs/web/filters/CFilterChain.php(133): SearchController->runAction()
#4 /home/tailieuk/public_html/systemlibs/web/filters/CFilter.php(40): CFilterChain->run()
#5 /home/tailieuk/public_html/systemlibs/web/CController.php(1145): CAccessControlFilter->filter()
#6 /home/tailieuk/public_html/systemlibs/web/filters/CInlineFilter.php(58): SearchController->filterAccessControl()
#7 /home/tailieuk/public_html/systemlibs/web/filters/CFilterChain.php(130): CInlineFilter->filter()
#8 /home/tailieuk/public_html/systemlibs/web/CController.php(291): CFilterChain->run()
#9 /home/tailieuk/public_html/systemlibs/web/CController.php(265): SearchController->runActionWithFilters()
#10 /home/tailieuk/public_html/systemlibs/web/CWebApplication.php(282): SearchController->run()
#11 /home/tailieuk/public_html/systemlibs/web/CWebApplication.php(141): CWebApplication->runController()
#12 /home/tailieuk/public_html/systemlibs/base/CApplication.php(180): CWebApplication->processRequest()
#13 /home/tailieuk/public_html/index.php(14): CWebApplication->run()
REQUEST_URI=/tim-kiem/%C4%90%E1%BB%93+n%E1%BB%99i+th%E1%BA%A5t+t%C3%A2n+c%E1%BB%95+%C4%91i%E1%BB%83n.html
2019/09/11 12:29:14 [error] [php] htmlspecialchars() expects parameter 1 to be string, array given (/home/tailieuk/public_html/webapp/libs/Strings.php:245)
Stack trace:
#0 /home/tailieuk/public_html/webapp/modules/tailieu/controllers/SearchController.php(35): SearchController->processKeyword()
#1 /home/tailieuk/public_html/systemlibs/web/actions/CInlineAction.php(49): SearchController->actionIndex()
#2 /home/tailieuk/public_html/systemlibs/web/CController.php(308): CInlineAction->runWithParams()
#3 /home/tailieuk/public_html/systemlibs/web/filters/CFilterChain.php(133): SearchController->runAction()
#4 /home/tailieuk/public_html/systemlibs/web/filters/CFilter.php(40): CFilterChain->run()
#5 /home/tailieuk/public_html/systemlibs/web/CController.php(1145): CAccessControlFilter->filter()
#6 /home/tailieuk/public_html/systemlibs/web/filters/CInlineFilter.php(58): SearchController->filterAccessControl()
#7 /home/tailieuk/public_html/systemlibs/web/filters/CFilterChain.php(130): CInlineFilter->filter()
#8 /home/tailieuk/public_html/systemlibs/web/CController.php(291): CFilterChain->run()
#9 /home/tailieuk/public_html/systemlibs/web/CController.php(265): SearchController->runActionWithFilters()
#10 /home/tailieuk/public_html/systemlibs/web/CWebApplication.php(282): SearchController->run()
#11 /home/tailieuk/public_html/systemlibs/web/CWebApplication.php(141): CWebApplication->runController()
#12 /home/tailieuk/public_html/systemlibs/base/CApplication.php(180): CWebApplication->processRequest()
#13 /home/tailieuk/public_html/index.php(14): CWebApplication->run()
REQUEST_URI=/tim-kiem/%C4%90i%C3%AAu+kh%E1%BA%AFc+ki%E1%BA%BFn+tr%C3%BAc+s%C3%A1ch.html
2019/09/11 12:29:22 [error] [php] htmlspecialchars() expects parameter 1 to be string, array given (/home/tailieuk/public_html/webapp/libs/Strings.php:245)
Stack trace:
#0 /home/tailieuk/public_html/webapp/modules/tailieu/controllers/SearchController.php(35): SearchController->processKeyword()
#1 /home/tailieuk/public_html/systemlibs/web/actions/CInlineAction.php(49): SearchController->actionIndex()
#2 /home/tailieuk/public_html/systemlibs/web/CController.php(308): CInlineAction->runWithParams()
#3 /home/tailieuk/public_html/systemlibs/web/filters/CFilterChain.php(133): SearchController->runAction()
#4 /home/tailieuk/public_html/systemlibs/web/filters/CFilter.php(40): CFilterChain->run()
#5 /home/tailieuk/public_html/systemlibs/web/CController.php(1145): CAccessControlFilter->filter()
#6 /home/tailieuk/public_html/systemlibs/web/filters/CInlineFilter.php(58): SearchController->filterAccessControl()
#7 /home/tailieuk/public_html/systemlibs/web/filters/CFilterChain.php(130): CInlineFilter->filter()
#8 /home/tailieuk/public_html/systemlibs/web/CController.php(291): CFilterChain->run()
#9 /home/tailieuk/public_html/systemlibs/web/CController.php(265): SearchController->runActionWithFilters()
#10 /home/tailieuk/public_html/systemlibs/web/CWebApplication.php(282): SearchController->run()
#11 /home/tailieuk/public_html/systemlibs/web/CWebApplication.php(141): CWebApplication->runController()
#12 /home/tailieuk/public_html/systemlibs/base/CApplication.php(180): CWebApplication->processRequest()
#13 /home/tailieuk/public_html/index.php(14): CWebApplication->run()
REQUEST_URI=/tim-kiem/%C4%91%C3%A8n+ies+ch%E1%BA%A5t+l%C6%B0%E1%BB%A3ng+mi%E1%BB%85n+ph%C3%AD.html
2019/09/11 12:29:27 [error] [php] htmlspecialchars() expects parameter 1 to be string, array given (/home/tailieuk/public_html/webapp/libs/Strings.php:245)
Stack trace:
#0 /home/tailieuk/public_html/webapp/modules/tailieu/controllers/SearchController.php(35): SearchController->processKeyword()
#1 /home/tailieuk/public_html/systemlibs/web/actions/CInlineAction.php(49): SearchController->actionIndex()
#2 /home/tailieuk/public_html/systemlibs/web/CController.php(308): CInlineAction->runWithParams()
#3 /home/tailieuk/public_html/systemlibs/web/filters/CFilterChain.php(133): SearchController->runAction()
#4 /home/tailieuk/public_html/systemlibs/web/filters/CFilter.php(40): CFilterChain->run()
#5 /home/tailieuk/public_html/systemlibs/web/CController.php(1145): CAccessControlFilter->filter()
#6 /home/tailieuk/public_html/systemlibs/web/filters/CInlineFilter.php(58): SearchController->filterAccessControl()
#7 /home/tailieuk/public_html/systemlibs/web/filters/CFilterChain.php(130): CInlineFilter->filter()
#8 /home/tailieuk/public_html/systemlibs/web/CController.php(291): CFilterChain->run()
#9 /home/tailieuk/public_html/systemlibs/web/CController.php(265): SearchController->runActionWithFilters()
#10 /home/tailieuk/public_html/systemlibs/web/CWebApplication.php(282): SearchController->run()
#11 /home/tailieuk/public_html/systemlibs/web/CWebApplication.php(141): CWebApplication->runController()
#12 /home/tailieuk/public_html/systemlibs/base/CApplication.php(180): CWebApplication->processRequest()
#13 /home/tailieuk/public_html/index.php(14): CWebApplication->run()
REQUEST_URI=/tim-kiem/%C4%91%E1%BB%93+%C4%91%E1%BA%A1c+n%E1%BB%99i+th%E1%BA%A5t+file+cad.html
2019/09/11 12:29:37 [error] [php] htmlspecialchars() expects parameter 1 to be string, array given (/home/tailieuk/public_html/webapp/libs/Strings.php:245)
Stack trace:
#0 /home/tailieuk/public_html/webapp/modules/tailieu/controllers/SearchController.php(35): SearchController->processKeyword()
#1 /home/tailieuk/public_html/systemlibs/web/actions/CInlineAction.php(49): SearchController->actionIndex()
#2 /home/tailieuk/public_html/systemlibs/web/CController.php(308): CInlineAction->runWithParams()
#3 /home/tailieuk/public_html/systemlibs/web/filters/CFilterChain.php(133): SearchController->runAction()
#4 /home/tailieuk/public_html/systemlibs/web/filters/CFilter.php(40): CFilterChain->run()
#5 /home/tailieuk/public_html/systemlibs/web/CController.php(1145): CAccessControlFilter->filter()
#6 /home/tailieuk/public_html/systemlibs/web/filters/CInlineFilter.php(58): SearchController->filterAccessControl()
#7 /home/tailieuk/public_html/systemlibs/web/filters/CFilterChain.php(130): CInlineFilter->filter()
#8 /home/tailieuk/public_html/systemlibs/web/CController.php(291): CFilterChain->run()
#9 /home/tailieuk/public_html/systemlibs/web/CController.php(265): SearchController->runActionWithFilters()
#10 /home/tailieuk/public_html/systemlibs/web/CWebApplication.php(282): SearchController->run()
#11 /home/tailieuk/public_html/systemlibs/web/CWebApplication.php(141): CWebApplication->runController()
#12 /home/tailieuk/public_html/systemlibs/base/CApplication.php(180): CWebApplication->processRequest()
#13 /home/tailieuk/public_html/index.php(14): CWebApplication->run()
REQUEST_URI=/tim-kiem/%E1%BA%A2nh+%C4%91en+tr%E1%BA%AFng+map.html
2019/09/11 12:29:46 [error] [php] htmlspecialchars() expects parameter 1 to be string, array given (/home/tailieuk/public_html/webapp/libs/Strings.php:245)
Stack trace:
#0 /home/tailieuk/public_html/webapp/modules/tailieu/controllers/SearchController.php(35): SearchController->processKeyword()
#1 /home/tailieuk/public_html/systemlibs/web/actions/CInlineAction.php(49): SearchController->actionIndex()
#2 /home/tailieuk/public_html/systemlibs/web/CController.php(308): CInlineAction->runWithParams()
#3 /home/tailieuk/public_html/systemlibs/web/filters/CFilterChain.php(133): SearchController->runAction()
#4 /home/tailieuk/public_html/systemlibs/web/filters/CFilter.php(40): CFilterChain->run()
#5 /home/tailieuk/public_html/systemlibs/web/CController.php(1145): CAccessControlFilter->filter()
#6 /home/tailieuk/public_html/systemlibs/web/filters/CInlineFilter.php(58): SearchController->filterAccessControl()
#7 /home/tailieuk/public_html/systemlibs/web/filters/CFilterChain.php(130): CInlineFilter->filter()
#8 /home/tailieuk/public_html/systemlibs/web/CController.php(291): CFilterChain->run()
#9 /home/tailieuk/public_html/systemlibs/web/CController.php(265): SearchController->runActionWithFilters()
#10 /home/tailieuk/public_html/systemlibs/web/CWebApplication.php(282): SearchController->run()
#11 /home/tailieuk/public_html/systemlibs/web/CWebApplication.php(141): CWebApplication->runController()
#12 /home/tailieuk/public_html/systemlibs/base/CApplication.php(180): CWebApplication->processRequest()
#13 /home/tailieuk/public_html/index.php(14): CWebApplication->run()
REQUEST_URI=/tim-kiem/%E1%BA%A2nh+map+m%C3%A1i+v%C3%B2m.html
2019/09/11 12:29:50 [error] [php] htmlspecialchars() expects parameter 1 to be string, array given (/home/tailieuk/public_html/webapp/libs/Strings.php:245)
Stack trace:
#0 /home/tailieuk/public_html/webapp/modules/tailieu/controllers/SearchController.php(35): SearchController->processKeyword()
#1 /home/tailieuk/public_html/systemlibs/web/actions/CInlineAction.php(49): SearchController->actionIndex()
#2 /home/tailieuk/public_html/systemlibs/web/CController.php(308): CInlineAction->runWithParams()
#3 /home/tailieuk/public_html/systemlibs/web/filters/CFilterChain.php(133): SearchController->runAction()
#4 /home/tailieuk/public_html/systemlibs/web/filters/CFilter.php(40): CFilterChain->run()
#5 /home/tailieuk/public_html/systemlibs/web/CController.php(1145): CAccessControlFilter->filter()
#6 /home/tailieuk/public_html/systemlibs/web/filters/CInlineFilter.php(58): SearchController->filterAccessControl()
#7 /home/tailieuk/public_html/systemlibs/web/filters/CFilterChain.php(130): CInlineFilter->filter()
#8 /home/tailieuk/public_html/systemlibs/web/CController.php(291): CFilterChain->run()
#9 /home/tailieuk/public_html/systemlibs/web/CController.php(265): SearchController->runActionWithFilters()
#10 /home/tailieuk/public_html/systemlibs/web/CWebApplication.php(282): SearchController->run()
#11 /home/tailieuk/public_html/systemlibs/web/CWebApplication.php(141): CWebApplication->runController()
#12 /home/tailieuk/public_html/systemlibs/base/CApplication.php(180): CWebApplication->processRequest()
#13 /home/tailieuk/public_html/index.php(14): CWebApplication->run()
REQUEST_URI=/tim-kiem/%E1%BA%A2nh+map+ph%C3%B9+%C4%91i%C3%AAu.html
2019/09/11 12:29:54 [error] [php] htmlspecialchars() expects parameter 1 to be string, array given (/home/tailieuk/public_html/webapp/libs/Strings.php:245)
Stack trace:
#0 /home/tailieuk/public_html/webapp/modules/tailieu/controllers/SearchController.php(35): SearchController->processKeyword()
#1 /home/tailieuk/public_html/systemlibs/web/actions/CInlineAction.php(49): SearchController->actionIndex()
#2 /home/tailieuk/public_html/systemlibs/web/CController.php(308): CInlineAction->runWithParams()
#3 /home/tailieuk/public_html/systemlibs/web/filters/CFilterChain.php(133): SearchController->runAction()
#4 /home/tailieuk/public_html/systemlibs/web/filters/CFilter.php(40): CFilterChain->run()
#5 /home/tailieuk/public_html/systemlibs/web/CController.php(1145): CAccessControlFilter->filter()
#6 /home/tailieuk/public_html/systemlibs/web/filters/CInlineFilter.php(58): SearchController->filterAccessControl()
#7 /home/tailieuk/public_html/systemlibs/web/filters/CFilterChain.php(130): CInlineFilter->filter()
#8 /home/tailieuk/public_html/systemlibs/web/CController.php(291): CFilterChain->run()
#9 /home/tailieuk/public_html/systemlibs/web/CController.php(265): SearchController->runActionWithFilters()
#10 /home/tailieuk/public_html/systemlibs/web/CWebApplication.php(282): SearchController->run()
#11 /home/tailieuk/public_html/systemlibs/web/CWebApplication.php(141): CWebApplication->runController()
#12 /home/tailieuk/public_html/systemlibs/base/CApplication.php(180): CWebApplication->processRequest()
#13 /home/tailieuk/public_html/index.php(14): CWebApplication->run()
REQUEST_URI=/tim-kiem/%E1%BA%A3nh+Map+%C4%90%C3%A1+Marble.html
2019/09/11 12:30:01 [error] [php] htmlspecialchars() expects parameter 1 to be string, array given (/home/tailieuk/public_html/webapp/libs/Strings.php:245)
Stack trace:
#0 /home/tailieuk/public_html/webapp/modules/tailieu/controllers/SearchController.php(35): SearchController->processKeyword()
#1 /home/tailieuk/public_html/systemlibs/web/actions/CInlineAction.php(49): SearchController->actionIndex()
#2 /home/tailieuk/public_html/systemlibs/web/CController.php(308): CInlineAction->runWithParams()
#3 /home/tailieuk/public_html/systemlibs/web/filters/CFilterChain.php(133): SearchController->runAction()
#4 /home/tailieuk/public_html/systemlibs/web/filters/CFilter.php(40): CFilterChain->run()
#5 /home/tailieuk/public_html/systemlibs/web/CController.php(1145): CAccessControlFilter->filter()
#6 /home/tailieuk/public_html/systemlibs/web/filters/CInlineFilter.php(58): SearchController->filterAccessControl()
#7 /home/tailieuk/public_html/systemlibs/web/filters/CFilterChain.php(130): CInlineFilter->filter()
#8 /home/tailieuk/public_html/systemlibs/web/CController.php(291): CFilterChain->run()
#9 /home/tailieuk/public_html/systemlibs/web/CController.php(265): SearchController->runActionWithFilters()
#10 /home/tailieuk/public_html/systemlibs/web/CWebApplication.php(282): SearchController->run()
#11 /home/tailieuk/public_html/systemlibs/web/CWebApplication.php(141): CWebApplication->runController()
#12 /home/tailieuk/public_html/systemlibs/base/CApplication.php(180): CWebApplication->processRequest()
#13 /home/tailieuk/public_html/index.php(14): CWebApplication->run()
REQUEST_URI=/tim-kiem/3D+People.html
2019/09/11 12:30:05 [error] [php] htmlspecialchars() expects parameter 1 to be string, array given (/home/tailieuk/public_html/webapp/libs/Strings.php:245)
Stack trace:
#0 /home/tailieuk/public_html/webapp/modules/tailieu/controllers/SearchController.php(35): SearchController->processKeyword()
#1 /home/tailieuk/public_html/systemlibs/web/actions/CInlineAction.php(49): SearchController->actionIndex()
#2 /home/tailieuk/public_html/systemlibs/web/CController.php(308): CInlineAction->runWithParams()
#3 /home/tailieuk/public_html/systemlibs/web/filters/CFilterChain.php(133): SearchController->runAction()
#4 /home/tailieuk/public_html/systemlibs/web/filters/CFilter.php(40): CFilterChain->run()
#5 /home/tailieuk/public_html/systemlibs/web/CController.php(1145): CAccessControlFilter->filter()
#6 /home/tailieuk/public_html/systemlibs/web/filters/CInlineFilter.php(58): SearchController->filterAccessControl()
#7 /home/tailieuk/public_html/systemlibs/web/filters/CFilterChain.php(130): CInlineFilter->filter()
#8 /home/tailieuk/public_html/systemlibs/web/CController.php(291): CFilterChain->run()
#9 /home/tailieuk/public_html/systemlibs/web/CController.php(265): SearchController->runActionWithFilters()
#10 /home/tailieuk/public_html/systemlibs/web/CWebApplication.php(282): SearchController->run()
#11 /home/tailieuk/public_html/systemlibs/web/CWebApplication.php(141): CWebApplication->runController()
#12 /home/tailieuk/public_html/systemlibs/base/CApplication.php(180): CWebApplication->processRequest()
#13 /home/tailieuk/public_html/index.php(14): CWebApplication->run()
REQUEST_URI=/tim-kiem/3D+b%E1%BB%93n+c%E1%BA%A7u.html
2019/09/11 12:30:15 [error] [php] htmlspecialchars() expects parameter 1 to be string, array given (/home/tailieuk/public_html/webapp/libs/Strings.php:245)
Stack trace:
#0 /home/tailieuk/public_html/webapp/modules/tailieu/controllers/SearchController.php(35): SearchController->processKeyword()
#1 /home/tailieuk/public_html/systemlibs/web/actions/CInlineAction.php(49): SearchController->actionIndex()
#2 /home/tailieuk/public_html/systemlibs/web/CController.php(308): CInlineAction->runWithParams()
#3 /home/tailieuk/public_html/systemlibs/web/filters/CFilterChain.php(133): SearchController->runAction()
#4 /home/tailieuk/public_html/systemlibs/web/filters/CFilter.php(40): CFilterChain->run()
#5 /home/tailieuk/public_html/systemlibs/web/CController.php(1145): CAccessControlFilter->filter()
#6 /home/tailieuk/public_html/systemlibs/web/filters/CInlineFilter.php(58): SearchController->filterAccessControl()
#7 /home/tailieuk/public_html/systemlibs/web/filters/CFilterChain.php(130): CInlineFilter->filter()
#8 /home/tailieuk/public_html/systemlibs/web/CController.php(291): CFilterChain->run()
#9 /home/tailieuk/public_html/systemlibs/web/CController.php(265): SearchController->runActionWithFilters()
#10 /home/tailieuk/public_html/systemlibs/web/CWebApplication.php(282): SearchController->run()
#11 /home/tailieuk/public_html/systemlibs/web/CWebApplication.php(141): CWebApplication->runController()
#12 /home/tailieuk/public_html/systemlibs/base/CApplication.php(180): CWebApplication->processRequest()
#13 /home/tailieuk/public_html/index.php(14): CWebApplication->run()
REQUEST_URI=/tim-kiem/3DMax+ng%C6%B0%E1%BB%9Di.html
2019/09/11 12:30:26 [error] [php] htmlspecialchars() expects parameter 1 to be string, array given (/home/tailieuk/public_html/webapp/libs/Strings.php:245)
Stack trace:
#0 /home/tailieuk/public_html/webapp/modules/tailieu/controllers/SearchController.php(35): SearchController->processKeyword()
#1 /home/tailieuk/public_html/systemlibs/web/actions/CInlineAction.php(49): SearchController->actionIndex()
#2 /home/tailieuk/public_html/systemlibs/web/CController.php(308): CInlineAction->runWithParams()
#3 /home/tailieuk/public_html/systemlibs/web/filters/CFilterChain.php(133): SearchController->runAction()
#4 /home/tailieuk/public_html/systemlibs/web/filters/CFilter.php(40): CFilterChain->run()
#5 /home/tailieuk/public_html/systemlibs/web/CController.php(1145): CAccessControlFilter->filter()
#6 /home/tailieuk/public_html/systemlibs/web/filters/CInlineFilter.php(58): SearchController->filterAccessControl()
#7 /home/tailieuk/public_html/systemlibs/web/filters/CFilterChain.php(130): CInlineFilter->filter()
#8 /home/tailieuk/public_html/systemlibs/web/CController.php(291): CFilterChain->run()
#9 /home/tailieuk/public_html/systemlibs/web/CController.php(265): SearchController->runActionWithFilters()
#10 /home/tailieuk/public_html/systemlibs/web/CWebApplication.php(282): SearchController->run()
#11 /home/tailieuk/public_html/systemlibs/web/CWebApplication.php(141): CWebApplication->runController()
#12 /home/tailieuk/public_html/systemlibs/base/CApplication.php(180): CWebApplication->processRequest()
#13 /home/tailieuk/public_html/index.php(14): CWebApplication->run()
REQUEST_URI=/tim-kiem/3d+C%E1%BB%99t+t%C3%A2n+c%E1%BB%95+%C4%91i%E1%BB%83n.html
2019/09/11 12:30:30 [error] [php] htmlspecialchars() expects parameter 1 to be string, array given (/home/tailieuk/public_html/webapp/libs/Strings.php:245)
Stack trace:
#0 /home/tailieuk/public_html/webapp/modules/tailieu/controllers/SearchController.php(35): SearchController->processKeyword()
#1 /home/tailieuk/public_html/systemlibs/web/actions/CInlineAction.php(49): SearchController->actionIndex()
#2 /home/tailieuk/public_html/systemlibs/web/CController.php(308): CInlineAction->runWithParams()
#3 /home/tailieuk/public_html/systemlibs/web/filters/CFilterChain.php(133): SearchController->runAction()
#4 /home/tailieuk/public_html/systemlibs/web/filters/CFilter.php(40): CFilterChain->run()
#5 /home/tailieuk/public_html/systemlibs/web/CController.php(1145): CAccessControlFilter->filter()
#6 /home/tailieuk/public_html/systemlibs/web/filters/CInlineFilter.php(58): SearchController->filterAccessControl()
#7 /home/tailieuk/public_html/systemlibs/web/filters/CFilterChain.php(130): CInlineFilter->filter()
#8 /home/tailieuk/public_html/systemlibs/web/CController.php(291): CFilterChain->run()
#9 /home/tailieuk/public_html/systemlibs/web/CController.php(265): SearchController->runActionWithFilters()
#10 /home/tailieuk/public_html/systemlibs/web/CWebApplication.php(282): SearchController->run()
#11 /home/tailieuk/public_html/systemlibs/web/CWebApplication.php(141): CWebApplication->runController()
#12 /home/tailieuk/public_html/systemlibs/base/CApplication.php(180): CWebApplication->processRequest()
#13 /home/tailieuk/public_html/index.php(14): CWebApplication->run()
REQUEST_URI=/tim-kiem/3d+Hoa+%C4%91%E1%BA%B9p.html
2019/09/11 12:30:37 [error] [php] htmlspecialchars() expects parameter 1 to be string, array given (/home/tailieuk/public_html/webapp/libs/Strings.php:245)
Stack trace:
#0 /home/tailieuk/public_html/webapp/modules/tailieu/controllers/SearchController.php(35): SearchController->processKeyword()
#1 /home/tailieuk/public_html/systemlibs/web/actions/CInlineAction.php(49): SearchController->actionIndex()
#2 /home/tailieuk/public_html/systemlibs/web/CController.php(308): CInlineAction->runWithParams()
#3 /home/tailieuk/public_html/systemlibs/web/filters/CFilterChain.php(133): SearchController->runAction()
#4 /home/tailieuk/public_html/systemlibs/web/filters/CFilter.php(40): CFilterChain->run()
#5 /home/tailieuk/public_html/systemlibs/web/CController.php(1145): CAccessControlFilter->filter()
#6 /home/tailieuk/public_html/systemlibs/web/filters/CInlineFilter.php(58): SearchController->filterAccessControl()
#7 /home/tailieuk/public_html/systemlibs/web/filters/CFilterChain.php(130): CInlineFilter->filter()
#8 /home/tailieuk/public_html/systemlibs/web/CController.php(291): CFilterChain->run()
#9 /home/tailieuk/public_html/systemlibs/web/CController.php(265): SearchController->runActionWithFilters()
#10 /home/tailieuk/public_html/systemlibs/web/CWebApplication.php(282): SearchController->run()
#11 /home/tailieuk/public_html/systemlibs/web/CWebApplication.php(141): CWebApplication->runController()
#12 /home/tailieuk/public_html/systemlibs/base/CApplication.php(180): CWebApplication->processRequest()
#13 /home/tailieuk/public_html/index.php(14): CWebApplication->run()
REQUEST_URI=/tim-kiem/3d+Model+ph%C3%B2ng+t%E1%BA%AFm.html
2019/09/11 12:30:45 [error] [php] htmlspecialchars() expects parameter 1 to be string, array given (/home/tailieuk/public_html/webapp/libs/Strings.php:245)
Stack trace:
#0 /home/tailieuk/public_html/webapp/modules/tailieu/controllers/SearchController.php(35): SearchController->processKeyword()
#1 /home/tailieuk/public_html/systemlibs/web/actions/CInlineAction.php(49): SearchController->actionIndex()
#2 /home/tailieuk/public_html/systemlibs/web/CController.php(308): CInlineAction->runWithParams()
#3 /home/tailieuk/public_html/systemlibs/web/filters/CFilterChain.php(133): SearchController->runAction()
#4 /home/tailieuk/public_html/systemlibs/web/filters/CFilter.php(40): CFilterChain->run()
#5 /home/tailieuk/public_html/systemlibs/web/CController.php(1145): CAccessControlFilter->filter()
#6 /home/tailieuk/public_html/systemlibs/web/filters/CInlineFilter.php(58): SearchController->filterAccessControl()
#7 /home/tailieuk/public_html/systemlibs/web/filters/CFilterChain.php(130): CInlineFilter->filter()
#8 /home/tailieuk/public_html/systemlibs/web/CController.php(291): CFilterChain->run()
#9 /home/tailieuk/public_html/systemlibs/web/CController.php(265): SearchController->runActionWithFilters()
#10 /home/tailieuk/public_html/systemlibs/web/CWebApplication.php(282): SearchController->run()
#11 /home/tailieuk/public_html/systemlibs/web/CWebApplication.php(141): CWebApplication->runController()
#12 /home/tailieuk/public_html/systemlibs/base/CApplication.php(180): CWebApplication->processRequest()
#13 /home/tailieuk/public_html/index.php(14): CWebApplication->run()
REQUEST_URI=/tim-kiem/3d+Sketchup+qu%C3%A2n+%C4%91%E1%BB%99i.html
2019/09/11 12:30:49 [error] [exception.CHttpException.404] CHttpException: Unable to resolve the request "assets/images/logo.png". in /home/tailieuk/public_html/systemlibs/web/CWebApplication.php:286
Stack trace:
#0 /home/tailieuk/public_html/systemlibs/web/CWebApplication.php(141): CWebApplication->runController('assets/images/l...')
#1 /home/tailieuk/public_html/systemlibs/base/CApplication.php(180): CWebApplication->processRequest()
#2 /home/tailieuk/public_html/index.php(14): CApplication->run()
#3 {main}
REQUEST_URI=/assets/images/logo.png
HTTP_REFERER=http://tailieukientruc.com/assets/tailieuv3/css/base.css
---
2019/09/11 12:30:51 [error] [php] htmlspecialchars() expects parameter 1 to be string, array given (/home/tailieuk/public_html/webapp/libs/Strings.php:245)
Stack trace:
#0 /home/tailieuk/public_html/webapp/modules/tailieu/controllers/SearchController.php(35): SearchController->processKeyword()
#1 /home/tailieuk/public_html/systemlibs/web/actions/CInlineAction.php(49): SearchController->actionIndex()
#2 /home/tailieuk/public_html/systemlibs/web/CController.php(308): CInlineAction->runWithParams()
#3 /home/tailieuk/public_html/systemlibs/web/filters/CFilterChain.php(133): SearchController->runAction()
#4 /home/tailieuk/public_html/systemlibs/web/filters/CFilter.php(40): CFilterChain->run()
#5 /home/tailieuk/public_html/systemlibs/web/CController.php(1145): CAccessControlFilter->filter()
#6 /home/tailieuk/public_html/systemlibs/web/filters/CInlineFilter.php(58): SearchController->filterAccessControl()
#7 /home/tailieuk/public_html/systemlibs/web/filters/CFilterChain.php(130): CInlineFilter->filter()
#8 /home/tailieuk/public_html/systemlibs/web/CController.php(291): CFilterChain->run()
#9 /home/tailieuk/public_html/systemlibs/web/CController.php(265): SearchController->runActionWithFilters()
#10 /home/tailieuk/public_html/systemlibs/web/CWebApplication.php(282): SearchController->run()
#11 /home/tailieuk/public_html/systemlibs/web/CWebApplication.php(141): CWebApplication->runController()
#12 /home/tailieuk/public_html/systemlibs/base/CApplication.php(180): CWebApplication->processRequest()
#13 /home/tailieuk/public_html/index.php(14): CWebApplication->run()
REQUEST_URI=/tim-kiem/3d+Sketup+c%E1%BB%95+%C4%91i%E1%BB%83n.html
2019/09/11 12:30:56 [error] [exception.CHttpException.404] CHttpException: Unable to resolve the request "assets/images/home/imgshow-bg.jpg". in /home/tailieuk/public_html/systemlibs/web/CWebApplication.php:286
Stack trace:
#0 /home/tailieuk/public_html/systemlibs/web/CWebApplication.php(141): CWebApplication->runController('assets/images/h...')
#1 /home/tailieuk/public_html/systemlibs/base/CApplication.php(180): CWebApplication->processRequest()
#2 /home/tailieuk/public_html/index.php(14): CApplication->run()
#3 {main}
REQUEST_URI=/assets/images/home/imgshow-bg.jpg
HTTP_REFERER=http://tailieukientruc.com/assets/tailieuv3/css/base.css
---
2019/09/11 12:30:56 [error] [exception.CHttpException.404] CHttpException: Unable to resolve the request "assets/images/copyright.png". in /home/tailieuk/public_html/systemlibs/web/CWebApplication.php:286
Stack trace:
#0 /home/tailieuk/public_html/systemlibs/web/CWebApplication.php(141): CWebApplication->runController('assets/images/c...')
#1 /home/tailieuk/public_html/systemlibs/base/CApplication.php(180): CWebApplication->processRequest()
#2 /home/tailieuk/public_html/index.php(14): CApplication->run()
#3 {main}
REQUEST_URI=/assets/images/copyright.png
HTTP_REFERER=http://tailieukientruc.com/assets/tailieuv3/css/base.css
---
2019/09/11 12:31:08 [error] [php] htmlspecialchars() expects parameter 1 to be string, array given (/home/tailieuk/public_html/webapp/libs/Strings.php:245)
Stack trace:
#0 /home/tailieuk/public_html/webapp/modules/tailieu/controllers/SearchController.php(35): SearchController->processKeyword()
#1 /home/tailieuk/public_html/systemlibs/web/actions/CInlineAction.php(49): SearchController->actionIndex()
#2 /home/tailieuk/public_html/systemlibs/web/CController.php(308): CInlineAction->runWithParams()
#3 /home/tailieuk/public_html/systemlibs/web/filters/CFilterChain.php(133): SearchController->runAction()
#4 /home/tailieuk/public_html/systemlibs/web/filters/CFilter.php(40): CFilterChain->run()
#5 /home/tailieuk/public_html/systemlibs/web/CController.php(1145): CAccessControlFilter->filter()
#6 /home/tailieuk/public_html/systemlibs/web/filters/CInlineFilter.php(58): SearchController->filterAccessControl()
#7 /home/tailieuk/public_html/systemlibs/web/filters/CFilterChain.php(130): CInlineFilter->filter()
#8 /home/tailieuk/public_html/systemlibs/web/CController.php(291): CFilterChain->run()
#9 /home/tailieuk/public_html/systemlibs/web/CController.php(265): SearchController->runActionWithFilters()
#10 /home/tailieuk/public_html/systemlibs/web/CWebApplication.php(282): SearchController->run()
#11 /home/tailieuk/public_html/systemlibs/web/CWebApplication.php(141): CWebApplication->runController()
#12 /home/tailieuk/public_html/systemlibs/base/CApplication.php(180): CWebApplication->processRequest()
#13 /home/tailieuk/public_html/index.php(14): CWebApplication->run()
REQUEST_URI=/tim-kiem/3d+Su.html
2019/09/11 12:31:20 [error] [php] htmlspecialchars() expects parameter 1 to be string, array given (/home/tailieuk/public_html/webapp/libs/Strings.php:245)
Stack trace:
#0 /home/tailieuk/public_html/webapp/modules/tailieu/controllers/SearchController.php(35): SearchController->processKeyword()
#1 /home/tailieuk/public_html/systemlibs/web/actions/CInlineAction.php(49): SearchController->actionIndex()
#2 /home/tailieuk/public_html/systemlibs/web/CController.php(308): CInlineAction->runWithParams()
#3 /home/tailieuk/public_html/systemlibs/web/filters/CFilterChain.php(133): SearchController->runAction()
#4 /home/tailieuk/public_html/systemlibs/web/filters/CFilter.php(40): CFilterChain->run()
#5 /home/tailieuk/public_html/systemlibs/web/CController.php(1145): CAccessControlFilter->filter()
#6 /home/tailieuk/public_html/systemlibs/web/filters/CInlineFilter.php(58): SearchController->filterAccessControl()
#7 /home/tailieuk/public_html/systemlibs/web/filters/CFilterChain.php(130): CInlineFilter->filter()
#8 /home/tailieuk/public_html/systemlibs/web/CController.php(291): CFilterChain->run()
#9 /home/tailieuk/public_html/systemlibs/web/CController.php(265): SearchController->runActionWithFilters()
#10 /home/tailieuk/public_html/systemlibs/web/CWebApplication.php(282): SearchController->run()
#11 /home/tailieuk/public_html/systemlibs/web/CWebApplication.php(141): CWebApplication->runController()
#12 /home/tailieuk/public_html/systemlibs/base/CApplication.php(180): CWebApplication->processRequest()
#13 /home/tailieuk/public_html/index.php(14): CWebApplication->run()
REQUEST_URI=/tim-kiem/3d+Thumbnail.html
2019/09/11 12:31:25 [error] [php] htmlspecialchars() expects parameter 1 to be string, array given (/home/tailieuk/public_html/webapp/libs/Strings.php:245)
Stack trace:
#0 /home/tailieuk/public_html/webapp/modules/tailieu/controllers/SearchController.php(35): SearchController->processKeyword()
#1 /home/tailieuk/public_html/systemlibs/web/actions/CInlineAction.php(49): SearchController->actionIndex()
#2 /home/tailieuk/public_html/systemlibs/web/CController.php(308): CInlineAction->runWithParams()
#3 /home/tailieuk/public_html/systemlibs/web/filters/CFilterChain.php(133): SearchController->runAction()
#4 /home/tailieuk/public_html/systemlibs/web/filters/CFilter.php(40): CFilterChain->run()
#5 /home/tailieuk/public_html/systemlibs/web/CController.php(1145): CAccessControlFilter->filter()
#6 /home/tailieuk/public_html/systemlibs/web/filters/CInlineFilter.php(58): SearchController->filterAccessControl()
#7 /home/tailieuk/public_html/systemlibs/web/filters/CFilterChain.php(130): CInlineFilter->filter()
#8 /home/tailieuk/public_html/systemlibs/web/CController.php(291): CFilterChain->run()
#9 /home/tailieuk/public_html/systemlibs/web/CController.php(265): SearchController->runActionWithFilters()
#10 /home/tailieuk/public_html/systemlibs/web/CWebApplication.php(282): SearchController->run()
#11 /home/tailieuk/public_html/systemlibs/web/CWebApplication.php(141): CWebApplication->runController()
#12 /home/tailieuk/public_html/systemlibs/base/CApplication.php(180): CWebApplication->processRequest()
#13 /home/tailieuk/public_html/index.php(14): CWebApplication->run()
REQUEST_URI=/tim-kiem/3d+b%C3%A0n+gh%E1%BA%BF.html
2019/09/11 12:31:28 [error] [exception.CHttpException.404] CHttpException: Unable to resolve the request "images/home/pngtree.png". in /home/tailieuk/public_html/systemlibs/web/CWebApplication.php:286
Stack trace:
#0 /home/tailieuk/public_html/systemlibs/web/CWebApplication.php(141): CWebApplication->runController('images/home/png...')
#1 /home/tailieuk/public_html/systemlibs/base/CApplication.php(180): CWebApplication->processRequest()
#2 /home/tailieuk/public_html/index.php(14): CApplication->run()
#3 {main}
REQUEST_URI=/images/home/pngtree.png
HTTP_REFERER=http://tailieukientruc.com/assets/tailieuv3/css/detail_element.css?v=201907161059
---
2019/09/11 12:31:32 [error] [php] htmlspecialchars() expects parameter 1 to be string, array given (/home/tailieuk/public_html/webapp/libs/Strings.php:245)
Stack trace:
#0 /home/tailieuk/public_html/webapp/modules/tailieu/controllers/SearchController.php(35): SearchController->processKeyword()
#1 /home/tailieuk/public_html/systemlibs/web/actions/CInlineAction.php(49): SearchController->actionIndex()
#2 /home/tailieuk/public_html/systemlibs/web/CController.php(308): CInlineAction->runWithParams()
#3 /home/tailieuk/public_html/systemlibs/web/filters/CFilterChain.php(133): SearchController->runAction()
#4 /home/tailieuk/public_html/systemlibs/web/filters/CFilter.php(40): CFilterChain->run()
#5 /home/tailieuk/public_html/systemlibs/web/CController.php(1145): CAccessControlFilter->filter()
#6 /home/tailieuk/public_html/systemlibs/web/filters/CInlineFilter.php(58): SearchController->filterAccessControl()
#7 /home/tailieuk/public_html/systemlibs/web/filters/CFilterChain.php(130): CInlineFilter->filter()
#8 /home/tailieuk/public_html/systemlibs/web/CController.php(291): CFilterChain->run()
#9 /home/tailieuk/public_html/systemlibs/web/CController.php(265): SearchController->runActionWithFilters()
#10 /home/tailieuk/public_html/systemlibs/web/CWebApplication.php(282): SearchController->run()
#11 /home/tailieuk/public_html/systemlibs/web/CWebApplication.php(141): CWebApplication->runController()
#12 /home/tailieuk/public_html/systemlibs/base/CApplication.php(180): CWebApplication->processRequest()
#13 /home/tailieuk/public_html/index.php(14): CWebApplication->run()
REQUEST_URI=/tim-kiem/3d+c%E1%BA%A3nh+quan+b%E1%BB%83+c%C3%A1.html
2019/09/11 12:31:49 [error] [php] htmlspecialchars() expects parameter 1 to be string, array given (/home/tailieuk/public_html/webapp/libs/Strings.php:245)
Stack trace:
#0 /home/tailieuk/public_html/webapp/modules/tailieu/controllers/SearchController.php(35): SearchController->processKeyword()
#1 /home/tailieuk/public_html/systemlibs/web/actions/CInlineAction.php(49): SearchController->actionIndex()
#2 /home/tailieuk/public_html/systemlibs/web/CController.php(308): CInlineAction->runWithParams()
#3 /home/tailieuk/public_html/systemlibs/web/filters/CFilterChain.php(133): SearchController->runAction()
#4 /home/tailieuk/public_html/systemlibs/web/filters/CFilter.php(40): CFilterChain->run()
#5 /home/tailieuk/public_html/systemlibs/web/CController.php(1145): CAccessControlFilter->filter()
#6 /home/tailieuk/public_html/systemlibs/web/filters/CInlineFilter.php(58): SearchController->filterAccessControl()
#7 /home/tailieuk/public_html/systemlibs/web/filters/CFilterChain.php(130): CInlineFilter->filter()
#8 /home/tailieuk/public_html/systemlibs/web/CController.php(291): CFilterChain->run()
#9 /home/tailieuk/public_html/systemlibs/web/CController.php(265): SearchController->runActionWithFilters()
#10 /home/tailieuk/public_html/systemlibs/web/CWebApplication.php(282): SearchController->run()
#11 /home/tailieuk/public_html/systemlibs/web/CWebApplication.php(141): CWebApplication->runController()
#12 /home/tailieuk/public_html/systemlibs/base/CApplication.php(180): CWebApplication->processRequest()
#13 /home/tailieuk/public_html/index.php(14): CWebApplication->run()
REQUEST_URI=/tim-kiem/3d+con+ti%E1%BB%87n+lan+can.html
2019/09/11 12:32:00 [error] [php] htmlspecialchars() expects parameter 1 to be string, array given (/home/tailieuk/public_html/webapp/libs/Strings.php:245)
Stack trace:
#0 /home/tailieuk/public_html/webapp/modules/tailieu/controllers/SearchController.php(35): SearchController->processKeyword()
#1 /home/tailieuk/public_html/systemlibs/web/actions/CInlineAction.php(49): SearchController->actionIndex()
#2 /home/tailieuk/public_html/systemlibs/web/CController.php(308): CInlineAction->runWithParams()
#3 /home/tailieuk/public_html/systemlibs/web/filters/CFilterChain.php(133): SearchController->runAction()
#4 /home/tailieuk/public_html/systemlibs/web/filters/CFilter.php(40): CFilterChain->run()
#5 /home/tailieuk/public_html/systemlibs/web/CController.php(1145): CAccessControlFilter->filter()
#6 /home/tailieuk/public_html/systemlibs/web/filters/CInlineFilter.php(58): SearchController->filterAccessControl()
#7 /home/tailieuk/public_html/systemlibs/web/filters/CFilterChain.php(130): CInlineFilter->filter()
#8 /home/tailieuk/public_html/systemlibs/web/CController.php(291): CFilterChain->run()
#9 /home/tailieuk/public_html/systemlibs/web/CController.php(265): SearchController->runActionWithFilters()
#10 /home/tailieuk/public_html/systemlibs/web/CWebApplication.php(282): SearchController->run()
#11 /home/tailieuk/public_html/systemlibs/web/CWebApplication.php(141): CWebApplication->runController()
#12 /home/tailieuk/public_html/systemlibs/base/CApplication.php(180): CWebApplication->processRequest()
#13 /home/tailieuk/public_html/index.php(14): CWebApplication->run()
REQUEST_URI=/tim-kiem/3d+l%C3%A1+m%C3%B9a+thu+model.html
2019/09/11 12:32:12 [error] [php] htmlspecialchars() expects parameter 1 to be string, array given (/home/tailieuk/public_html/webapp/libs/Strings.php:245)
Stack trace:
#0 /home/tailieuk/public_html/webapp/modules/tailieu/controllers/SearchController.php(35): SearchController->processKeyword()
#1 /home/tailieuk/public_html/systemlibs/web/actions/CInlineAction.php(49): SearchController->actionIndex()
#2 /home/tailieuk/public_html/systemlibs/web/CController.php(308): CInlineAction->runWithParams()
#3 /home/tailieuk/public_html/systemlibs/web/filters/CFilterChain.php(133): SearchController->runAction()
#4 /home/tailieuk/public_html/systemlibs/web/filters/CFilter.php(40): CFilterChain->run()
#5 /home/tailieuk/public_html/systemlibs/web/CController.php(1145): CAccessControlFilter->filter()
#6 /home/tailieuk/public_html/systemlibs/web/filters/CInlineFilter.php(58): SearchController->filterAccessControl()
#7 /home/tailieuk/public_html/systemlibs/web/filters/CFilterChain.php(130): CInlineFilter->filter()
#8 /home/tailieuk/public_html/systemlibs/web/CController.php(291): CFilterChain->run()
#9 /home/tailieuk/public_html/systemlibs/web/CController.php(265): SearchController->runActionWithFilters()
#10 /home/tailieuk/public_html/systemlibs/web/CWebApplication.php(282): SearchController->run()
#11 /home/tailieuk/public_html/systemlibs/web/CWebApplication.php(141): CWebApplication->runController()
#12 /home/tailieuk/public_html/systemlibs/base/CApplication.php(180): CWebApplication->processRequest()
#13 /home/tailieuk/public_html/index.php(14): CWebApplication->run()
REQUEST_URI=/tim-kiem/3d+lan+can.html
2019/09/11 12:32:15 [error] [php] htmlspecialchars() expects parameter 1 to be string, array given (/home/tailieuk/public_html/webapp/libs/Strings.php:245)
Stack trace:
#0 /home/tailieuk/public_html/webapp/modules/tailieu/controllers/SearchController.php(35): SearchController->processKeyword()
#1 /home/tailieuk/public_html/systemlibs/web/actions/CInlineAction.php(49): SearchController->actionIndex()
#2 /home/tailieuk/public_html/systemlibs/web/CController.php(308): CInlineAction->runWithParams()
#3 /home/tailieuk/public_html/systemlibs/web/filters/CFilterChain.php(133): SearchController->runAction()
#4 /home/tailieuk/public_html/systemlibs/web/filters/CFilter.php(40): CFilterChain->run()
#5 /home/tailieuk/public_html/systemlibs/web/CController.php(1145): CAccessControlFilter->filter()
#6 /home/tailieuk/public_html/systemlibs/web/filters/CInlineFilter.php(58): SearchController->filterAccessControl()
#7 /home/tailieuk/public_html/systemlibs/web/filters/CFilterChain.php(130): CInlineFilter->filter()
#8 /home/tailieuk/public_html/systemlibs/web/CController.php(291): CFilterChain->run()
#9 /home/tailieuk/public_html/systemlibs/web/CController.php(265): SearchController->runActionWithFilters()
#10 /home/tailieuk/public_html/systemlibs/web/CWebApplication.php(282): SearchController->run()
#11 /home/tailieuk/public_html/systemlibs/web/CWebApplication.php(141): CWebApplication->runController()
#12 /home/tailieuk/public_html/systemlibs/base/CApplication.php(180): CWebApplication->processRequest()
#13 /home/tailieuk/public_html/index.php(14): CWebApplication->run()
REQUEST_URI=/tim-kiem/3d+model+Building.html
2019/09/11 12:32:23 [error] [php] htmlspecialchars() expects parameter 1 to be string, array given (/home/tailieuk/public_html/webapp/libs/Strings.php:245)
Stack trace:
#0 /home/tailieuk/public_html/webapp/modules/tailieu/controllers/SearchController.php(35): SearchController->processKeyword()
#1 /home/tailieuk/public_html/systemlibs/web/actions/CInlineAction.php(49): SearchController->actionIndex()
#2 /home/tailieuk/public_html/systemlibs/web/CController.php(308): CInlineAction->runWithParams()
#3 /home/tailieuk/public_html/systemlibs/web/filters/CFilterChain.php(133): SearchController->runAction()
#4 /home/tailieuk/public_html/systemlibs/web/filters/CFilter.php(40): CFilterChain->run()
#5 /home/tailieuk/public_html/systemlibs/web/CController.php(1145): CAccessControlFilter->filter()
#6 /home/tailieuk/public_html/systemlibs/web/filters/CInlineFilter.php(58): SearchController->filterAccessControl()
#7 /home/tailieuk/public_html/systemlibs/web/filters/CFilterChain.php(130): CInlineFilter->filter()
#8 /home/tailieuk/public_html/systemlibs/web/CController.php(291): CFilterChain->run()
#9 /home/tailieuk/public_html/systemlibs/web/CController.php(265): SearchController->runActionWithFilters()
#10 /home/tailieuk/public_html/systemlibs/web/CWebApplication.php(282): SearchController->run()
#11 /home/tailieuk/public_html/systemlibs/web/CWebApplication.php(141): CWebApplication->runController()
#12 /home/tailieuk/public_html/systemlibs/base/CApplication.php(180): CWebApplication->processRequest()
#13 /home/tailieuk/public_html/index.php(14): CWebApplication->run()
REQUEST_URI=/tim-kiem/3d+model+G%C6%B0%C6%A1ng.html
2019/09/11 12:32:29 [error] [php] htmlspecialchars() expects parameter 1 to be string, array given (/home/tailieuk/public_html/webapp/libs/Strings.php:245)
Stack trace:
#0 /home/tailieuk/public_html/webapp/modules/tailieu/controllers/SearchController.php(35): SearchController->processKeyword()
#1 /home/tailieuk/public_html/systemlibs/web/actions/CInlineAction.php(49): SearchController->actionIndex()
#2 /home/tailieuk/public_html/systemlibs/web/CController.php(308): CInlineAction->runWithParams()
#3 /home/tailieuk/public_html/systemlibs/web/filters/CFilterChain.php(133): SearchController->runAction()
#4 /home/tailieuk/public_html/systemlibs/web/filters/CFilter.php(40): CFilterChain->run()
#5 /home/tailieuk/public_html/systemlibs/web/CController.php(1145): CAccessControlFilter->filter()
#6 /home/tailieuk/public_html/systemlibs/web/filters/CInlineFilter.php(58): SearchController->filterAccessControl()
#7 /home/tailieuk/public_html/systemlibs/web/filters/CFilterChain.php(130): CInlineFilter->filter()
#8 /home/tailieuk/public_html/systemlibs/web/CController.php(291): CFilterChain->run()
#9 /home/tailieuk/public_html/systemlibs/web/CController.php(265): SearchController->runActionWithFilters()
#10 /home/tailieuk/public_html/systemlibs/web/CWebApplication.php(282): SearchController->run()
#11 /home/tailieuk/public_html/systemlibs/web/CWebApplication.php(141): CWebApplication->runController()
#12 /home/tailieuk/public_html/systemlibs/base/CApplication.php(180): CWebApplication->processRequest()
#13 /home/tailieuk/public_html/index.php(14): CWebApplication->run()
REQUEST_URI=/tim-kiem/3d+model+People.html
2019/09/11 12:32:57 [error] [php] htmlspecialchars() expects parameter 1 to be string, array given (/home/tailieuk/public_html/webapp/libs/Strings.php:245)
Stack trace:
#0 /home/tailieuk/public_html/webapp/modules/tailieu/controllers/SearchController.php(35): SearchController->processKeyword()
#1 /home/tailieuk/public_html/systemlibs/web/actions/CInlineAction.php(49): SearchController->actionIndex()
#2 /home/tailieuk/public_html/systemlibs/web/CController.php(308): CInlineAction->runWithParams()
#3 /home/tailieuk/public_html/systemlibs/web/filters/CFilterChain.php(133): SearchController->runAction()
#4 /home/tailieuk/public_html/systemlibs/web/filters/CFilter.php(40): CFilterChain->run()
#5 /home/tailieuk/public_html/systemlibs/web/CController.php(1145): CAccessControlFilter->filter()
#6 /home/tailieuk/public_html/systemlibs/web/filters/CInlineFilter.php(58): SearchController->filterAccessControl()
#7 /home/tailieuk/public_html/systemlibs/web/filters/CFilterChain.php(130): CInlineFilter->filter()
#8 /home/tailieuk/public_html/systemlibs/web/CController.php(291): CFilterChain->run()
#9 /home/tailieuk/public_html/systemlibs/web/CController.php(265): SearchController->runActionWithFilters()
#10 /home/tailieuk/public_html/systemlibs/web/CWebApplication.php(282): SearchController->run()
#11 /home/tailieuk/public_html/systemlibs/web/CWebApplication.php(141): CWebApplication->runController()
#12 /home/tailieuk/public_html/systemlibs/base/CApplication.php(180): CWebApplication->processRequest()
#13 /home/tailieuk/public_html/index.php(14): CWebApplication->run()
REQUEST_URI=/tim-kiem/3d+model+Sketchup.html
2019/09/11 12:33:08 [error] [php] htmlspecialchars() expects parameter 1 to be string, array given (/home/tailieuk/public_html/webapp/libs/Strings.php:245)
Stack trace:
#0 /home/tailieuk/public_html/webapp/modules/tailieu/controllers/SearchController.php(35): SearchController->processKeyword()
#1 /home/tailieuk/public_html/systemlibs/web/actions/CInlineAction.php(49): SearchController->actionIndex()
#2 /home/tailieuk/public_html/systemlibs/web/CController.php(308): CInlineAction->runWithParams()
#3 /home/tailieuk/public_html/systemlibs/web/filters/CFilterChain.php(133): SearchController->runAction()
#4 /home/tailieuk/public_html/systemlibs/web/filters/CFilter.php(40): CFilterChain->run()
#5 /home/tailieuk/public_html/systemlibs/web/CController.php(1145): CAccessControlFilter->filter()
#6 /home/tailieuk/public_html/systemlibs/web/filters/CInlineFilter.php(58): SearchController->filterAccessControl()
#7 /home/tailieuk/public_html/systemlibs/web/filters/CFilterChain.php(130): CInlineFilter->filter()
#8 /home/tailieuk/public_html/systemlibs/web/CController.php(291): CFilterChain->run()
#9 /home/tailieuk/public_html/systemlibs/web/CController.php(265): SearchController->runActionWithFilters()
#10 /home/tailieuk/public_html/systemlibs/web/CWebApplication.php(282): SearchController->run()
#11 /home/tailieuk/public_html/systemlibs/web/CWebApplication.php(141): CWebApplication->runController()
#12 /home/tailieuk/public_html/systemlibs/base/CApplication.php(180): CWebApplication->processRequest()
#13 /home/tailieuk/public_html/index.php(14): CWebApplication->run()
REQUEST_URI=/tim-kiem/3d+model+c%E1%BB%ADa+g%E1%BB%97.html
2019/09/11 12:33:12 [error] [php] htmlspecialchars() expects parameter 1 to be string, array given (/home/tailieuk/public_html/webapp/libs/Strings.php:245)
Stack trace:
#0 /home/tailieuk/public_html/webapp/modules/tailieu/controllers/SearchController.php(35): SearchController->processKeyword()
#1 /home/tailieuk/public_html/systemlibs/web/actions/CInlineAction.php(49): SearchController->actionIndex()
#2 /home/tailieuk/public_html/systemlibs/web/CController.php(308): CInlineAction->runWithParams()
#3 /home/tailieuk/public_html/systemlibs/web/filters/CFilterChain.php(133): SearchController->runAction()
#4 /home/tailieuk/public_html/systemlibs/web/filters/CFilter.php(40): CFilterChain->run()
#5 /home/tailieuk/public_html/systemlibs/web/CController.php(1145): CAccessControlFilter->filter()
#6 /home/tailieuk/public_html/systemlibs/web/filters/CInlineFilter.php(58): SearchController->filterAccessControl()
#7 /home/tailieuk/public_html/systemlibs/web/filters/CFilterChain.php(130): CInlineFilter->filter()
#8 /home/tailieuk/public_html/systemlibs/web/CController.php(291): CFilterChain->run()
#9 /home/tailieuk/public_html/systemlibs/web/CController.php(265): SearchController->runActionWithFilters()
#10 /home/tailieuk/public_html/systemlibs/web/CWebApplication.php(282): SearchController->run()
#11 /home/tailieuk/public_html/systemlibs/web/CWebApplication.php(141): CWebApplication->runController()
#12 /home/tailieuk/public_html/systemlibs/base/CApplication.php(180): CWebApplication->processRequest()
#13 /home/tailieuk/public_html/index.php(14): CWebApplication->run()
REQUEST_URI=/tim-kiem/3d+model+china.html
2019/09/11 12:33:21 [error] [php] htmlspecialchars() expects parameter 1 to be string, array given (/home/tailieuk/public_html/webapp/libs/Strings.php:245)
Stack trace:
#0 /home/tailieuk/public_html/webapp/modules/tailieu/controllers/SearchController.php(35): SearchController->processKeyword()
#1 /home/tailieuk/public_html/systemlibs/web/actions/CInlineAction.php(49): SearchController->actionIndex()
#2 /home/tailieuk/public_html/systemlibs/web/CController.php(308): CInlineAction->runWithParams()
#3 /home/tailieuk/public_html/systemlibs/web/filters/CFilterChain.php(133): SearchController->runAction()
#4 /home/tailieuk/public_html/systemlibs/web/filters/CFilter.php(40): CFilterChain->run()
#5 /home/tailieuk/public_html/systemlibs/web/CController.php(1145): CAccessControlFilter->filter()
#6 /home/tailieuk/public_html/systemlibs/web/filters/CInlineFilter.php(58): SearchController->filterAccessControl()
#7 /home/tailieuk/public_html/systemlibs/web/filters/CFilterChain.php(130): CInlineFilter->filter()
#8 /home/tailieuk/public_html/systemlibs/web/CController.php(291): CFilterChain->run()
#9 /home/tailieuk/public_html/systemlibs/web/CController.php(265): SearchController->runActionWithFilters()
#10 /home/tailieuk/public_html/systemlibs/web/CWebApplication.php(282): SearchController->run()
#11 /home/tailieuk/public_html/systemlibs/web/CWebApplication.php(141): CWebApplication->runController()
#12 /home/tailieuk/public_html/systemlibs/base/CApplication.php(180): CWebApplication->processRequest()
#13 /home/tailieuk/public_html/index.php(14): CWebApplication->run()
REQUEST_URI=/tim-kiem/3d+model+con+ti%E1%BB%87n.html
2019/09/11 12:33:33 [error] [php] htmlspecialchars() expects parameter 1 to be string, array given (/home/tailieuk/public_html/webapp/libs/Strings.php:245)
Stack trace:
#0 /home/tailieuk/public_html/webapp/modules/tailieu/controllers/SearchController.php(35): SearchController->processKeyword()
#1 /home/tailieuk/public_html/systemlibs/web/actions/CInlineAction.php(49): SearchController->actionIndex()
#2 /home/tailieuk/public_html/systemlibs/web/CController.php(308): CInlineAction->runWithParams()
#3 /home/tailieuk/public_html/systemlibs/web/filters/CFilterChain.php(133): SearchController->runAction()
#4 /home/tailieuk/public_html/systemlibs/web/filters/CFilter.php(40): CFilterChain->run()
#5 /home/tailieuk/public_html/systemlibs/web/CController.php(1145): CAccessControlFilter->filter()
#6 /home/tailieuk/public_html/systemlibs/web/filters/CInlineFilter.php(58): SearchController->filterAccessControl()
#7 /home/tailieuk/public_html/systemlibs/web/filters/CFilterChain.php(130): CInlineFilter->filter()
#8 /home/tailieuk/public_html/systemlibs/web/CController.php(291): CFilterChain->run()
#9 /home/tailieuk/public_html/systemlibs/web/CController.php(265): SearchController->runActionWithFilters()
#10 /home/tailieuk/public_html/systemlibs/web/CWebApplication.php(282): SearchController->run()
#11 /home/tailieuk/public_html/systemlibs/web/CWebApplication.php(141): CWebApplication->runController()
#12 /home/tailieuk/public_html/systemlibs/base/CApplication.php(180): CWebApplication->processRequest()
#13 /home/tailieuk/public_html/index.php(14): CWebApplication->run()
REQUEST_URI=/tim-kiem/3d+model+container+house.html
2019/09/11 12:33:42 [error] [php] htmlspecialchars() expects parameter 1 to be string, array given (/home/tailieuk/public_html/webapp/libs/Strings.php:245)
Stack trace:
#0 /home/tailieuk/public_html/webapp/modules/tailieu/controllers/SearchController.php(35): SearchController->processKeyword()
#1 /home/tailieuk/public_html/systemlibs/web/actions/CInlineAction.php(49): SearchController->actionIndex()
#2 /home/tailieuk/public_html/systemlibs/web/CController.php(308): CInlineAction->runWithParams()
#3 /home/tailieuk/public_html/systemlibs/web/filters/CFilterChain.php(133): SearchController->runAction()
#4 /home/tailieuk/public_html/systemlibs/web/filters/CFilter.php(40): CFilterChain->run()
#5 /home/tailieuk/public_html/systemlibs/web/CController.php(1145): CAccessControlFilter->filter()
#6 /home/tailieuk/public_html/systemlibs/web/filters/CInlineFilter.php(58): SearchController->filterAccessControl()
#7 /home/tailieuk/public_html/systemlibs/web/filters/CFilterChain.php(130): CInlineFilter->filter()
#8 /home/tailieuk/public_html/systemlibs/web/CController.php(291): CFilterChain->run()
#9 /home/tailieuk/public_html/systemlibs/web/CController.php(265): SearchController->runActionWithFilters()
#10 /home/tailieuk/public_html/systemlibs/web/CWebApplication.php(282): SearchController->run()
#11 /home/tailieuk/public_html/systemlibs/web/CWebApplication.php(141): CWebApplication->runController()
#12 /home/tailieuk/public_html/systemlibs/base/CApplication.php(180): CWebApplication->processRequest()
#13 /home/tailieuk/public_html/index.php(14): CWebApplication->run()
REQUEST_URI=/tim-kiem/3d+model+kids.html
2019/09/11 12:33:43 [error] [exception.CHttpException.404] CHttpException: Unable to resolve the request "robots.txt". in /home/tailieuk/public_html/systemlibs/web/CWebApplication.php:286
Stack trace:
#0 /home/tailieuk/public_html/systemlibs/web/CWebApplication.php(141): CWebApplication->runController('robots.txt')
#1 /home/tailieuk/public_html/systemlibs/base/CApplication.php(180): CWebApplication->processRequest()
#2 /home/tailieuk/public_html/index.php(14): CApplication->run()
#3 {main}
REQUEST_URI=/robots.txt
---
2019/09/11 12:33:53 [error] [php] htmlspecialchars() expects parameter 1 to be string, array given (/home/tailieuk/public_html/webapp/libs/Strings.php:245)
Stack trace:
#0 /home/tailieuk/public_html/webapp/modules/tailieu/controllers/SearchController.php(35): SearchController->processKeyword()
#1 /home/tailieuk/public_html/systemlibs/web/actions/CInlineAction.php(49): SearchController->actionIndex()
#2 /home/tailieuk/public_html/systemlibs/web/CController.php(308): CInlineAction->runWithParams()
#3 /home/tailieuk/public_html/systemlibs/web/filters/CFilterChain.php(133): SearchController->runAction()
#4 /home/tailieuk/public_html/systemlibs/web/filters/CFilter.php(40): CFilterChain->run()
#5 /home/tailieuk/public_html/systemlibs/web/CController.php(1145): CAccessControlFilter->filter()
#6 /home/tailieuk/public_html/systemlibs/web/filters/CInlineFilter.php(58): SearchController->filterAccessControl()
#7 /home/tailieuk/public_html/systemlibs/web/filters/CFilterChain.php(130): CInlineFilter->filter()
#8 /home/tailieuk/public_html/systemlibs/web/CController.php(291): CFilterChain->run()
#9 /home/tailieuk/public_html/systemlibs/web/CController.php(265): SearchController->runActionWithFilters()
#10 /home/tailieuk/public_html/systemlibs/web/CWebApplication.php(282): SearchController->run()
#11 /home/tailieuk/public_html/systemlibs/web/CWebApplication.php(141): CWebApplication->runController()
#12 /home/tailieuk/public_html/systemlibs/base/CApplication.php(180): CWebApplication->processRequest()
#13 /home/tailieuk/public_html/index.php(14): CWebApplication->run()
REQUEST_URI=/tim-kiem/3d+model+l%E1%BB%8D+hoa.html
2019/09/11 12:33:58 [error] [php] htmlspecialchars() expects parameter 1 to be string, array given (/home/tailieuk/public_html/webapp/libs/Strings.php:245)
Stack trace:
#0 /home/tailieuk/public_html/webapp/modules/tailieu/controllers/SearchController.php(35): SearchController->processKeyword()
#1 /home/tailieuk/public_html/systemlibs/web/actions/CInlineAction.php(49): SearchController->actionIndex()
#2 /home/tailieuk/public_html/systemlibs/web/CController.php(308): CInlineAction->runWithParams()
#3 /home/tailieuk/public_html/systemlibs/web/filters/CFilterChain.php(133): SearchController->runAction()
#4 /home/tailieuk/public_html/systemlibs/web/filters/CFilter.php(40): CFilterChain->run()
#5 /home/tailieuk/public_html/systemlibs/web/CController.php(1145): CAccessControlFilter->filter()
#6 /home/tailieuk/public_html/systemlibs/web/filters/CInlineFilter.php(58): SearchController->filterAccessControl()
#7 /home/tailieuk/public_html/systemlibs/web/filters/CFilterChain.php(130): CInlineFilter->filter()
#8 /home/tailieuk/public_html/systemlibs/web/CController.php(291): CFilterChain->run()
#9 /home/tailieuk/public_html/systemlibs/web/CController.php(265): SearchController->runActionWithFilters()
#10 /home/tailieuk/public_html/systemlibs/web/CWebApplication.php(282): SearchController->run()
#11 /home/tailieuk/public_html/systemlibs/web/CWebApplication.php(141): CWebApplication->runController()
#12 /home/tailieuk/public_html/systemlibs/base/CApplication.php(180): CWebApplication->processRequest()
#13 /home/tailieuk/public_html/index.php(14): CWebApplication->run()
REQUEST_URI=/tim-kiem/3d+model+ph%C3%A0o+ch%E1%BB%89.html
2019/09/11 12:34:04 [error] [php] htmlspecialchars() expects parameter 1 to be string, array given (/home/tailieuk/public_html/webapp/libs/Strings.php:245)
Stack trace:
#0 /home/tailieuk/public_html/webapp/modules/tailieu/controllers/SearchController.php(35): SearchController->processKeyword()
#1 /home/tailieuk/public_html/systemlibs/web/actions/CInlineAction.php(49): SearchController->actionIndex()
#2 /home/tailieuk/public_html/systemlibs/web/CController.php(308): CInlineAction->runWithParams()
#3 /home/tailieuk/public_html/systemlibs/web/filters/CFilterChain.php(133): SearchController->runAction()
#4 /home/tailieuk/public_html/systemlibs/web/filters/CFilter.php(40): CFilterChain->run()
#5 /home/tailieuk/public_html/systemlibs/web/CController.php(1145): CAccessControlFilter->filter()
#6 /home/tailieuk/public_html/systemlibs/web/filters/CInlineFilter.php(58): SearchController->filterAccessControl()
#7 /home/tailieuk/public_html/systemlibs/web/filters/CFilterChain.php(130): CInlineFilter->filter()
#8 /home/tailieuk/public_html/systemlibs/web/CController.php(291): CFilterChain->run()
#9 /home/tailieuk/public_html/systemlibs/web/CController.php(265): SearchController->runActionWithFilters()
#10 /home/tailieuk/public_html/systemlibs/web/CWebApplication.php(282): SearchController->run()
#11 /home/tailieuk/public_html/systemlibs/web/CWebApplication.php(141): CWebApplication->runController()
#12 /home/tailieuk/public_html/systemlibs/base/CApplication.php(180): CWebApplication->processRequest()
#13 /home/tailieuk/public_html/index.php(14): CWebApplication->run()
REQUEST_URI=/tim-kiem/3d+model+sketchup.html
2019/09/11 12:34:13 [error] [php] htmlspecialchars() expects parameter 1 to be string, array given (/home/tailieuk/public_html/webapp/libs/Strings.php:245)
Stack trace:
#0 /home/tailieuk/public_html/webapp/modules/tailieu/controllers/SearchController.php(35): SearchController->processKeyword()
#1 /home/tailieuk/public_html/systemlibs/web/actions/CInlineAction.php(49): SearchController->actionIndex()
#2 /home/tailieuk/public_html/systemlibs/web/CController.php(308): CInlineAction->runWithParams()
#3 /home/tailieuk/public_html/systemlibs/web/filters/CFilterChain.php(133): SearchController->runAction()
#4 /home/tailieuk/public_html/systemlibs/web/filters/CFilter.php(40): CFilterChain->run()
#5 /home/tailieuk/public_html/systemlibs/web/CController.php(1145): CAccessControlFilter->filter()
#6 /home/tailieuk/public_html/systemlibs/web/filters/CInlineFilter.php(58): SearchController->filterAccessControl()
#7 /home/tailieuk/public_html/systemlibs/web/filters/CFilterChain.php(130): CInlineFilter->filter()
#8 /home/tailieuk/public_html/systemlibs/web/CController.php(291): CFilterChain->run()
#9 /home/tailieuk/public_html/systemlibs/web/CController.php(265): SearchController->runActionWithFilters()
#10 /home/tailieuk/public_html/systemlibs/web/CWebApplication.php(282): SearchController->run()
#11 /home/tailieuk/public_html/systemlibs/web/CWebApplication.php(141): CWebApplication->runController()
#12 /home/tailieuk/public_html/systemlibs/base/CApplication.php(180): CWebApplication->processRequest()
#13 /home/tailieuk/public_html/index.php(14): CWebApplication->run()
REQUEST_URI=/tim-kiem/3d+model+sketup.html
2019/09/11 12:34:20 [error] [php] htmlspecialchars() expects parameter 1 to be string, array given (/home/tailieuk/public_html/webapp/libs/Strings.php:245)
Stack trace:
#0 /home/tailieuk/public_html/webapp/modules/tailieu/controllers/SearchController.php(35): SearchController->processKeyword()
#1 /home/tailieuk/public_html/systemlibs/web/actions/CInlineAction.php(49): SearchController->actionIndex()
#2 /home/tailieuk/public_html/systemlibs/web/CController.php(308): CInlineAction->runWithParams()
#3 /home/tailieuk/public_html/systemlibs/web/filters/CFilterChain.php(133): SearchController->runAction()
#4 /home/tailieuk/public_html/systemlibs/web/filters/CFilter.php(40): CFilterChain->run()
#5 /home/tailieuk/public_html/systemlibs/web/CController.php(1145): CAccessControlFilter->filter()
#6 /home/tailieuk/public_html/systemlibs/web/filters/CInlineFilter.php(58): SearchController->filterAccessControl()
#7 /home/tailieuk/public_html/systemlibs/web/filters/CFilterChain.php(130): CInlineFilter->filter()
#8 /home/tailieuk/public_html/systemlibs/web/CController.php(291): CFilterChain->run()
#9 /home/tailieuk/public_html/systemlibs/web/CController.php(265): SearchController->runActionWithFilters()
#10 /home/tailieuk/public_html/systemlibs/web/CWebApplication.php(282): SearchController->run()
#11 /home/tailieuk/public_html/systemlibs/web/CWebApplication.php(141): CWebApplication->runController()
#12 /home/tailieuk/public_html/systemlibs/base/CApplication.php(180): CWebApplication->processRequest()
#13 /home/tailieuk/public_html/index.php(14): CWebApplication->run()
REQUEST_URI=/tim-kiem/3d+model+t%C3%A2n+c%E1%BB%95+%C4%91i%E1%BB%83n.html
2019/09/11 12:34:31 [error] [php] htmlspecialchars() expects parameter 1 to be string, array given (/home/tailieuk/public_html/webapp/libs/Strings.php:245)
Stack trace:
#0 /home/tailieuk/public_html/webapp/modules/tailieu/controllers/SearchController.php(35): SearchController->processKeyword()
#1 /home/tailieuk/public_html/systemlibs/web/actions/CInlineAction.php(49): SearchController->actionIndex()
#2 /home/tailieuk/public_html/systemlibs/web/CController.php(308): CInlineAction->runWithParams()
#3 /home/tailieuk/public_html/systemlibs/web/filters/CFilterChain.php(133): SearchController->runAction()
#4 /home/tailieuk/public_html/systemlibs/web/filters/CFilter.php(40): CFilterChain->run()
#5 /home/tailieuk/public_html/systemlibs/web/CController.php(1145): CAccessControlFilter->filter()
#6 /home/tailieuk/public_html/systemlibs/web/filters/CInlineFilter.php(58): SearchController->filterAccessControl()
#7 /home/tailieuk/public_html/systemlibs/web/filters/CFilterChain.php(130): CInlineFilter->filter()
#8 /home/tailieuk/public_html/systemlibs/web/CController.php(291): CFilterChain->run()
#9 /home/tailieuk/public_html/systemlibs/web/CController.php(265): SearchController->runActionWithFilters()
#10 /home/tailieuk/public_html/systemlibs/web/CWebApplication.php(282): SearchController->run()
#11 /home/tailieuk/public_html/systemlibs/web/CWebApplication.php(141): CWebApplication->runController()
#12 /home/tailieuk/public_html/systemlibs/base/CApplication.php(180): CWebApplication->processRequest()
#13 /home/tailieuk/public_html/index.php(14): CWebApplication->run()
REQUEST_URI=/tim-kiem/3d+model+t%C6%B0%E1%BB%A3ng+ch%C3%A2u+%C3%A1.html
2019/09/11 12:34:54 [error] [php] htmlspecialchars() expects parameter 1 to be string, array given (/home/tailieuk/public_html/webapp/libs/Strings.php:245)
Stack trace:
#0 /home/tailieuk/public_html/webapp/modules/tailieu/controllers/SearchController.php(35): SearchController->processKeyword()
#1 /home/tailieuk/public_html/systemlibs/web/actions/CInlineAction.php(49): SearchController->actionIndex()
#2 /home/tailieuk/public_html/systemlibs/web/CController.php(308): CInlineAction->runWithParams()
#3 /home/tailieuk/public_html/systemlibs/web/filters/CFilterChain.php(133): SearchController->runAction()
#4 /home/tailieuk/public_html/systemlibs/web/filters/CFilter.php(40): CFilterChain->run()
#5 /home/tailieuk/public_html/systemlibs/web/CController.php(1145): CAccessControlFilter->filter()
#6 /home/tailieuk/public_html/systemlibs/web/filters/CInlineFilter.php(58): SearchController->filterAccessControl()
#7 /home/tailieuk/public_html/systemlibs/web/filters/CFilterChain.php(130): CInlineFilter->filter()
#8 /home/tailieuk/public_html/systemlibs/web/CController.php(291): CFilterChain->run()
#9 /home/tailieuk/public_html/systemlibs/web/CController.php(265): SearchController->runActionWithFilters()
#10 /home/tailieuk/public_html/systemlibs/web/CWebApplication.php(282): SearchController->run()
#11 /home/tailieuk/public_html/systemlibs/web/CWebApplication.php(141): CWebApplication->runController()
#12 /home/tailieuk/public_html/systemlibs/base/CApplication.php(180): CWebApplication->processRequest()
#13 /home/tailieuk/public_html/index.php(14): CWebApplication->run()
REQUEST_URI=/tim-kiem/3d+model+t%C6%B0%E1%BB%A3ng.html
2019/09/11 12:34:59 [error] [php] htmlspecialchars() expects parameter 1 to be string, array given (/home/tailieuk/public_html/webapp/libs/Strings.php:245)
Stack trace:
#0 /home/tailieuk/public_html/webapp/modules/tailieu/controllers/SearchController.php(35): SearchController->processKeyword()
#1 /home/tailieuk/public_html/systemlibs/web/actions/CInlineAction.php(49): SearchController->actionIndex()
#2 /home/tailieuk/public_html/systemlibs/web/CController.php(308): CInlineAction->runWithParams()
#3 /home/tailieuk/public_html/systemlibs/web/filters/CFilterChain.php(133): SearchController->runAction()
#4 /home/tailieuk/public_html/systemlibs/web/filters/CFilter.php(40): CFilterChain->run()
#5 /home/tailieuk/public_html/systemlibs/web/CController.php(1145): CAccessControlFilter->filter()
#6 /home/tailieuk/public_html/systemlibs/web/filters/CInlineFilter.php(58): SearchController->filterAccessControl()
#7 /home/tailieuk/public_html/systemlibs/web/filters/CFilterChain.php(130): CInlineFilter->filter()
#8 /home/tailieuk/public_html/systemlibs/web/CController.php(291): CFilterChain->run()
#9 /home/tailieuk/public_html/systemlibs/web/CController.php(265): SearchController->runActionWithFilters()
#10 /home/tailieuk/public_html/systemlibs/web/CWebApplication.php(282): SearchController->run()
#11 /home/tailieuk/public_html/systemlibs/web/CWebApplication.php(141): CWebApplication->runController()
#12 /home/tailieuk/public_html/systemlibs/base/CApplication.php(180): CWebApplication->processRequest()
#13 /home/tailieuk/public_html/index.php(14): CWebApplication->run()
REQUEST_URI=/tim-kiem/3d+model+thang.html
2019/09/11 12:35:05 [error] [php] htmlspecialchars() expects parameter 1 to be string, array given (/home/tailieuk/public_html/webapp/libs/Strings.php:245)
Stack trace:
#0 /home/tailieuk/public_html/webapp/modules/tailieu/controllers/SearchController.php(35): SearchController->processKeyword()
#1 /home/tailieuk/public_html/systemlibs/web/actions/CInlineAction.php(49): SearchController->actionIndex()
#2 /home/tailieuk/public_html/systemlibs/web/CController.php(308): CInlineAction->runWithParams()
#3 /home/tailieuk/public_html/systemlibs/web/filters/CFilterChain.php(133): SearchController->runAction()
#4 /home/tailieuk/public_html/systemlibs/web/filters/CFilter.php(40): CFilterChain->run()
#5 /home/tailieuk/public_html/systemlibs/web/CController.php(1145): CAccessControlFilter->filter()
#6 /home/tailieuk/public_html/systemlibs/web/filters/CInlineFilter.php(58): SearchController->filterAccessControl()
#7 /home/tailieuk/public_html/systemlibs/web/filters/CFilterChain.php(130): CInlineFilter->filter()
#8 /home/tailieuk/public_html/systemlibs/web/CController.php(291): CFilterChain->run()
#9 /home/tailieuk/public_html/systemlibs/web/CController.php(265): SearchController->runActionWithFilters()
#10 /home/tailieuk/public_html/systemlibs/web/CWebApplication.php(282): SearchController->run()
#11 /home/tailieuk/public_html/systemlibs/web/CWebApplication.php(141): CWebApplication->runController()
#12 /home/tailieuk/public_html/systemlibs/base/CApplication.php(180): CWebApplication->processRequest()
#13 /home/tailieuk/public_html/index.php(14): CWebApplication->run()
REQUEST_URI=/tim-kiem/3d+model+v%E1%BA%ADt+trang+tr%C3%AD.html
2019/09/11 12:35:16 [error] [php] htmlspecialchars() expects parameter 1 to be string, array given (/home/tailieuk/public_html/webapp/libs/Strings.php:245)
Stack trace:
#0 /home/tailieuk/public_html/webapp/modules/tailieu/controllers/SearchController.php(35): SearchController->processKeyword()
#1 /home/tailieuk/public_html/systemlibs/web/actions/CInlineAction.php(49): SearchController->actionIndex()
#2 /home/tailieuk/public_html/systemlibs/web/CController.php(308): CInlineAction->runWithParams()
#3 /home/tailieuk/public_html/systemlibs/web/filters/CFilterChain.php(133): SearchController->runAction()
#4 /home/tailieuk/public_html/systemlibs/web/filters/CFilter.php(40): CFilterChain->run()
#5 /home/tailieuk/public_html/systemlibs/web/CController.php(1145): CAccessControlFilter->filter()
#6 /home/tailieuk/public_html/systemlibs/web/filters/CInlineFilter.php(58): SearchController->filterAccessControl()
#7 /home/tailieuk/public_html/systemlibs/web/filters/CFilterChain.php(130): CInlineFilter->filter()
#8 /home/tailieuk/public_html/systemlibs/web/CController.php(291): CFilterChain->run()
#9 /home/tailieuk/public_html/systemlibs/web/CController.php(265): SearchController->runActionWithFilters()
#10 /home/tailieuk/public_html/systemlibs/web/CWebApplication.php(282): SearchController->run()
#11 /home/tailieuk/public_html/systemlibs/web/CWebApplication.php(141): CWebApplication->runController()
#12 /home/tailieuk/public_html/systemlibs/base/CApplication.php(180): CWebApplication->processRequest()
#13 /home/tailieuk/public_html/index.php(14): CWebApplication->run()
REQUEST_URI=/tim-kiem/3d+model+x%C3%B4ng+h%C6%A1i1.html
2019/09/11 12:35:23 [error] [php] htmlspecialchars() expects parameter 1 to be string, array given (/home/tailieuk/public_html/webapp/libs/Strings.php:245)
Stack trace:
#0 /home/tailieuk/public_html/webapp/modules/tailieu/controllers/SearchController.php(35): SearchController->processKeyword()
#1 /home/tailieuk/public_html/systemlibs/web/actions/CInlineAction.php(49): SearchController->actionIndex()
#2 /home/tailieuk/public_html/systemlibs/web/CController.php(308): CInlineAction->runWithParams()
#3 /home/tailieuk/public_html/systemlibs/web/filters/CFilterChain.php(133): SearchController->runAction()
#4 /home/tailieuk/public_html/systemlibs/web/filters/CFilter.php(40): CFilterChain->run()
#5 /home/tailieuk/public_html/systemlibs/web/CController.php(1145): CAccessControlFilter->filter()
#6 /home/tailieuk/public_html/systemlibs/web/filters/CInlineFilter.php(58): SearchController->filterAccessControl()
#7 /home/tailieuk/public_html/systemlibs/web/filters/CFilterChain.php(130): CInlineFilter->filter()
#8 /home/tailieuk/public_html/systemlibs/web/CController.php(291): CFilterChain->run()
#9 /home/tailieuk/public_html/systemlibs/web/CController.php(265): SearchController->runActionWithFilters()
#10 /home/tailieuk/public_html/systemlibs/web/CWebApplication.php(282): SearchController->run()
#11 /home/tailieuk/public_html/systemlibs/web/CWebApplication.php(141): CWebApplication->runController()
#12 /home/tailieuk/public_html/systemlibs/base/CApplication.php(180): CWebApplication->processRequest()
#13 /home/tailieuk/public_html/index.php(14): CWebApplication->run()
REQUEST_URI=/tim-kiem/3d+ng%C6%B0%E1%BB%9Di+kh%E1%BB%91i+v%C4%83n+ph%C3%B2ng.html
2019/09/11 12:35:27 [error] [php] htmlspecialchars() expects parameter 1 to be string, array given (/home/tailieuk/public_html/webapp/libs/Strings.php:245)
Stack trace:
#0 /home/tailieuk/public_html/webapp/modules/tailieu/controllers/SearchController.php(35): SearchController->processKeyword()
#1 /home/tailieuk/public_html/systemlibs/web/actions/CInlineAction.php(49): SearchController->actionIndex()
#2 /home/tailieuk/public_html/systemlibs/web/CController.php(308): CInlineAction->runWithParams()
#3 /home/tailieuk/public_html/systemlibs/web/filters/CFilterChain.php(133): SearchController->runAction()
#4 /home/tailieuk/public_html/systemlibs/web/filters/CFilter.php(40): CFilterChain->run()
#5 /home/tailieuk/public_html/systemlibs/web/CController.php(1145): CAccessControlFilter->filter()
#6 /home/tailieuk/public_html/systemlibs/web/filters/CInlineFilter.php(58): SearchController->filterAccessControl()
#7 /home/tailieuk/public_html/systemlibs/web/filters/CFilterChain.php(130): CInlineFilter->filter()
#8 /home/tailieuk/public_html/systemlibs/web/CController.php(291): CFilterChain->run()
#9 /home/tailieuk/public_html/systemlibs/web/CController.php(265): SearchController->runActionWithFilters()
#10 /home/tailieuk/public_html/systemlibs/web/CWebApplication.php(282): SearchController->run()
#11 /home/tailieuk/public_html/systemlibs/web/CWebApplication.php(141): CWebApplication->runController()
#12 /home/tailieuk/public_html/systemlibs/base/CApplication.php(180): CWebApplication->processRequest()
#13 /home/tailieuk/public_html/index.php(14): CWebApplication->run()
REQUEST_URI=/tim-kiem/3d+ng%C6%B0%E1%BB%9Di+m%E1%BA%ABu+n%E1%BB%AF.html
2019/09/11 12:35:39 [error] [php] htmlspecialchars() expects parameter 1 to be string, array given (/home/tailieuk/public_html/webapp/libs/Strings.php:245)
Stack trace:
#0 /home/tailieuk/public_html/webapp/modules/tailieu/controllers/SearchController.php(35): SearchController->processKeyword()
#1 /home/tailieuk/public_html/systemlibs/web/actions/CInlineAction.php(49): SearchController->actionIndex()
#2 /home/tailieuk/public_html/systemlibs/web/CController.php(308): CInlineAction->runWithParams()
#3 /home/tailieuk/public_html/systemlibs/web/filters/CFilterChain.php(133): SearchController->runAction()
#4 /home/tailieuk/public_html/systemlibs/web/filters/CFilter.php(40): CFilterChain->run()
#5 /home/tailieuk/public_html/systemlibs/web/CController.php(1145): CAccessControlFilter->filter()
#6 /home/tailieuk/public_html/systemlibs/web/filters/CInlineFilter.php(58): SearchController->filterAccessControl()
#7 /home/tailieuk/public_html/systemlibs/web/filters/CFilterChain.php(130): CInlineFilter->filter()
#8 /home/tailieuk/public_html/systemlibs/web/CController.php(291): CFilterChain->run()
#9 /home/tailieuk/public_html/systemlibs/web/CController.php(265): SearchController->runActionWithFilters()
#10 /home/tailieuk/public_html/systemlibs/web/CWebApplication.php(282): SearchController->run()
#11 /home/tailieuk/public_html/systemlibs/web/CWebApplication.php(141): CWebApplication->runController()
#12 /home/tailieuk/public_html/systemlibs/base/CApplication.php(180): CWebApplication->processRequest()
#13 /home/tailieuk/public_html/index.php(14): CWebApplication->run()
REQUEST_URI=/tim-kiem/3d+qu%E1%BA%A1t+tr%E1%BA%A7n+c%C3%A1c+lo%E1%BA%A1i.html
2019/09/11 12:35:56 [error] [php] htmlspecialchars() expects parameter 1 to be string, array given (/home/tailieuk/public_html/webapp/libs/Strings.php:245)
Stack trace:
#0 /home/tailieuk/public_html/webapp/modules/tailieu/controllers/SearchController.php(35): SearchController->processKeyword()
#1 /home/tailieuk/public_html/systemlibs/web/actions/CInlineAction.php(49): SearchController->actionIndex()
#2 /home/tailieuk/public_html/systemlibs/web/CController.php(308): CInlineAction->runWithParams()
#3 /home/tailieuk/public_html/systemlibs/web/filters/CFilterChain.php(133): SearchController->runAction()
#4 /home/tailieuk/public_html/systemlibs/web/filters/CFilter.php(40): CFilterChain->run()
#5 /home/tailieuk/public_html/systemlibs/web/CController.php(1145): CAccessControlFilter->filter()
#6 /home/tailieuk/public_html/systemlibs/web/filters/CInlineFilter.php(58): SearchController->filterAccessControl()
#7 /home/tailieuk/public_html/systemlibs/web/filters/CFilterChain.php(130): CInlineFilter->filter()
#8 /home/tailieuk/public_html/systemlibs/web/CController.php(291): CFilterChain->run()
#9 /home/tailieuk/public_html/systemlibs/web/CController.php(265): SearchController->runActionWithFilters()
#10 /home/tailieuk/public_html/systemlibs/web/CWebApplication.php(282): SearchController->run()
#11 /home/tailieuk/public_html/systemlibs/web/CWebApplication.php(141): CWebApplication->runController()
#12 /home/tailieuk/public_html/systemlibs/base/CApplication.php(180): CWebApplication->processRequest()
#13 /home/tailieuk/public_html/index.php(14): CWebApplication->run()
REQUEST_URI=/tim-kiem/3d+sketchup+50+Model+BOOK+CASE.html
2019/09/11 12:36:02 [error] [php] htmlspecialchars() expects parameter 1 to be string, array given (/home/tailieuk/public_html/webapp/libs/Strings.php:245)
Stack trace:
#0 /home/tailieuk/public_html/webapp/modules/tailieu/controllers/SearchController.php(35): SearchController->processKeyword()
#1 /home/tailieuk/public_html/systemlibs/web/actions/CInlineAction.php(49): SearchController->actionIndex()
#2 /home/tailieuk/public_html/systemlibs/web/CController.php(308): CInlineAction->runWithParams()
#3 /home/tailieuk/public_html/systemlibs/web/filters/CFilterChain.php(133): SearchController->runAction()
#4 /home/tailieuk/public_html/systemlibs/web/filters/CFilter.php(40): CFilterChain->run()
#5 /home/tailieuk/public_html/systemlibs/web/CController.php(1145): CAccessControlFilter->filter()
#6 /home/tailieuk/public_html/systemlibs/web/filters/CInlineFilter.php(58): SearchController->filterAccessControl()
#7 /home/tailieuk/public_html/systemlibs/web/filters/CFilterChain.php(130): CInlineFilter->filter()
#8 /home/tailieuk/public_html/systemlibs/web/CController.php(291): CFilterChain->run()
#9 /home/tailieuk/public_html/systemlibs/web/CController.php(265): SearchController->runActionWithFilters()
#10 /home/tailieuk/public_html/systemlibs/web/CWebApplication.php(282): SearchController->run()
#11 /home/tailieuk/public_html/systemlibs/web/CWebApplication.php(141): CWebApplication->runController()
#12 /home/tailieuk/public_html/systemlibs/base/CApplication.php(180): CWebApplication->processRequest()
#13 /home/tailieuk/public_html/index.php(14): CWebApplication->run()
REQUEST_URI=/tim-kiem/3d+sketchup+gh%E1%BA%BF.html
2019/09/11 12:36:06 [error] [php] htmlspecialchars() expects parameter 1 to be string, array given (/home/tailieuk/public_html/webapp/libs/Strings.php:245)
Stack trace:
#0 /home/tailieuk/public_html/webapp/modules/tailieu/controllers/SearchController.php(35): SearchController->processKeyword()
#1 /home/tailieuk/public_html/systemlibs/web/actions/CInlineAction.php(49): SearchController->actionIndex()
#2 /home/tailieuk/public_html/systemlibs/web/CController.php(308): CInlineAction->runWithParams()
#3 /home/tailieuk/public_html/systemlibs/web/filters/CFilterChain.php(133): SearchController->runAction()
#4 /home/tailieuk/public_html/systemlibs/web/filters/CFilter.php(40): CFilterChain->run()
#5 /home/tailieuk/public_html/systemlibs/web/CController.php(1145): CAccessControlFilter->filter()
#6 /home/tailieuk/public_html/systemlibs/web/filters/CInlineFilter.php(58): SearchController->filterAccessControl()
#7 /home/tailieuk/public_html/systemlibs/web/filters/CFilterChain.php(130): CInlineFilter->filter()
#8 /home/tailieuk/public_html/systemlibs/web/CController.php(291): CFilterChain->run()
#9 /home/tailieuk/public_html/systemlibs/web/CController.php(265): SearchController->runActionWithFilters()
#10 /home/tailieuk/public_html/systemlibs/web/CWebApplication.php(282): SearchController->run()
#11 /home/tailieuk/public_html/systemlibs/web/CWebApplication.php(141): CWebApplication->runController()
#12 /home/tailieuk/public_html/systemlibs/base/CApplication.php(180): CWebApplication->processRequest()
#13 /home/tailieuk/public_html/index.php(14): CWebApplication->run()
REQUEST_URI=/tim-kiem/3d+sketchup+v%E1%BB%81+Qu%E1%BA%A7n+%C3%A1o.html
2019/09/11 12:36:15 [error] [php] htmlspecialchars() expects parameter 1 to be string, array given (/home/tailieuk/public_html/webapp/libs/Strings.php:245)
Stack trace:
#0 /home/tailieuk/public_html/webapp/modules/tailieu/controllers/SearchController.php(35): SearchController->processKeyword()
#1 /home/tailieuk/public_html/systemlibs/web/actions/CInlineAction.php(49): SearchController->actionIndex()
#2 /home/tailieuk/public_html/systemlibs/web/CController.php(308): CInlineAction->runWithParams()
#3 /home/tailieuk/public_html/systemlibs/web/filters/CFilterChain.php(133): SearchController->runAction()
#4 /home/tailieuk/public_html/systemlibs/web/filters/CFilter.php(40): CFilterChain->run()
#5 /home/tailieuk/public_html/systemlibs/web/CController.php(1145): CAccessControlFilter->filter()
#6 /home/tailieuk/public_html/systemlibs/web/filters/CInlineFilter.php(58): SearchController->filterAccessControl()
#7 /home/tailieuk/public_html/systemlibs/web/filters/CFilterChain.php(130): CInlineFilter->filter()
#8 /home/tailieuk/public_html/systemlibs/web/CController.php(291): CFilterChain->run()
#9 /home/tailieuk/public_html/systemlibs/web/CController.php(265): SearchController->runActionWithFilters()
#10 /home/tailieuk/public_html/systemlibs/web/CWebApplication.php(282): SearchController->run()
#11 /home/tailieuk/public_html/systemlibs/web/CWebApplication.php(141): CWebApplication->runController()
#12 /home/tailieuk/public_html/systemlibs/base/CApplication.php(180): CWebApplication->processRequest()
#13 /home/tailieuk/public_html/index.php(14): CWebApplication->run()
REQUEST_URI=/tim-kiem/3d+sketchup.html
2019/09/11 12:36:21 [error] [php] htmlspecialchars() expects parameter 1 to be string, array given (/home/tailieuk/public_html/webapp/libs/Strings.php:245)
Stack trace:
#0 /home/tailieuk/public_html/webapp/modules/tailieu/controllers/SearchController.php(35): SearchController->processKeyword()
#1 /home/tailieuk/public_html/systemlibs/web/actions/CInlineAction.php(49): SearchController->actionIndex()
#2 /home/tailieuk/public_html/systemlibs/web/CController.php(308): CInlineAction->runWithParams()
#3 /home/tailieuk/public_html/systemlibs/web/filters/CFilterChain.php(133): SearchController->runAction()
#4 /home/tailieuk/public_html/systemlibs/web/filters/CFilter.php(40): CFilterChain->run()
#5 /home/tailieuk/public_html/systemlibs/web/CController.php(1145): CAccessControlFilter->filter()
#6 /home/tailieuk/public_html/systemlibs/web/filters/CInlineFilter.php(58): SearchController->filterAccessControl()
#7 /home/tailieuk/public_html/systemlibs/web/filters/CFilterChain.php(130): CInlineFilter->filter()
#8 /home/tailieuk/public_html/systemlibs/web/CController.php(291): CFilterChain->run()
#9 /home/tailieuk/public_html/systemlibs/web/CController.php(265): SearchController->runActionWithFilters()
#10 /home/tailieuk/public_html/systemlibs/web/CWebApplication.php(282): SearchController->run()
#11 /home/tailieuk/public_html/systemlibs/web/CWebApplication.php(141): CWebApplication->runController()
#12 /home/tailieuk/public_html/systemlibs/base/CApplication.php(180): CWebApplication->processRequest()
#13 /home/tailieuk/public_html/index.php(14): CWebApplication->run()
REQUEST_URI=/tim-kiem/3d+sketup+model.html
2019/09/11 12:36:32 [error] [php] htmlspecialchars() expects parameter 1 to be string, array given (/home/tailieuk/public_html/webapp/libs/Strings.php:245)
Stack trace:
#0 /home/tailieuk/public_html/webapp/modules/tailieu/controllers/SearchController.php(35): SearchController->processKeyword()
#1 /home/tailieuk/public_html/systemlibs/web/actions/CInlineAction.php(49): SearchController->actionIndex()
#2 /home/tailieuk/public_html/systemlibs/web/CController.php(308): CInlineAction->runWithParams()
#3 /home/tailieuk/public_html/systemlibs/web/filters/CFilterChain.php(133): SearchController->runAction()
#4 /home/tailieuk/public_html/systemlibs/web/filters/CFilter.php(40): CFilterChain->run()
#5 /home/tailieuk/public_html/systemlibs/web/CController.php(1145): CAccessControlFilter->filter()
#6 /home/tailieuk/public_html/systemlibs/web/filters/CInlineFilter.php(58): SearchController->filterAccessControl()
#7 /home/tailieuk/public_html/systemlibs/web/filters/CFilterChain.php(130): CInlineFilter->filter()
#8 /home/tailieuk/public_html/systemlibs/web/CController.php(291): CFilterChain->run()
#9 /home/tailieuk/public_html/systemlibs/web/CController.php(265): SearchController->runActionWithFilters()
#10 /home/tailieuk/public_html/systemlibs/web/CWebApplication.php(282): SearchController->run()
#11 /home/tailieuk/public_html/systemlibs/web/CWebApplication.php(141): CWebApplication->runController()
#12 /home/tailieuk/public_html/systemlibs/base/CApplication.php(180): CWebApplication->processRequest()
#13 /home/tailieuk/public_html/index.php(14): CWebApplication->run()
REQUEST_URI=/tim-kiem/3d+sofa.html
2019/09/11 12:36:45 [error] [php] htmlspecialchars() expects parameter 1 to be string, array given (/home/tailieuk/public_html/webapp/libs/Strings.php:245)
Stack trace:
#0 /home/tailieuk/public_html/webapp/modules/tailieu/controllers/SearchController.php(35): SearchController->processKeyword()
#1 /home/tailieuk/public_html/systemlibs/web/actions/CInlineAction.php(49): SearchController->actionIndex()
#2 /home/tailieuk/public_html/systemlibs/web/CController.php(308): CInlineAction->runWithParams()
#3 /home/tailieuk/public_html/systemlibs/web/filters/CFilterChain.php(133): SearchController->runAction()
#4 /home/tailieuk/public_html/systemlibs/web/filters/CFilter.php(40): CFilterChain->run()
#5 /home/tailieuk/public_html/systemlibs/web/CController.php(1145): CAccessControlFilter->filter()
#6 /home/tailieuk/public_html/systemlibs/web/filters/CInlineFilter.php(58): SearchController->filterAccessControl()
#7 /home/tailieuk/public_html/systemlibs/web/filters/CFilterChain.php(130): CInlineFilter->filter()
#8 /home/tailieuk/public_html/systemlibs/web/CController.php(291): CFilterChain->run()
#9 /home/tailieuk/public_html/systemlibs/web/CController.php(265): SearchController->runActionWithFilters()
#10 /home/tailieuk/public_html/systemlibs/web/CWebApplication.php(282): SearchController->run()
#11 /home/tailieuk/public_html/systemlibs/web/CWebApplication.php(141): CWebApplication->runController()
#12 /home/tailieuk/public_html/systemlibs/base/CApplication.php(180): CWebApplication->processRequest()
#13 /home/tailieuk/public_html/index.php(14): CWebApplication->run()
REQUEST_URI=/tim-kiem/3d+t%C6%B0%E1%BB%A3ng+trang+tr%C3%AD.html
2019/09/11 12:36:47 [error] [php] htmlspecialchars() expects parameter 1 to be string, array given (/home/tailieuk/public_html/webapp/libs/Strings.php:245)
Stack trace:
#0 /home/tailieuk/public_html/webapp/modules/tailieu/controllers/SearchController.php(35): SearchController->processKeyword()
#1 /home/tailieuk/public_html/systemlibs/web/actions/CInlineAction.php(49): SearchController->actionIndex()
#2 /home/tailieuk/public_html/systemlibs/web/CController.php(308): CInlineAction->runWithParams()
#3 /home/tailieuk/public_html/systemlibs/web/filters/CFilterChain.php(133): SearchController->runAction()
#4 /home/tailieuk/public_html/systemlibs/web/filters/CFilter.php(40): CFilterChain->run()
#5 /home/tailieuk/public_html/systemlibs/web/CController.php(1145): CAccessControlFilter->filter()
#6 /home/tailieuk/public_html/systemlibs/web/filters/CInlineFilter.php(58): SearchController->filterAccessControl()
#7 /home/tailieuk/public_html/systemlibs/web/filters/CFilterChain.php(130): CInlineFilter->filter()
#8 /home/tailieuk/public_html/systemlibs/web/CController.php(291): CFilterChain->run()
#9 /home/tailieuk/public_html/systemlibs/web/CController.php(265): SearchController->runActionWithFilters()
#10 /home/tailieuk/public_html/systemlibs/web/CWebApplication.php(282): SearchController->run()
#11 /home/tailieuk/public_html/systemlibs/web/CWebApplication.php(141): CWebApplication->runController()
#12 /home/tailieuk/public_html/systemlibs/base/CApplication.php(180): CWebApplication->processRequest()
#13 /home/tailieuk/public_html/index.php(14): CWebApplication->run()
REQUEST_URI=/tim-kiem/3d+t%E1%BA%A7u+thuy%E1%BB%81n.html
2019/09/11 12:36:51 [error] [php] htmlspecialchars() expects parameter 1 to be string, array given (/home/tailieuk/public_html/webapp/libs/Strings.php:245)
Stack trace:
#0 /home/tailieuk/public_html/webapp/modules/tailieu/controllers/SearchController.php(35): SearchController->processKeyword()
#1 /home/tailieuk/public_html/systemlibs/web/actions/CInlineAction.php(49): SearchController->actionIndex()
#2 /home/tailieuk/public_html/systemlibs/web/CController.php(308): CInlineAction->runWithParams()
#3 /home/tailieuk/public_html/systemlibs/web/filters/CFilterChain.php(133): SearchController->runAction()
#4 /home/tailieuk/public_html/systemlibs/web/filters/CFilter.php(40): CFilterChain->run()
#5 /home/tailieuk/public_html/systemlibs/web/CController.php(1145): CAccessControlFilter->filter()
#6 /home/tailieuk/public_html/systemlibs/web/filters/CInlineFilter.php(58): SearchController->filterAccessControl()
#7 /home/tailieuk/public_html/systemlibs/web/filters/CFilterChain.php(130): CInlineFilter->filter()
#8 /home/tailieuk/public_html/systemlibs/web/CController.php(291): CFilterChain->run()
#9 /home/tailieuk/public_html/systemlibs/web/CController.php(265): SearchController->runActionWithFilters()
#10 /home/tailieuk/public_html/systemlibs/web/CWebApplication.php(282): SearchController->run()
#11 /home/tailieuk/public_html/systemlibs/web/CWebApplication.php(141): CWebApplication->runController()
#12 /home/tailieuk/public_html/systemlibs/base/CApplication.php(180): CWebApplication->processRequest()
#13 /home/tailieuk/public_html/index.php(14): CWebApplication->run()
REQUEST_URI=/tim-kiem/3d+t%E1%BB%A7+b%E1%BA%BFp+c%E1%BB%95+%C4%91i%E1%BB%83n.html
2019/09/11 12:36:58 [error] [php] htmlspecialchars() expects parameter 1 to be string, array given (/home/tailieuk/public_html/webapp/libs/Strings.php:245)
Stack trace:
#0 /home/tailieuk/public_html/webapp/modules/tailieu/controllers/SearchController.php(35): SearchController->processKeyword()
#1 /home/tailieuk/public_html/systemlibs/web/actions/CInlineAction.php(49): SearchController->actionIndex()
#2 /home/tailieuk/public_html/systemlibs/web/CController.php(308): CInlineAction->runWithParams()
#3 /home/tailieuk/public_html/systemlibs/web/filters/CFilterChain.php(133): SearchController->runAction()
#4 /home/tailieuk/public_html/systemlibs/web/filters/CFilter.php(40): CFilterChain->run()
#5 /home/tailieuk/public_html/systemlibs/web/CController.php(1145): CAccessControlFilter->filter()
#6 /home/tailieuk/public_html/systemlibs/web/filters/CInlineFilter.php(58): SearchController->filterAccessControl()
#7 /home/tailieuk/public_html/systemlibs/web/filters/CFilterChain.php(130): CInlineFilter->filter()
#8 /home/tailieuk/public_html/systemlibs/web/CController.php(291): CFilterChain->run()
#9 /home/tailieuk/public_html/systemlibs/web/CController.php(265): SearchController->runActionWithFilters()
#10 /home/tailieuk/public_html/systemlibs/web/CWebApplication.php(282): SearchController->run()
#11 /home/tailieuk/public_html/systemlibs/web/CWebApplication.php(141): CWebApplication->runController()
#12 /home/tailieuk/public_html/systemlibs/base/CApplication.php(180): CWebApplication->processRequest()
#13 /home/tailieuk/public_html/index.php(14): CWebApplication->run()
REQUEST_URI=/tim-kiem/3d+t%E1%BB%A7+b%E1%BA%BFp+hi%E1%BB%87n+%C4%91%E1%BA%A1i.html
2019/09/11 12:37:18 [error] [php] htmlspecialchars() expects parameter 1 to be string, array given (/home/tailieuk/public_html/webapp/libs/Strings.php:245)
Stack trace:
#0 /home/tailieuk/public_html/webapp/modules/tailieu/controllers/SearchController.php(35): SearchController->processKeyword()
#1 /home/tailieuk/public_html/systemlibs/web/actions/CInlineAction.php(49): SearchController->actionIndex()
#2 /home/tailieuk/public_html/systemlibs/web/CController.php(308): CInlineAction->runWithParams()
#3 /home/tailieuk/public_html/systemlibs/web/filters/CFilterChain.php(133): SearchController->runAction()
#4 /home/tailieuk/public_html/systemlibs/web/filters/CFilter.php(40): CFilterChain->run()
#5 /home/tailieuk/public_html/systemlibs/web/CController.php(1145): CAccessControlFilter->filter()
#6 /home/tailieuk/public_html/systemlibs/web/filters/CInlineFilter.php(58): SearchController->filterAccessControl()
#7 /home/tailieuk/public_html/systemlibs/web/filters/CFilterChain.php(130): CInlineFilter->filter()
#8 /home/tailieuk/public_html/systemlibs/web/CController.php(291): CFilterChain->run()
#9 /home/tailieuk/public_html/systemlibs/web/CController.php(265): SearchController->runActionWithFilters()
#10 /home/tailieuk/public_html/systemlibs/web/CWebApplication.php(282): SearchController->run()
#11 /home/tailieuk/public_html/systemlibs/web/CWebApplication.php(141): CWebApplication->runController()
#12 /home/tailieuk/public_html/systemlibs/base/CApplication.php(180): CWebApplication->processRequest()
#13 /home/tailieuk/public_html/index.php(14): CWebApplication->run()
REQUEST_URI=/tim-kiem/3d+th%E1%BB%9Di+trang+ng%C6%B0%E1%BB%9Di+20.html
2019/09/11 12:37:24 [error] [php] htmlspecialchars() expects parameter 1 to be string, array given (/home/tailieuk/public_html/webapp/libs/Strings.php:245)
Stack trace:
#0 /home/tailieuk/public_html/webapp/modules/tailieu/controllers/SearchController.php(35): SearchController->processKeyword()
#1 /home/tailieuk/public_html/systemlibs/web/actions/CInlineAction.php(49): SearchController->actionIndex()
#2 /home/tailieuk/public_html/systemlibs/web/CController.php(308): CInlineAction->runWithParams()
#3 /home/tailieuk/public_html/systemlibs/web/filters/CFilterChain.php(133): SearchController->runAction()
#4 /home/tailieuk/public_html/systemlibs/web/filters/CFilter.php(40): CFilterChain->run()
#5 /home/tailieuk/public_html/systemlibs/web/CController.php(1145): CAccessControlFilter->filter()
#6 /home/tailieuk/public_html/systemlibs/web/filters/CInlineFilter.php(58): SearchController->filterAccessControl()
#7 /home/tailieuk/public_html/systemlibs/web/filters/CFilterChain.php(130): CInlineFilter->filter()
#8 /home/tailieuk/public_html/systemlibs/web/CController.php(291): CFilterChain->run()
#9 /home/tailieuk/public_html/systemlibs/web/CController.php(265): SearchController->runActionWithFilters()
#10 /home/tailieuk/public_html/systemlibs/web/CWebApplication.php(282): SearchController->run()
#11 /home/tailieuk/public_html/systemlibs/web/CWebApplication.php(141): CWebApplication->runController()
#12 /home/tailieuk/public_html/systemlibs/base/CApplication.php(180): CWebApplication->processRequest()
#13 /home/tailieuk/public_html/index.php(14): CWebApplication->run()
REQUEST_URI=/tim-kiem/3d+th%E1%BB%9Di+trang+ng%C6%B0%E1%BB%9Di+21.html
2019/09/11 12:37:33 [error] [php] htmlspecialchars() expects parameter 1 to be string, array given (/home/tailieuk/public_html/webapp/libs/Strings.php:245)
Stack trace:
#0 /home/tailieuk/public_html/webapp/modules/tailieu/controllers/SearchController.php(35): SearchController->processKeyword()
#1 /home/tailieuk/public_html/systemlibs/web/actions/CInlineAction.php(49): SearchController->actionIndex()
#2 /home/tailieuk/public_html/systemlibs/web/CController.php(308): CInlineAction->runWithParams()
#3 /home/tailieuk/public_html/systemlibs/web/filters/CFilterChain.php(133): SearchController->runAction()
#4 /home/tailieuk/public_html/systemlibs/web/filters/CFilter.php(40): CFilterChain->run()
#5 /home/tailieuk/public_html/systemlibs/web/CController.php(1145): CAccessControlFilter->filter()
#6 /home/tailieuk/public_html/systemlibs/web/filters/CInlineFilter.php(58): SearchController->filterAccessControl()
#7 /home/tailieuk/public_html/systemlibs/web/filters/CFilterChain.php(130): CInlineFilter->filter()
#8 /home/tailieuk/public_html/systemlibs/web/CController.php(291): CFilterChain->run()
#9 /home/tailieuk/public_html/systemlibs/web/CController.php(265): SearchController->runActionWithFilters()
#10 /home/tailieuk/public_html/systemlibs/web/CWebApplication.php(282): SearchController->run()
#11 /home/tailieuk/public_html/systemlibs/web/CWebApplication.php(141): CWebApplication->runController()
#12 /home/tailieuk/public_html/systemlibs/base/CApplication.php(180): CWebApplication->processRequest()
#13 /home/tailieuk/public_html/index.php(14): CWebApplication->run()
REQUEST_URI=/tim-kiem/3d+th%E1%BB%9Di+trang+ng%C6%B0%E1%BB%9Di+22.html
2019/09/11 12:37:37 [error] [php] htmlspecialchars() expects parameter 1 to be string, array given (/home/tailieuk/public_html/webapp/libs/Strings.php:245)
Stack trace:
#0 /home/tailieuk/public_html/webapp/modules/tailieu/controllers/SearchController.php(35): SearchController->processKeyword()
#1 /home/tailieuk/public_html/systemlibs/web/actions/CInlineAction.php(49): SearchController->actionIndex()
#2 /home/tailieuk/public_html/systemlibs/web/CController.php(308): CInlineAction->runWithParams()
#3 /home/tailieuk/public_html/systemlibs/web/filters/CFilterChain.php(133): SearchController->runAction()
#4 /home/tailieuk/public_html/systemlibs/web/filters/CFilter.php(40): CFilterChain->run()
#5 /home/tailieuk/public_html/systemlibs/web/CController.php(1145): CAccessControlFilter->filter()
#6 /home/tailieuk/public_html/systemlibs/web/filters/CInlineFilter.php(58): SearchController->filterAccessControl()
#7 /home/tailieuk/public_html/systemlibs/web/filters/CFilterChain.php(130): CInlineFilter->filter()
#8 /home/tailieuk/public_html/systemlibs/web/CController.php(291): CFilterChain->run()
#9 /home/tailieuk/public_html/systemlibs/web/CController.php(265): SearchController->runActionWithFilters()
#10 /home/tailieuk/public_html/systemlibs/web/CWebApplication.php(282): SearchController->run()
#11 /home/tailieuk/public_html/systemlibs/web/CWebApplication.php(141): CWebApplication->runController()
#12 /home/tailieuk/public_html/systemlibs/base/CApplication.php(180): CWebApplication->processRequest()
#13 /home/tailieuk/public_html/index.php(14): CWebApplication->run()
REQUEST_URI=/tim-kiem/3d+th%E1%BB%9Di+trang+ng%C6%B0%E1%BB%9Di.html
2019/09/11 12:37:41 [error] [php] htmlspecialchars() expects parameter 1 to be string, array given (/home/tailieuk/public_html/webapp/libs/Strings.php:245)
Stack trace:
#0 /home/tailieuk/public_html/webapp/modules/tailieu/controllers/SearchController.php(35): SearchController->processKeyword()
#1 /home/tailieuk/public_html/systemlibs/web/actions/CInlineAction.php(49): SearchController->actionIndex()
#2 /home/tailieuk/public_html/systemlibs/web/CController.php(308): CInlineAction->runWithParams()
#3 /home/tailieuk/public_html/systemlibs/web/filters/CFilterChain.php(133): SearchController->runAction()
#4 /home/tailieuk/public_html/systemlibs/web/filters/CFilter.php(40): CFilterChain->run()
#5 /home/tailieuk/public_html/systemlibs/web/CController.php(1145): CAccessControlFilter->filter()
#6 /home/tailieuk/public_html/systemlibs/web/filters/CInlineFilter.php(58): SearchController->filterAccessControl()
#7 /home/tailieuk/public_html/systemlibs/web/filters/CFilterChain.php(130): CInlineFilter->filter()
#8 /home/tailieuk/public_html/systemlibs/web/CController.php(291): CFilterChain->run()
#9 /home/tailieuk/public_html/systemlibs/web/CController.php(265): SearchController->runActionWithFilters()
#10 /home/tailieuk/public_html/systemlibs/web/CWebApplication.php(282): SearchController->run()
#11 /home/tailieuk/public_html/systemlibs/web/CWebApplication.php(141): CWebApplication->runController()
#12 /home/tailieuk/public_html/systemlibs/base/CApplication.php(180): CWebApplication->processRequest()
#13 /home/tailieuk/public_html/index.php(14): CWebApplication->run()
REQUEST_URI=/tim-kiem/3d+thi%E1%BA%BFt+b%E1%BB%8B+b%E1%BA%BFp.html
2019/09/11 12:37:52 [error] [php] htmlspecialchars() expects parameter 1 to be string, array given (/home/tailieuk/public_html/webapp/libs/Strings.php:245)
Stack trace:
#0 /home/tailieuk/public_html/webapp/modules/tailieu/controllers/SearchController.php(35): SearchController->processKeyword()
#1 /home/tailieuk/public_html/systemlibs/web/actions/CInlineAction.php(49): SearchController->actionIndex()
#2 /home/tailieuk/public_html/systemlibs/web/CController.php(308): CInlineAction->runWithParams()
#3 /home/tailieuk/public_html/systemlibs/web/filters/CFilterChain.php(133): SearchController->runAction()
#4 /home/tailieuk/public_html/systemlibs/web/filters/CFilter.php(40): CFilterChain->run()
#5 /home/tailieuk/public_html/systemlibs/web/CController.php(1145): CAccessControlFilter->filter()
#6 /home/tailieuk/public_html/systemlibs/web/filters/CInlineFilter.php(58): SearchController->filterAccessControl()
#7 /home/tailieuk/public_html/systemlibs/web/filters/CFilterChain.php(130): CInlineFilter->filter()
#8 /home/tailieuk/public_html/systemlibs/web/CController.php(291): CFilterChain->run()
#9 /home/tailieuk/public_html/systemlibs/web/CController.php(265): SearchController->runActionWithFilters()
#10 /home/tailieuk/public_html/systemlibs/web/CWebApplication.php(282): SearchController->run()
#11 /home/tailieuk/public_html/systemlibs/web/CWebApplication.php(141): CWebApplication->runController()
#12 /home/tailieuk/public_html/systemlibs/base/CApplication.php(180): CWebApplication->processRequest()
#13 /home/tailieuk/public_html/index.php(14): CWebApplication->run()
REQUEST_URI=/tim-kiem/3d+v%E1%BB%81+g%C6%B0%C6%A1ng.html
2019/09/11 12:38:00 [error] [php] htmlspecialchars() expects parameter 1 to be string, array given (/home/tailieuk/public_html/webapp/libs/Strings.php:245)
Stack trace:
#0 /home/tailieuk/public_html/webapp/modules/tailieu/controllers/SearchController.php(35): SearchController->processKeyword()
#1 /home/tailieuk/public_html/systemlibs/web/actions/CInlineAction.php(49): SearchController->actionIndex()
#2 /home/tailieuk/public_html/systemlibs/web/CController.php(308): CInlineAction->runWithParams()
#3 /home/tailieuk/public_html/systemlibs/web/filters/CFilterChain.php(133): SearchController->runAction()
#4 /home/tailieuk/public_html/systemlibs/web/filters/CFilter.php(40): CFilterChain->run()
#5 /home/tailieuk/public_html/systemlibs/web/CController.php(1145): CAccessControlFilter->filter()
#6 /home/tailieuk/public_html/systemlibs/web/filters/CInlineFilter.php(58): SearchController->filterAccessControl()
#7 /home/tailieuk/public_html/systemlibs/web/filters/CFilterChain.php(130): CInlineFilter->filter()
#8 /home/tailieuk/public_html/systemlibs/web/CController.php(291): CFilterChain->run()
#9 /home/tailieuk/public_html/systemlibs/web/CController.php(265): SearchController->runActionWithFilters()
#10 /home/tailieuk/public_html/systemlibs/web/CWebApplication.php(282): SearchController->run()
#11 /home/tailieuk/public_html/systemlibs/web/CWebApplication.php(141): CWebApplication->runController()
#12 /home/tailieuk/public_html/systemlibs/base/CApplication.php(180): CWebApplication->processRequest()
#13 /home/tailieuk/public_html/index.php(14): CWebApplication->run()
REQUEST_URI=/tim-kiem/3dsmax+%C4%91%E1%BB%93+%C4%91%E1%BA%A1c+ph%C3%B2ng+v%E1%BB%87+sinh.html
2019/09/11 12:38:12 [error] [php] htmlspecialchars() expects parameter 1 to be string, array given (/home/tailieuk/public_html/webapp/libs/Strings.php:245)
Stack trace:
#0 /home/tailieuk/public_html/webapp/modules/tailieu/controllers/SearchController.php(35): SearchController->processKeyword()
#1 /home/tailieuk/public_html/systemlibs/web/actions/CInlineAction.php(49): SearchController->actionIndex()
#2 /home/tailieuk/public_html/systemlibs/web/CController.php(308): CInlineAction->runWithParams()
#3 /home/tailieuk/public_html/systemlibs/web/filters/CFilterChain.php(133): SearchController->runAction()
#4 /home/tailieuk/public_html/systemlibs/web/filters/CFilter.php(40): CFilterChain->run()
#5 /home/tailieuk/public_html/systemlibs/web/CController.php(1145): CAccessControlFilter->filter()
#6 /home/tailieuk/public_html/systemlibs/web/filters/CInlineFilter.php(58): SearchController->filterAccessControl()
#7 /home/tailieuk/public_html/systemlibs/web/filters/CFilterChain.php(130): CInlineFilter->filter()
#8 /home/tailieuk/public_html/systemlibs/web/CController.php(291): CFilterChain->run()
#9 /home/tailieuk/public_html/systemlibs/web/CController.php(265): SearchController->runActionWithFilters()
#10 /home/tailieuk/public_html/systemlibs/web/CWebApplication.php(282): SearchController->run()
#11 /home/tailieuk/public_html/systemlibs/web/CWebApplication.php(141): CWebApplication->runController()
#12 /home/tailieuk/public_html/systemlibs/base/CApplication.php(180): CWebApplication->processRequest()
#13 /home/tailieuk/public_html/index.php(14): CWebApplication->run()
REQUEST_URI=/tim-kiem/3dsmax+Ph%E1%BB%91i+c%E1%BA%A3nh+Nh%C3%A0+Th%E1%BB%9D+thi%C3%AAn+ch%C3%BAa+gi%C3%A1o.html
2019/09/11 12:38:22 [error] [php] htmlspecialchars() expects parameter 1 to be string, array given (/home/tailieuk/public_html/webapp/libs/Strings.php:245)
Stack trace:
#0 /home/tailieuk/public_html/webapp/modules/tailieu/controllers/SearchController.php(35): SearchController->processKeyword()
#1 /home/tailieuk/public_html/systemlibs/web/actions/CInlineAction.php(49): SearchController->actionIndex()
#2 /home/tailieuk/public_html/systemlibs/web/CController.php(308): CInlineAction->runWithParams()
#3 /home/tailieuk/public_html/systemlibs/web/filters/CFilterChain.php(133): SearchController->runAction()
#4 /home/tailieuk/public_html/systemlibs/web/filters/CFilter.php(40): CFilterChain->run()
#5 /home/tailieuk/public_html/systemlibs/web/CController.php(1145): CAccessControlFilter->filter()
#6 /home/tailieuk/public_html/systemlibs/web/filters/CInlineFilter.php(58): SearchController->filterAccessControl()
#7 /home/tailieuk/public_html/systemlibs/web/filters/CFilterChain.php(130): CInlineFilter->filter()
#8 /home/tailieuk/public_html/systemlibs/web/CController.php(291): CFilterChain->run()
#9 /home/tailieuk/public_html/systemlibs/web/CController.php(265): SearchController->runActionWithFilters()
#10 /home/tailieuk/public_html/systemlibs/web/CWebApplication.php(282): SearchController->run()
#11 /home/tailieuk/public_html/systemlibs/web/CWebApplication.php(141): CWebApplication->runController()
#12 /home/tailieuk/public_html/systemlibs/base/CApplication.php(180): CWebApplication->processRequest()
#13 /home/tailieuk/public_html/index.php(14): CWebApplication->run()
REQUEST_URI=/tim-kiem/3dsmax+h%C3%A0ng+r%C3%A0o+b%E1%BA%B1ng+%C4%91%C3%A1.html
2019/09/11 12:38:27 [error] [php] htmlspecialchars() expects parameter 1 to be string, array given (/home/tailieuk/public_html/webapp/libs/Strings.php:245)
Stack trace:
#0 /home/tailieuk/public_html/webapp/modules/tailieu/controllers/SearchController.php(35): SearchController->processKeyword()
#1 /home/tailieuk/public_html/systemlibs/web/actions/CInlineAction.php(49): SearchController->actionIndex()
#2 /home/tailieuk/public_html/systemlibs/web/CController.php(308): CInlineAction->runWithParams()
#3 /home/tailieuk/public_html/systemlibs/web/filters/CFilterChain.php(133): SearchController->runAction()
#4 /home/tailieuk/public_html/systemlibs/web/filters/CFilter.php(40): CFilterChain->run()
#5 /home/tailieuk/public_html/systemlibs/web/CController.php(1145): CAccessControlFilter->filter()
#6 /home/tailieuk/public_html/systemlibs/web/filters/CInlineFilter.php(58): SearchController->filterAccessControl()
#7 /home/tailieuk/public_html/systemlibs/web/filters/CFilterChain.php(130): CInlineFilter->filter()
#8 /home/tailieuk/public_html/systemlibs/web/CController.php(291): CFilterChain->run()
#9 /home/tailieuk/public_html/systemlibs/web/CController.php(265): SearchController->runActionWithFilters()
#10 /home/tailieuk/public_html/systemlibs/web/CWebApplication.php(282): SearchController->run()
#11 /home/tailieuk/public_html/systemlibs/web/CWebApplication.php(141): CWebApplication->runController()
#12 /home/tailieuk/public_html/systemlibs/base/CApplication.php(180): CWebApplication->processRequest()
#13 /home/tailieuk/public_html/index.php(14): CWebApplication->run()
REQUEST_URI=/tim-kiem/3dsmax+l%E1%BB%8D+hoa+trang+tr%C3%AD+%C4%91%E1%BA%B9p.html
2019/09/11 12:38:39 [error] [php] htmlspecialchars() expects parameter 1 to be string, array given (/home/tailieuk/public_html/webapp/libs/Strings.php:245)
Stack trace:
#0 /home/tailieuk/public_html/webapp/modules/tailieu/controllers/SearchController.php(35): SearchController->processKeyword()
#1 /home/tailieuk/public_html/systemlibs/web/actions/CInlineAction.php(49): SearchController->actionIndex()
#2 /home/tailieuk/public_html/systemlibs/web/CController.php(308): CInlineAction->runWithParams()
#3 /home/tailieuk/public_html/systemlibs/web/filters/CFilterChain.php(133): SearchController->runAction()
#4 /home/tailieuk/public_html/systemlibs/web/filters/CFilter.php(40): CFilterChain->run()
#5 /home/tailieuk/public_html/systemlibs/web/CController.php(1145): CAccessControlFilter->filter()
#6 /home/tailieuk/public_html/systemlibs/web/filters/CInlineFilter.php(58): SearchController->filterAccessControl()
#7 /home/tailieuk/public_html/systemlibs/web/filters/CFilterChain.php(130): CInlineFilter->filter()
#8 /home/tailieuk/public_html/systemlibs/web/CController.php(291): CFilterChain->run()
#9 /home/tailieuk/public_html/systemlibs/web/CController.php(265): SearchController->runActionWithFilters()
#10 /home/tailieuk/public_html/systemlibs/web/CWebApplication.php(282): SearchController->run()
#11 /home/tailieuk/public_html/systemlibs/web/CWebApplication.php(141): CWebApplication->runController()
#12 /home/tailieuk/public_html/systemlibs/base/CApplication.php(180): CWebApplication->processRequest()
#13 /home/tailieuk/public_html/index.php(14): CWebApplication->run()
REQUEST_URI=/tim-kiem/3dsmax+model+v%E1%BB%81+b%E1%BB%93n+r%E1%BB%ADa.html
2019/09/11 12:38:44 [error] [php] htmlspecialchars() expects parameter 1 to be string, array given (/home/tailieuk/public_html/webapp/libs/Strings.php:245)
Stack trace:
#0 /home/tailieuk/public_html/webapp/modules/tailieu/controllers/SearchController.php(35): SearchController->processKeyword()
#1 /home/tailieuk/public_html/systemlibs/web/actions/CInlineAction.php(49): SearchController->actionIndex()
#2 /home/tailieuk/public_html/systemlibs/web/CController.php(308): CInlineAction->runWithParams()
#3 /home/tailieuk/public_html/systemlibs/web/filters/CFilterChain.php(133): SearchController->runAction()
#4 /home/tailieuk/public_html/systemlibs/web/filters/CFilter.php(40): CFilterChain->run()
#5 /home/tailieuk/public_html/systemlibs/web/CController.php(1145): CAccessControlFilter->filter()
#6 /home/tailieuk/public_html/systemlibs/web/filters/CInlineFilter.php(58): SearchController->filterAccessControl()
#7 /home/tailieuk/public_html/systemlibs/web/filters/CFilterChain.php(130): CInlineFilter->filter()
#8 /home/tailieuk/public_html/systemlibs/web/CController.php(291): CFilterChain->run()
#9 /home/tailieuk/public_html/systemlibs/web/CController.php(265): SearchController->runActionWithFilters()
#10 /home/tailieuk/public_html/systemlibs/web/CWebApplication.php(282): SearchController->run()
#11 /home/tailieuk/public_html/systemlibs/web/CWebApplication.php(141): CWebApplication->runController()
#12 /home/tailieuk/public_html/systemlibs/base/CApplication.php(180): CWebApplication->processRequest()
#13 /home/tailieuk/public_html/index.php(14): CWebApplication->run()
REQUEST_URI=/tim-kiem/3dsmax+ng%C6%B0%E1%BB%9Di.html
2019/09/11 12:38:54 [error] [php] htmlspecialchars() expects parameter 1 to be string, array given (/home/tailieuk/public_html/webapp/libs/Strings.php:245)
Stack trace:
#0 /home/tailieuk/public_html/webapp/modules/tailieu/controllers/SearchController.php(35): SearchController->processKeyword()
#1 /home/tailieuk/public_html/systemlibs/web/actions/CInlineAction.php(49): SearchController->actionIndex()
#2 /home/tailieuk/public_html/systemlibs/web/CController.php(308): CInlineAction->runWithParams()
#3 /home/tailieuk/public_html/systemlibs/web/filters/CFilterChain.php(133): SearchController->runAction()
#4 /home/tailieuk/public_html/systemlibs/web/filters/CFilter.php(40): CFilterChain->run()
#5 /home/tailieuk/public_html/systemlibs/web/CController.php(1145): CAccessControlFilter->filter()
#6 /home/tailieuk/public_html/systemlibs/web/filters/CInlineFilter.php(58): SearchController->filterAccessControl()
#7 /home/tailieuk/public_html/systemlibs/web/filters/CFilterChain.php(130): CInlineFilter->filter()
#8 /home/tailieuk/public_html/systemlibs/web/CController.php(291): CFilterChain->run()
#9 /home/tailieuk/public_html/systemlibs/web/CController.php(265): SearchController->runActionWithFilters()
#10 /home/tailieuk/public_html/systemlibs/web/CWebApplication.php(282): SearchController->run()
#11 /home/tailieuk/public_html/systemlibs/web/CWebApplication.php(141): CWebApplication->runController()
#12 /home/tailieuk/public_html/systemlibs/base/CApplication.php(180): CWebApplication->processRequest()
#13 /home/tailieuk/public_html/index.php(14): CWebApplication->run()
REQUEST_URI=/tim-kiem/3dsmax+v%E1%BB%81+t%C6%B0%E1%BB%A3ng+B%C3%A1c+H%E1%BB%93+ng%E1%BB%93i+%C4%91%E1%BB%8Dc+b%C3%A1o+%C4%91%C6%B0%E1%BB%A3c.html
2019/09/11 12:39:07 [error] [php] htmlspecialchars() expects parameter 1 to be string, array given (/home/tailieuk/public_html/webapp/libs/Strings.php:245)
Stack trace:
#0 /home/tailieuk/public_html/webapp/modules/tailieu/controllers/SearchController.php(35): SearchController->processKeyword()
#1 /home/tailieuk/public_html/systemlibs/web/actions/CInlineAction.php(49): SearchController->actionIndex()
#2 /home/tailieuk/public_html/systemlibs/web/CController.php(308): CInlineAction->runWithParams()
#3 /home/tailieuk/public_html/systemlibs/web/filters/CFilterChain.php(133): SearchController->runAction()
#4 /home/tailieuk/public_html/systemlibs/web/filters/CFilter.php(40): CFilterChain->run()
#5 /home/tailieuk/public_html/systemlibs/web/CController.php(1145): CAccessControlFilter->filter()
#6 /home/tailieuk/public_html/systemlibs/web/filters/CInlineFilter.php(58): SearchController->filterAccessControl()
#7 /home/tailieuk/public_html/systemlibs/web/filters/CFilterChain.php(130): CInlineFilter->filter()
#8 /home/tailieuk/public_html/systemlibs/web/CController.php(291): CFilterChain->run()
#9 /home/tailieuk/public_html/systemlibs/web/CController.php(265): SearchController->runActionWithFilters()
#10 /home/tailieuk/public_html/systemlibs/web/CWebApplication.php(282): SearchController->run()
#11 /home/tailieuk/public_html/systemlibs/web/CWebApplication.php(141): CWebApplication->runController()
#12 /home/tailieuk/public_html/systemlibs/base/CApplication.php(180): CWebApplication->processRequest()
#13 /home/tailieuk/public_html/index.php(14): CWebApplication->run()
REQUEST_URI=/tim-kiem/4+File+3d+max+v%E1%BB%81+ng%C6%B0%E1%BB%9Di.html
2019/09/11 12:39:15 [error] [php] htmlspecialchars() expects parameter 1 to be string, array given (/home/tailieuk/public_html/webapp/libs/Strings.php:245)
Stack trace:
#0 /home/tailieuk/public_html/webapp/modules/tailieu/controllers/SearchController.php(35): SearchController->processKeyword()
#1 /home/tailieuk/public_html/systemlibs/web/actions/CInlineAction.php(49): SearchController->actionIndex()
#2 /home/tailieuk/public_html/systemlibs/web/CController.php(308): CInlineAction->runWithParams()
#3 /home/tailieuk/public_html/systemlibs/web/filters/CFilterChain.php(133): SearchController->runAction()
#4 /home/tailieuk/public_html/systemlibs/web/filters/CFilter.php(40): CFilterChain->run()
#5 /home/tailieuk/public_html/systemlibs/web/CController.php(1145): CAccessControlFilter->filter()
#6 /home/tailieuk/public_html/systemlibs/web/filters/CInlineFilter.php(58): SearchController->filterAccessControl()
#7 /home/tailieuk/public_html/systemlibs/web/filters/CFilterChain.php(130): CInlineFilter->filter()
#8 /home/tailieuk/public_html/systemlibs/web/CController.php(291): CFilterChain->run()
#9 /home/tailieuk/public_html/systemlibs/web/CController.php(265): SearchController->runActionWithFilters()
#10 /home/tailieuk/public_html/systemlibs/web/CWebApplication.php(282): SearchController->run()
#11 /home/tailieuk/public_html/systemlibs/web/CWebApplication.php(141): CWebApplication->runController()
#12 /home/tailieuk/public_html/systemlibs/base/CApplication.php(180): CWebApplication->processRequest()
#13 /home/tailieuk/public_html/index.php(14): CWebApplication->run()
REQUEST_URI=/tim-kiem/435+m%E1%BA%ABu+Hatch+trong+autocad.html
2019/09/11 12:39:20 [error] [php] htmlspecialchars() expects parameter 1 to be string, array given (/home/tailieuk/public_html/webapp/libs/Strings.php:245)
Stack trace:
#0 /home/tailieuk/public_html/webapp/modules/tailieu/controllers/SearchController.php(35): SearchController->processKeyword()
#1 /home/tailieuk/public_html/systemlibs/web/actions/CInlineAction.php(49): SearchController->actionIndex()
#2 /home/tailieuk/public_html/systemlibs/web/CController.php(308): CInlineAction->runWithParams()
#3 /home/tailieuk/public_html/systemlibs/web/filters/CFilterChain.php(133): SearchController->runAction()
#4 /home/tailieuk/public_html/systemlibs/web/filters/CFilter.php(40): CFilterChain->run()
#5 /home/tailieuk/public_html/systemlibs/web/CController.php(1145): CAccessControlFilter->filter()
#6 /home/tailieuk/public_html/systemlibs/web/filters/CInlineFilter.php(58): SearchController->filterAccessControl()
#7 /home/tailieuk/public_html/systemlibs/web/filters/CFilterChain.php(130): CInlineFilter->filter()
#8 /home/tailieuk/public_html/systemlibs/web/CController.php(291): CFilterChain->run()
#9 /home/tailieuk/public_html/systemlibs/web/CController.php(265): SearchController->runActionWithFilters()
#10 /home/tailieuk/public_html/systemlibs/web/CWebApplication.php(282): SearchController->run()
#11 /home/tailieuk/public_html/systemlibs/web/CWebApplication.php(141): CWebApplication->runController()
#12 /home/tailieuk/public_html/systemlibs/base/CApplication.php(180): CWebApplication->processRequest()
#13 /home/tailieuk/public_html/index.php(14): CWebApplication->run()
REQUEST_URI=/tim-kiem/500+file+revit.html
2019/09/11 12:39:29 [error] [php] htmlspecialchars() expects parameter 1 to be string, array given (/home/tailieuk/public_html/webapp/libs/Strings.php:245)
Stack trace:
#0 /home/tailieuk/public_html/webapp/modules/tailieu/controllers/SearchController.php(35): SearchController->processKeyword()
#1 /home/tailieuk/public_html/systemlibs/web/actions/CInlineAction.php(49): SearchController->actionIndex()
#2 /home/tailieuk/public_html/systemlibs/web/CController.php(308): CInlineAction->runWithParams()
#3 /home/tailieuk/public_html/systemlibs/web/filters/CFilterChain.php(133): SearchController->runAction()
#4 /home/tailieuk/public_html/systemlibs/web/filters/CFilter.php(40): CFilterChain->run()
#5 /home/tailieuk/public_html/systemlibs/web/CController.php(1145): CAccessControlFilter->filter()
#6 /home/tailieuk/public_html/systemlibs/web/filters/CInlineFilter.php(58): SearchController->filterAccessControl()
#7 /home/tailieuk/public_html/systemlibs/web/filters/CFilterChain.php(130): CInlineFilter->filter()
#8 /home/tailieuk/public_html/systemlibs/web/CController.php(291): CFilterChain->run()
#9 /home/tailieuk/public_html/systemlibs/web/CController.php(265): SearchController->runActionWithFilters()
#10 /home/tailieuk/public_html/systemlibs/web/CWebApplication.php(282): SearchController->run()
#11 /home/tailieuk/public_html/systemlibs/web/CWebApplication.php(141): CWebApplication->runController()
#12 /home/tailieuk/public_html/systemlibs/base/CApplication.php(180): CWebApplication->processRequest()
#13 /home/tailieuk/public_html/index.php(14): CWebApplication->run()
REQUEST_URI=/tim-kiem/55+model+gi%C6%B0%E1%BB%9Dng+ng%E1%BB%A7+file+sketchup.html
2019/09/11 12:39:42 [error] [php] htmlspecialchars() expects parameter 1 to be string, array given (/home/tailieuk/public_html/webapp/libs/Strings.php:245)
Stack trace:
#0 /home/tailieuk/public_html/webapp/modules/tailieu/controllers/SearchController.php(35): SearchController->processKeyword()
#1 /home/tailieuk/public_html/systemlibs/web/actions/CInlineAction.php(49): SearchController->actionIndex()
#2 /home/tailieuk/public_html/systemlibs/web/CController.php(308): CInlineAction->runWithParams()
#3 /home/tailieuk/public_html/systemlibs/web/filters/CFilterChain.php(133): SearchController->runAction()
#4 /home/tailieuk/public_html/systemlibs/web/filters/CFilter.php(40): CFilterChain->run()
#5 /home/tailieuk/public_html/systemlibs/web/CController.php(1145): CAccessControlFilter->filter()
#6 /home/tailieuk/public_html/systemlibs/web/filters/CInlineFilter.php(58): SearchController->filterAccessControl()
#7 /home/tailieuk/public_html/systemlibs/web/filters/CFilterChain.php(130): CInlineFilter->filter()
#8 /home/tailieuk/public_html/systemlibs/web/CController.php(291): CFilterChain->run()
#9 /home/tailieuk/public_html/systemlibs/web/CController.php(265): SearchController->runActionWithFilters()
#10 /home/tailieuk/public_html/systemlibs/web/CWebApplication.php(282): SearchController->run()
#11 /home/tailieuk/public_html/systemlibs/web/CWebApplication.php(141): CWebApplication->runController()
#12 /home/tailieuk/public_html/systemlibs/base/CApplication.php(180): CWebApplication->processRequest()
#13 /home/tailieuk/public_html/index.php(14): CWebApplication->run()
REQUEST_URI=/tim-kiem/65+file+3d+t%C3%A2n+c%E1%BB%95+%C4%91i%E1%BB%83n.html
2019/09/11 12:39:54 [error] [php] htmlspecialchars() expects parameter 1 to be string, array given (/home/tailieuk/public_html/webapp/libs/Strings.php:245)
Stack trace:
#0 /home/tailieuk/public_html/webapp/modules/tailieu/controllers/SearchController.php(35): SearchController->processKeyword()
#1 /home/tailieuk/public_html/systemlibs/web/actions/CInlineAction.php(49): SearchController->actionIndex()
#2 /home/tailieuk/public_html/systemlibs/web/CController.php(308): CInlineAction->runWithParams()
#3 /home/tailieuk/public_html/systemlibs/web/filters/CFilterChain.php(133): SearchController->runAction()
#4 /home/tailieuk/public_html/systemlibs/web/filters/CFilter.php(40): CFilterChain->run()
#5 /home/tailieuk/public_html/systemlibs/web/CController.php(1145): CAccessControlFilter->filter()
#6 /home/tailieuk/public_html/systemlibs/web/filters/CInlineFilter.php(58): SearchController->filterAccessControl()
#7 /home/tailieuk/public_html/systemlibs/web/filters/CFilterChain.php(130): CInlineFilter->filter()
#8 /home/tailieuk/public_html/systemlibs/web/CController.php(291): CFilterChain->run()
#9 /home/tailieuk/public_html/systemlibs/web/CController.php(265): SearchController->runActionWithFilters()
#10 /home/tailieuk/public_html/systemlibs/web/CWebApplication.php(282): SearchController->run()
#11 /home/tailieuk/public_html/systemlibs/web/CWebApplication.php(141): CWebApplication->runController()
#12 /home/tailieuk/public_html/systemlibs/base/CApplication.php(180): CWebApplication->processRequest()
#13 /home/tailieuk/public_html/index.php(14): CWebApplication->run()
REQUEST_URI=/tim-kiem/88+model+sketchup.html
2019/09/11 12:40:04 [error] [php] htmlspecialchars() expects parameter 1 to be string, array given (/home/tailieuk/public_html/webapp/libs/Strings.php:245)
Stack trace:
#0 /home/tailieuk/public_html/webapp/modules/tailieu/controllers/SearchController.php(35): SearchController->processKeyword()
#1 /home/tailieuk/public_html/systemlibs/web/actions/CInlineAction.php(49): SearchController->actionIndex()
#2 /home/tailieuk/public_html/systemlibs/web/CController.php(308): CInlineAction->runWithParams()
#3 /home/tailieuk/public_html/systemlibs/web/filters/CFilterChain.php(133): SearchController->runAction()
#4 /home/tailieuk/public_html/systemlibs/web/filters/CFilter.php(40): CFilterChain->run()
#5 /home/tailieuk/public_html/systemlibs/web/CController.php(1145): CAccessControlFilter->filter()
#6 /home/tailieuk/public_html/systemlibs/web/filters/CInlineFilter.php(58): SearchController->filterAccessControl()
#7 /home/tailieuk/public_html/systemlibs/web/filters/CFilterChain.php(130): CInlineFilter->filter()
#8 /home/tailieuk/public_html/systemlibs/web/CController.php(291): CFilterChain->run()
#9 /home/tailieuk/public_html/systemlibs/web/CController.php(265): SearchController->runActionWithFilters()
#10 /home/tailieuk/public_html/systemlibs/web/CWebApplication.php(282): SearchController->run()
#11 /home/tailieuk/public_html/systemlibs/web/CWebApplication.php(141): CWebApplication->runController()
#12 /home/tailieuk/public_html/systemlibs/base/CApplication.php(180): CWebApplication->processRequest()
#13 /home/tailieuk/public_html/index.php(14): CWebApplication->run()
REQUEST_URI=/tim-kiem/9+File+3d+max+v%E1%BB%81+ng%C6%B0%E1%BB%9Di.html
2019/09/11 12:40:10 [error] [php] htmlspecialchars() expects parameter 1 to be string, array given (/home/tailieuk/public_html/webapp/libs/Strings.php:245)
Stack trace:
#0 /home/tailieuk/public_html/webapp/modules/tailieu/controllers/SearchController.php(35): SearchController->processKeyword()
#1 /home/tailieuk/public_html/systemlibs/web/actions/CInlineAction.php(49): SearchController->actionIndex()
#2 /home/tailieuk/public_html/systemlibs/web/CController.php(308): CInlineAction->runWithParams()
#3 /home/tailieuk/public_html/systemlibs/web/filters/CFilterChain.php(133): SearchController->runAction()
#4 /home/tailieuk/public_html/systemlibs/web/filters/CFilter.php(40): CFilterChain->run()
#5 /home/tailieuk/public_html/systemlibs/web/CController.php(1145): CAccessControlFilter->filter()
#6 /home/tailieuk/public_html/systemlibs/web/filters/CInlineFilter.php(58): SearchController->filterAccessControl()
#7 /home/tailieuk/public_html/systemlibs/web/filters/CFilterChain.php(130): CInlineFilter->filter()
#8 /home/tailieuk/public_html/systemlibs/web/CController.php(291): CFilterChain->run()
#9 /home/tailieuk/public_html/systemlibs/web/CController.php(265): SearchController->runActionWithFilters()
#10 /home/tailieuk/public_html/systemlibs/web/CWebApplication.php(282): SearchController->run()
#11 /home/tailieuk/public_html/systemlibs/web/CWebApplication.php(141): CWebApplication->runController()
#12 /home/tailieuk/public_html/systemlibs/base/CApplication.php(180): CWebApplication->processRequest()
#13 /home/tailieuk/public_html/index.php(14): CWebApplication->run()
REQUEST_URI=/tim-kiem/AutoCAD+Architecture.html
2019/09/11 12:40:25 [error] [php] htmlspecialchars() expects parameter 1 to be string, array given (/home/tailieuk/public_html/webapp/libs/Strings.php:245)
Stack trace:
#0 /home/tailieuk/public_html/webapp/modules/tailieu/controllers/SearchController.php(35): SearchController->processKeyword()
#1 /home/tailieuk/public_html/systemlibs/web/actions/CInlineAction.php(49): SearchController->actionIndex()
#2 /home/tailieuk/public_html/systemlibs/web/CController.php(308): CInlineAction->runWithParams()
#3 /home/tailieuk/public_html/systemlibs/web/filters/CFilterChain.php(133): SearchController->runAction()
#4 /home/tailieuk/public_html/systemlibs/web/filters/CFilter.php(40): CFilterChain->run()
#5 /home/tailieuk/public_html/systemlibs/web/CController.php(1145): CAccessControlFilter->filter()
#6 /home/tailieuk/public_html/systemlibs/web/filters/CInlineFilter.php(58): SearchController->filterAccessControl()
#7 /home/tailieuk/public_html/systemlibs/web/filters/CFilterChain.php(130): CInlineFilter->filter()
#8 /home/tailieuk/public_html/systemlibs/web/CController.php(291): CFilterChain->run()
#9 /home/tailieuk/public_html/systemlibs/web/CController.php(265): SearchController->runActionWithFilters()
#10 /home/tailieuk/public_html/systemlibs/web/CWebApplication.php(282): SearchController->run()
#11 /home/tailieuk/public_html/systemlibs/web/CWebApplication.php(141): CWebApplication->runController()
#12 /home/tailieuk/public_html/systemlibs/base/CApplication.php(180): CWebApplication->processRequest()
#13 /home/tailieuk/public_html/index.php(14): CWebApplication->run()
REQUEST_URI=/tim-kiem/Autocad+2d+t%E1%BB%95ng+h%E1%BB%A3p.html
2019/09/11 12:40:31 [error] [php] htmlspecialchars() expects parameter 1 to be string, array given (/home/tailieuk/public_html/webapp/libs/Strings.php:245)
Stack trace:
#0 /home/tailieuk/public_html/webapp/modules/tailieu/controllers/SearchController.php(35): SearchController->processKeyword()
#1 /home/tailieuk/public_html/systemlibs/web/actions/CInlineAction.php(49): SearchController->actionIndex()
#2 /home/tailieuk/public_html/systemlibs/web/CController.php(308): CInlineAction->runWithParams()
#3 /home/tailieuk/public_html/systemlibs/web/filters/CFilterChain.php(133): SearchController->runAction()
#4 /home/tailieuk/public_html/systemlibs/web/filters/CFilter.php(40): CFilterChain->run()
#5 /home/tailieuk/public_html/systemlibs/web/CController.php(1145): CAccessControlFilter->filter()
#6 /home/tailieuk/public_html/systemlibs/web/filters/CInlineFilter.php(58): SearchController->filterAccessControl()
#7 /home/tailieuk/public_html/systemlibs/web/filters/CFilterChain.php(130): CInlineFilter->filter()
#8 /home/tailieuk/public_html/systemlibs/web/CController.php(291): CFilterChain->run()
#9 /home/tailieuk/public_html/systemlibs/web/CController.php(265): SearchController->runActionWithFilters()
#10 /home/tailieuk/public_html/systemlibs/web/CWebApplication.php(282): SearchController->run()
#11 /home/tailieuk/public_html/systemlibs/web/CWebApplication.php(141): CWebApplication->runController()
#12 /home/tailieuk/public_html/systemlibs/base/CApplication.php(180): CWebApplication->processRequest()
#13 /home/tailieuk/public_html/index.php(14): CWebApplication->run()
REQUEST_URI=/tim-kiem/Autocad+t%C3%A2n+c%E1%BB%95+%C4%91i%E1%BB%83n.html
2019/09/11 12:40:36 [error] [php] htmlspecialchars() expects parameter 1 to be string, array given (/home/tailieuk/public_html/webapp/libs/Strings.php:245)
Stack trace:
#0 /home/tailieuk/public_html/webapp/modules/tailieu/controllers/SearchController.php(35): SearchController->processKeyword()
#1 /home/tailieuk/public_html/systemlibs/web/actions/CInlineAction.php(49): SearchController->actionIndex()
#2 /home/tailieuk/public_html/systemlibs/web/CController.php(308): CInlineAction->runWithParams()
#3 /home/tailieuk/public_html/systemlibs/web/filters/CFilterChain.php(133): SearchController->runAction()
#4 /home/tailieuk/public_html/systemlibs/web/filters/CFilter.php(40): CFilterChain->run()
#5 /home/tailieuk/public_html/systemlibs/web/CController.php(1145): CAccessControlFilter->filter()
#6 /home/tailieuk/public_html/systemlibs/web/filters/CInlineFilter.php(58): SearchController->filterAccessControl()
#7 /home/tailieuk/public_html/systemlibs/web/filters/CFilterChain.php(130): CInlineFilter->filter()
#8 /home/tailieuk/public_html/systemlibs/web/CController.php(291): CFilterChain->run()
#9 /home/tailieuk/public_html/systemlibs/web/CController.php(265): SearchController->runActionWithFilters()
#10 /home/tailieuk/public_html/systemlibs/web/CWebApplication.php(282): SearchController->run()
#11 /home/tailieuk/public_html/systemlibs/web/CWebApplication.php(141): CWebApplication->runController()
#12 /home/tailieuk/public_html/systemlibs/base/CApplication.php(180): CWebApplication->processRequest()
#13 /home/tailieuk/public_html/index.php(14): CWebApplication->run()
REQUEST_URI=/tim-kiem/Autocad+v%C3%A1ch+ng%C4%83n.html
2019/09/11 12:40:55 [error] [exception.CHttpException.404] CHttpException: Unable to resolve the request "robots.txt". in /home/tailieuk/public_html/systemlibs/web/CWebApplication.php:286
Stack trace:
#0 /home/tailieuk/public_html/systemlibs/web/CWebApplication.php(141): CWebApplication->runController('robots.txt')
#1 /home/tailieuk/public_html/systemlibs/base/CApplication.php(180): CWebApplication->processRequest()
#2 /home/tailieuk/public_html/index.php(14): CApplication->run()
#3 {main}
REQUEST_URI=/robots.txt
---
2019/09/11 12:40:56 [error] [php] htmlspecialchars() expects parameter 1 to be string, array given (/home/tailieuk/public_html/webapp/libs/Strings.php:245)
Stack trace:
#0 /home/tailieuk/public_html/webapp/modules/tailieu/controllers/SearchController.php(35): SearchController->processKeyword()
#1 /home/tailieuk/public_html/systemlibs/web/actions/CInlineAction.php(49): SearchController->actionIndex()
#2 /home/tailieuk/public_html/systemlibs/web/CController.php(308): CInlineAction->runWithParams()
#3 /home/tailieuk/public_html/systemlibs/web/filters/CFilterChain.php(133): SearchController->runAction()
#4 /home/tailieuk/public_html/systemlibs/web/filters/CFilter.php(40): CFilterChain->run()
#5 /home/tailieuk/public_html/systemlibs/web/CController.php(1145): CAccessControlFilter->filter()
#6 /home/tailieuk/public_html/systemlibs/web/filters/CInlineFilter.php(58): SearchController->filterAccessControl()
#7 /home/tailieuk/public_html/systemlibs/web/filters/CFilterChain.php(130): CInlineFilter->filter()
#8 /home/tailieuk/public_html/systemlibs/web/CController.php(291): CFilterChain->run()
#9 /home/tailieuk/public_html/systemlibs/web/CController.php(265): SearchController->runActionWithFilters()
#10 /home/tailieuk/public_html/systemlibs/web/CWebApplication.php(282): SearchController->run()
#11 /home/tailieuk/public_html/systemlibs/web/CWebApplication.php(141): CWebApplication->runController()
#12 /home/tailieuk/public_html/systemlibs/base/CApplication.php(180): CWebApplication->processRequest()
#13 /home/tailieuk/public_html/index.php(14): CWebApplication->run()
REQUEST_URI=/tim-kiem/Autocad+v%E1%BB%87+sinh.html
2019/09/11 12:41:08 [error] [php] htmlspecialchars() expects parameter 1 to be string, array given (/home/tailieuk/public_html/webapp/libs/Strings.php:245)
Stack trace:
#0 /home/tailieuk/public_html/webapp/modules/tailieu/controllers/SearchController.php(35): SearchController->processKeyword()
#1 /home/tailieuk/public_html/systemlibs/web/actions/CInlineAction.php(49): SearchController->actionIndex()
#2 /home/tailieuk/public_html/systemlibs/web/CController.php(308): CInlineAction->runWithParams()
#3 /home/tailieuk/public_html/systemlibs/web/filters/CFilterChain.php(133): SearchController->runAction()
#4 /home/tailieuk/public_html/systemlibs/web/filters/CFilter.php(40): CFilterChain->run()
#5 /home/tailieuk/public_html/systemlibs/web/CController.php(1145): CAccessControlFilter->filter()
#6 /home/tailieuk/public_html/systemlibs/web/filters/CInlineFilter.php(58): SearchController->filterAccessControl()
#7 /home/tailieuk/public_html/systemlibs/web/filters/CFilterChain.php(130): CInlineFilter->filter()
#8 /home/tailieuk/public_html/systemlibs/web/CController.php(291): CFilterChain->run()
#9 /home/tailieuk/public_html/systemlibs/web/CController.php(265): SearchController->runActionWithFilters()
#10 /home/tailieuk/public_html/systemlibs/web/CWebApplication.php(282): SearchController->run()
#11 /home/tailieuk/public_html/systemlibs/web/CWebApplication.php(141): CWebApplication->runController()
#12 /home/tailieuk/public_html/systemlibs/base/CApplication.php(180): CWebApplication->processRequest()
#13 /home/tailieuk/public_html/index.php(14): CWebApplication->run()
REQUEST_URI=/tim-kiem/B%C3%A0n+gh%E1%BA%BF+3d+t%E1%BB%95ng+h%E1%BB%A3p.html
2019/09/11 12:41:13 [error] [php] htmlspecialchars() expects parameter 1 to be string, array given (/home/tailieuk/public_html/webapp/libs/Strings.php:245)
Stack trace:
#0 /home/tailieuk/public_html/webapp/modules/tailieu/controllers/SearchController.php(35): SearchController->processKeyword()
#1 /home/tailieuk/public_html/systemlibs/web/actions/CInlineAction.php(49): SearchController->actionIndex()
#2 /home/tailieuk/public_html/systemlibs/web/CController.php(308): CInlineAction->runWithParams()
#3 /home/tailieuk/public_html/systemlibs/web/filters/CFilterChain.php(133): SearchController->runAction()
#4 /home/tailieuk/public_html/systemlibs/web/filters/CFilter.php(40): CFilterChain->run()
#5 /home/tailieuk/public_html/systemlibs/web/CController.php(1145): CAccessControlFilter->filter()
#6 /home/tailieuk/public_html/systemlibs/web/filters/CInlineFilter.php(58): SearchController->filterAccessControl()
#7 /home/tailieuk/public_html/systemlibs/web/filters/CFilterChain.php(130): CInlineFilter->filter()
#8 /home/tailieuk/public_html/systemlibs/web/CController.php(291): CFilterChain->run()
#9 /home/tailieuk/public_html/systemlibs/web/CController.php(265): SearchController->runActionWithFilters()
#10 /home/tailieuk/public_html/systemlibs/web/CWebApplication.php(282): SearchController->run()
#11 /home/tailieuk/public_html/systemlibs/web/CWebApplication.php(141): CWebApplication->runController()
#12 /home/tailieuk/public_html/systemlibs/base/CApplication.php(180): CWebApplication->processRequest()
#13 /home/tailieuk/public_html/index.php(14): CWebApplication->run()
REQUEST_URI=/tim-kiem/B%C3%A0n+gh%E1%BA%BF+file+skp.html
2019/09/11 12:50:58 [error] [exception.CHttpException.404] CHttpException: Unable to resolve the request "assets/images/copyright.png". in /home/tailieuk/public_html/systemlibs/web/CWebApplication.php:286
Stack trace:
#0 /home/tailieuk/public_html/systemlibs/web/CWebApplication.php(141): CWebApplication->runController('assets/images/c...')
#1 /home/tailieuk/public_html/systemlibs/base/CApplication.php(180): CWebApplication->processRequest()
#2 /home/tailieuk/public_html/index.php(14): CApplication->run()
#3 {main}
REQUEST_URI=/assets/images/copyright.png
HTTP_REFERER=http://tailieukientruc.com/assets/tailieuv3/css/base.css
---
2019/09/11 12:50:58 [error] [exception.CHttpException.404] CHttpException: Unable to resolve the request "assets/images/logo.png". in /home/tailieuk/public_html/systemlibs/web/CWebApplication.php:286
Stack trace:
#0 /home/tailieuk/public_html/systemlibs/web/CWebApplication.php(141): CWebApplication->runController('assets/images/l...')
#1 /home/tailieuk/public_html/systemlibs/base/CApplication.php(180): CWebApplication->processRequest()
#2 /home/tailieuk/public_html/index.php(14): CApplication->run()
#3 {main}
REQUEST_URI=/assets/images/logo.png
HTTP_REFERER=http://tailieukientruc.com/assets/tailieuv3/css/base.css
---
2019/09/11 12:50:58 [error] [exception.CHttpException.404] CHttpException: Unable to resolve the request "assets/images/home/imgshow-bg.jpg". in /home/tailieuk/public_html/systemlibs/web/CWebApplication.php:286
Stack trace:
#0 /home/tailieuk/public_html/systemlibs/web/CWebApplication.php(141): CWebApplication->runController('assets/images/h...')
#1 /home/tailieuk/public_html/systemlibs/base/CApplication.php(180): CWebApplication->processRequest()
#2 /home/tailieuk/public_html/index.php(14): CApplication->run()
#3 {main}
REQUEST_URI=/assets/images/home/imgshow-bg.jpg
HTTP_REFERER=http://tailieukientruc.com/assets/tailieuv3/css/base.css
---
2019/09/11 12:50:59 [error] [exception.CHttpException.404] CHttpException: Unable to resolve the request "api/statistics/load-t". in /home/tailieuk/public_html/systemlibs/web/CWebApplication.php:286
Stack trace:
#0 /home/tailieuk/public_html/systemlibs/web/CWebApplication.php(141): CWebApplication->runController('api/statistics/...')
#1 /home/tailieuk/public_html/systemlibs/base/CApplication.php(180): CWebApplication->processRequest()
#2 /home/tailieuk/public_html/index.php(14): CApplication->run()
#3 {main}
REQUEST_URI=/api/statistics/load-t?_csrf=UA_mHjHOlw_yJiP-puZPsNGicioz_tJ3jj5kGVPIIOs_boxLeKTDQrNgEpDKojn7ofckGl62lz7BSgNPAKxihA%3D%3D&requestTime=193&serverProcessTime=127&firstScreen=2112&uid=0&country=14&pageGroup=element%7Cdetail%7Celement%7Crf&executeTime=0.0735
HTTP_REFERER=http://tailieukientruc.com/model-3d-tong-hop.html
---
2019/09/11 12:51:13 [error] [exception.CHttpException.404] CHttpException: Unable to resolve the request "images/home/pngtree.png". in /home/tailieuk/public_html/systemlibs/web/CWebApplication.php:286
Stack trace:
#0 /home/tailieuk/public_html/systemlibs/web/CWebApplication.php(141): CWebApplication->runController('images/home/png...')
#1 /home/tailieuk/public_html/systemlibs/base/CApplication.php(180): CWebApplication->processRequest()
#2 /home/tailieuk/public_html/index.php(14): CApplication->run()
#3 {main}
REQUEST_URI=/images/home/pngtree.png
HTTP_REFERER=http://tailieukientruc.com/assets/tailieuv3/css/detail_element.css?v=201907161059
---
2019/09/11 12:51:19 [error] [php] htmlspecialchars() expects parameter 1 to be string, array given (/home/tailieuk/public_html/webapp/libs/Strings.php:245)
Stack trace:
#0 /home/tailieuk/public_html/webapp/modules/tailieu/controllers/SearchController.php(35): SearchController->processKeyword()
#1 /home/tailieuk/public_html/systemlibs/web/actions/CInlineAction.php(49): SearchController->actionIndex()
#2 /home/tailieuk/public_html/systemlibs/web/CController.php(308): CInlineAction->runWithParams()
#3 /home/tailieuk/public_html/systemlibs/web/filters/CFilterChain.php(133): SearchController->runAction()
#4 /home/tailieuk/public_html/systemlibs/web/filters/CFilter.php(40): CFilterChain->run()
#5 /home/tailieuk/public_html/systemlibs/web/CController.php(1145): CAccessControlFilter->filter()
#6 /home/tailieuk/public_html/systemlibs/web/filters/CInlineFilter.php(58): SearchController->filterAccessControl()
#7 /home/tailieuk/public_html/systemlibs/web/filters/CFilterChain.php(130): CInlineFilter->filter()
#8 /home/tailieuk/public_html/systemlibs/web/CController.php(291): CFilterChain->run()
#9 /home/tailieuk/public_html/systemlibs/web/CController.php(265): SearchController->runActionWithFilters()
#10 /home/tailieuk/public_html/systemlibs/web/CWebApplication.php(282): SearchController->run()
#11 /home/tailieuk/public_html/systemlibs/web/CWebApplication.php(141): CWebApplication->runController()
#12 /home/tailieuk/public_html/systemlibs/base/CApplication.php(180): CWebApplication->processRequest()
#13 /home/tailieuk/public_html/index.php(14): CWebApplication->run()
REQUEST_URI=/tim-kiem/%C4%90%E1%BB%93+%C3%A1n+Nh%C3%A0+h%C3%A1t+%C3%82m+nh%E1%BA%A1c.html
2019/09/11 13:09:42 [error] [exception.CHttpException.404] CHttpException: Unable to resolve the request "api/statistics/load-t". in /home/tailieuk/public_html/systemlibs/web/CWebApplication.php:286
Stack trace:
#0 /home/tailieuk/public_html/systemlibs/web/CWebApplication.php(141): CWebApplication->runController('api/statistics/...')
#1 /home/tailieuk/public_html/systemlibs/base/CApplication.php(180): CWebApplication->processRequest()
#2 /home/tailieuk/public_html/index.php(14): CApplication->run()
#3 {main}
REQUEST_URI=/api/statistics/load-t?_csrf=UA_mHjHOlw_yJiP-puZPsNGicioz_tJ3jj5kGVPIIOs_boxLeKTDQrNgEpDKojn7ofckGl62lz7BSgNPAKxihA%3D%3D&requestTime=6&serverProcessTime=1&firstScreen=133&uid=0&country=14&pageGroup=element%7Cdetail%7Celement%7Crf&executeTime=0.0735
HTTP_REFERER=http://tailieukientruc.com/thu-vien-sketchup-193-model-cac-chi-tiet-phao-chi-dau-cot-con-tien-tan-co-dien-ngoai-that-7939.html
---
2019/09/11 13:20:27 [error] [php] htmlspecialchars() expects parameter 1 to be string, array given (/home/tailieuk/public_html/webapp/libs/Strings.php:245)
Stack trace:
#0 /home/tailieuk/public_html/webapp/modules/tailieu/controllers/SearchController.php(35): SearchController->processKeyword()
#1 /home/tailieuk/public_html/systemlibs/web/actions/CInlineAction.php(49): SearchController->actionIndex()
#2 /home/tailieuk/public_html/systemlibs/web/CController.php(308): CInlineAction->runWithParams()
#3 /home/tailieuk/public_html/systemlibs/web/filters/CFilterChain.php(133): SearchController->runAction()
#4 /home/tailieuk/public_html/systemlibs/web/filters/CFilter.php(40): CFilterChain->run()
#5 /home/tailieuk/public_html/systemlibs/web/CController.php(1145): CAccessControlFilter->filter()
#6 /home/tailieuk/public_html/systemlibs/web/filters/CInlineFilter.php(58): SearchController->filterAccessControl()
#7 /home/tailieuk/public_html/systemlibs/web/filters/CFilterChain.php(130): CInlineFilter->filter()
#8 /home/tailieuk/public_html/systemlibs/web/CController.php(291): CFilterChain->run()
#9 /home/tailieuk/public_html/systemlibs/web/CController.php(265): SearchController->runActionWithFilters()
#10 /home/tailieuk/public_html/systemlibs/web/CWebApplication.php(282): SearchController->run()
#11 /home/tailieuk/public_html/systemlibs/web/CWebApplication.php(141): CWebApplication->runController()
#12 /home/tailieuk/public_html/systemlibs/base/CApplication.php(180): CWebApplication->processRequest()
#13 /home/tailieuk/public_html/index.php(14): CWebApplication->run()
REQUEST_URI=/tim-kiem/biet+thu+hien+dai+3dsmax.html
2019/09/11 13:33:51 [error] [exception.CHttpException.404] CHttpException: Unable to resolve the request "assets/images/logo.png". in /home/tailieuk/public_html/systemlibs/web/CWebApplication.php:286
Stack trace:
#0 /home/tailieuk/public_html/systemlibs/web/CWebApplication.php(141): CWebApplication->runController('assets/images/l...')
#1 /home/tailieuk/public_html/systemlibs/base/CApplication.php(180): CWebApplication->processRequest()
#2 /home/tailieuk/public_html/index.php(14): CApplication->run()
#3 {main}
REQUEST_URI=/assets/images/logo.png
HTTP_REFERER=http://tailieukientruc.com/assets/tailieuv3/css/base.css
---
2019/09/11 13:35:39 [error] [exception.CHttpException.404] CHttpException: Unable to resolve the request "assets/images/copyright.png". in /home/tailieuk/public_html/systemlibs/web/CWebApplication.php:286
Stack trace:
#0 /home/tailieuk/public_html/systemlibs/web/CWebApplication.php(141): CWebApplication->runController('assets/images/c...')
#1 /home/tailieuk/public_html/systemlibs/base/CApplication.php(180): CWebApplication->processRequest()
#2 /home/tailieuk/public_html/index.php(14): CApplication->run()
#3 {main}
REQUEST_URI=/assets/images/copyright.png
HTTP_REFERER=https://tailieukientruc.com/assets/tailieuv3/css/base.css
---
2019/09/11 13:35:40 [error] [exception.CHttpException.404] CHttpException: Unable to resolve the request "assets/images/logo.png". in /home/tailieuk/public_html/systemlibs/web/CWebApplication.php:286
Stack trace:
#0 /home/tailieuk/public_html/systemlibs/web/CWebApplication.php(141): CWebApplication->runController('assets/images/l...')
#1 /home/tailieuk/public_html/systemlibs/base/CApplication.php(180): CWebApplication->processRequest()
#2 /home/tailieuk/public_html/index.php(14): CApplication->run()
#3 {main}
REQUEST_URI=/assets/images/logo.png
HTTP_REFERER=https://tailieukientruc.com/assets/tailieuv3/css/base.css
---
2019/09/11 13:35:40 [error] [exception.CHttpException.404] CHttpException: Unable to resolve the request "assets/images/home/imgshow-bg.jpg". in /home/tailieuk/public_html/systemlibs/web/CWebApplication.php:286
Stack trace:
#0 /home/tailieuk/public_html/systemlibs/web/CWebApplication.php(141): CWebApplication->runController('assets/images/h...')
#1 /home/tailieuk/public_html/systemlibs/base/CApplication.php(180): CWebApplication->processRequest()
#2 /home/tailieuk/public_html/index.php(14): CApplication->run()
#3 {main}
REQUEST_URI=/assets/images/home/imgshow-bg.jpg
HTTP_REFERER=https://tailieukientruc.com/assets/tailieuv3/css/base.css
---
2019/09/11 13:35:45 [error] [exception.CHttpException.404] CHttpException: Unable to resolve the request "images/home/pngtree.png". in /home/tailieuk/public_html/systemlibs/web/CWebApplication.php:286
Stack trace:
#0 /home/tailieuk/public_html/systemlibs/web/CWebApplication.php(141): CWebApplication->runController('images/home/png...')
#1 /home/tailieuk/public_html/systemlibs/base/CApplication.php(180): CWebApplication->processRequest()
#2 /home/tailieuk/public_html/index.php(14): CApplication->run()
#3 {main}
REQUEST_URI=/images/home/pngtree.png
HTTP_REFERER=http://tailieukientruc.com/assets/tailieuv3/css/detail_element.css?v=201907161059
---
2019/09/11 13:35:57 [error] [exception.CHttpException.404] CHttpException: Unable to resolve the request "assets/images/logo.png". in /home/tailieuk/public_html/systemlibs/web/CWebApplication.php:286
Stack trace:
#0 /home/tailieuk/public_html/systemlibs/web/CWebApplication.php(141): CWebApplication->runController('assets/images/l...')
#1 /home/tailieuk/public_html/systemlibs/base/CApplication.php(180): CWebApplication->processRequest()
#2 /home/tailieuk/public_html/index.php(14): CApplication->run()
#3 {main}
REQUEST_URI=/assets/images/logo.png
HTTP_REFERER=https://tailieukientruc.com/assets/tailieuv3/css/base.css
---
2019/09/11 13:35:57 [error] [exception.CHttpException.404] CHttpException: Unable to resolve the request "assets/images/copyright.png". in /home/tailieuk/public_html/systemlibs/web/CWebApplication.php:286
Stack trace:
#0 /home/tailieuk/public_html/systemlibs/web/CWebApplication.php(141): CWebApplication->runController('assets/images/c...')
#1 /home/tailieuk/public_html/systemlibs/base/CApplication.php(180): CWebApplication->processRequest()
#2 /home/tailieuk/public_html/index.php(14): CApplication->run()
#3 {main}
REQUEST_URI=/assets/images/copyright.png
HTTP_REFERER=https://tailieukientruc.com/assets/tailieuv3/css/base.css
---
2019/09/11 13:35:58 [error] [exception.CHttpException.404] CHttpException: Unable to resolve the request "assets/images/home/imgshow-bg.jpg". in /home/tailieuk/public_html/systemlibs/web/CWebApplication.php:286
Stack trace:
#0 /home/tailieuk/public_html/systemlibs/web/CWebApplication.php(141): CWebApplication->runController('assets/images/h...')
#1 /home/tailieuk/public_html/systemlibs/base/CApplication.php(180): CWebApplication->processRequest()
#2 /home/tailieuk/public_html/index.php(14): CApplication->run()
#3 {main}
REQUEST_URI=/assets/images/home/imgshow-bg.jpg
HTTP_REFERER=https://tailieukientruc.com/assets/tailieuv3/css/base.css
---
2019/09/11 13:39:08 [error] [exception.CHttpException.404] CHttpException: Unable to resolve the request "api/index/get-keywords". in /home/tailieuk/public_html/systemlibs/web/CWebApplication.php:286
Stack trace:
#0 /home/tailieuk/public_html/systemlibs/web/CWebApplication.php(141): CWebApplication->runController('api/index/get-k...')
#1 /home/tailieuk/public_html/systemlibs/base/CApplication.php(180): CWebApplication->processRequest()
#2 /home/tailieuk/public_html/index.php(14): CApplication->run()
#3 {main}
REQUEST_URI=/api/index/get-keywords?keyword=%C6%B0
HTTP_REFERER=https://tailieukientruc.com/
---
2019/09/11 13:42:27 [error] [exception.CHttpException.404] CHttpException: Unable to resolve the request "api/statistics/load-t". in /home/tailieuk/public_html/systemlibs/web/CWebApplication.php:286
Stack trace:
#0 /home/tailieuk/public_html/systemlibs/web/CWebApplication.php(141): CWebApplication->runController('api/statistics/...')
#1 /home/tailieuk/public_html/systemlibs/base/CApplication.php(180): CWebApplication->processRequest()
#2 /home/tailieuk/public_html/index.php(14): CApplication->run()
#3 {main}
REQUEST_URI=/api/statistics/load-t?_csrf=UA_mHjHOlw_yJiP-puZPsNGicioz_tJ3jj5kGVPIIOs_boxLeKTDQrNgEpDKojn7ofckGl62lz7BSgNPAKxihA%3D%3D&requestTime=147&serverProcessTime=6301&firstScreen=2345&uid=0&country=14&pageGroup=element%7Cdetail%7Celement%7Crf&executeTime=0.0735
HTTP_REFERER=https://tailieukientruc.com/thu-vien-autocad.html
---
2019/09/11 13:42:50 [error] [exception.CHttpException.404] CHttpException: Unable to resolve the request "api/statistics/load-t". in /home/tailieuk/public_html/systemlibs/web/CWebApplication.php:286
Stack trace:
#0 /home/tailieuk/public_html/systemlibs/web/CWebApplication.php(141): CWebApplication->runController('api/statistics/...')
#1 /home/tailieuk/public_html/systemlibs/base/CApplication.php(180): CWebApplication->processRequest()
#2 /home/tailieuk/public_html/index.php(14): CApplication->run()
#3 {main}
REQUEST_URI=/api/statistics/load-t?_csrf=UA_mHjHOlw_yJiP-puZPsNGicioz_tJ3jj5kGVPIIOs_boxLeKTDQrNgEpDKojn7ofckGl62lz7BSgNPAKxihA%3D%3D&requestTime=91&serverProcessTime=134&firstScreen=1697&uid=0&country=14&pageGroup=element%7Cdetail%7Celement%7Crf&executeTime=0.0735
HTTP_REFERER=https://tailieukientruc.com/thu-vien-cad-tong-hop.html
---
2019/09/11 13:43:13 [error] [exception.CHttpException.404] CHttpException: Unable to resolve the request "api/statistics/head-click". in /home/tailieuk/public_html/systemlibs/web/CWebApplication.php:286
Stack trace:
#0 /home/tailieuk/public_html/systemlibs/web/CWebApplication.php(141): CWebApplication->runController('api/statistics/...')
#1 /home/tailieuk/public_html/systemlibs/base/CApplication.php(180): CWebApplication->processRequest()
#2 /home/tailieuk/public_html/index.php(14): CApplication->run()
#3 {main}
REQUEST_URI=/api/statistics/head-click?type=Danh+m%E1%BB%A5c
HTTP_REFERER=https://tailieukientruc.com/thu-vien-cad-tong-hop.html
---
2019/09/11 13:43:20 [error] [exception.CHttpException.404] CHttpException: Unable to resolve the request "api/statistics/load-t". in /home/tailieuk/public_html/systemlibs/web/CWebApplication.php:286
Stack trace:
#0 /home/tailieuk/public_html/systemlibs/web/CWebApplication.php(141): CWebApplication->runController('api/statistics/...')
#1 /home/tailieuk/public_html/systemlibs/base/CApplication.php(180): CWebApplication->processRequest()
#2 /home/tailieuk/public_html/index.php(14): CApplication->run()
#3 {main}
REQUEST_URI=/api/statistics/load-t?_csrf=UA_mHjHOlw_yJiP-puZPsNGicioz_tJ3jj5kGVPIIOs_boxLeKTDQrNgEpDKojn7ofckGl62lz7BSgNPAKxihA%3D%3D&requestTime=64&serverProcessTime=131&firstScreen=1304&uid=0&country=14&pageGroup=element%7Cdetail%7Celement%7Crf&executeTime=0.0735
HTTP_REFERER=https://tailieukientruc.com/do-an-kien-truc.html
---
2019/09/11 13:43:27 [error] [exception.CHttpException.404] CHttpException: Unable to resolve the request "assets/images/home/registerfont.jpg". in /home/tailieuk/public_html/systemlibs/web/CWebApplication.php:286
Stack trace:
#0 /home/tailieuk/public_html/systemlibs/web/CWebApplication.php(141): CWebApplication->runController('assets/images/h...')
#1 /home/tailieuk/public_html/systemlibs/base/CApplication.php(180): CWebApplication->processRequest()
#2 /home/tailieuk/public_html/index.php(14): CApplication->run()
#3 {main}
REQUEST_URI=/assets/images/home/registerfont.jpg
HTTP_REFERER=https://tailieukientruc.com/assets/tailieuv3/css/base.css
---
2019/09/11 13:43:27 [error] [exception.CHttpException.404] CHttpException: Unable to resolve the request "assets/images/home/register.jpg". in /home/tailieuk/public_html/systemlibs/web/CWebApplication.php:286
Stack trace:
#0 /home/tailieuk/public_html/systemlibs/web/CWebApplication.php(141): CWebApplication->runController('assets/images/h...')
#1 /home/tailieuk/public_html/systemlibs/base/CApplication.php(180): CWebApplication->processRequest()
#2 /home/tailieuk/public_html/index.php(14): CApplication->run()
#3 {main}
REQUEST_URI=/assets/images/home/register.jpg
HTTP_REFERER=https://tailieukientruc.com/assets/tailieuv3/css/base.css
---
2019/09/11 13:43:28 [error] [exception.CHttpException.404] CHttpException: Unable to resolve the request "api/statistics/close-alert-reg". in /home/tailieuk/public_html/systemlibs/web/CWebApplication.php:286
Stack trace:
#0 /home/tailieuk/public_html/systemlibs/web/CWebApplication.php(141): CWebApplication->runController('api/statistics/...')
#1 /home/tailieuk/public_html/systemlibs/base/CApplication.php(180): CWebApplication->processRequest()
#2 /home/tailieuk/public_html/index.php(14): CApplication->run()
#3 {main}
REQUEST_URI=/api/statistics/close-alert-reg
HTTP_REFERER=https://tailieukientruc.com/do-an-kien-truc.html
---
2019/09/11 13:44:37 [error] [exception.CHttpException.404] CHttpException: Unable to resolve the request "images/home/pngtree.png". in /home/tailieuk/public_html/systemlibs/web/CWebApplication.php:286
Stack trace:
#0 /home/tailieuk/public_html/systemlibs/web/CWebApplication.php(141): CWebApplication->runController('images/home/png...')
#1 /home/tailieuk/public_html/systemlibs/base/CApplication.php(180): CWebApplication->processRequest()
#2 /home/tailieuk/public_html/index.php(14): CApplication->run()
#3 {main}
REQUEST_URI=/images/home/pngtree.png
HTTP_REFERER=https://tailieukientruc.com/assets/tailieuv3/css/detail_element.css?v=201907161059
---
2019/09/11 13:46:28 [error] [exception.CHttpException.404] CHttpException: Unable to resolve the request "assets/images/logo.png". in /home/tailieuk/public_html/systemlibs/web/CWebApplication.php:286
Stack trace:
#0 /home/tailieuk/public_html/systemlibs/web/CWebApplication.php(141): CWebApplication->runController('assets/images/l...')
#1 /home/tailieuk/public_html/systemlibs/base/CApplication.php(180): CWebApplication->processRequest()
#2 /home/tailieuk/public_html/index.php(14): CApplication->run()
#3 {main}
REQUEST_URI=/assets/images/logo.png
HTTP_REFERER=https://tailieukientruc.com/assets/tailieuv3/css/base.css
---
2019/09/11 13:46:40 [error] [exception.CHttpException.404] CHttpException: Unable to resolve the request "images/home/pngtree.png". in /home/tailieuk/public_html/systemlibs/web/CWebApplication.php:286
Stack trace:
#0 /home/tailieuk/public_html/systemlibs/web/CWebApplication.php(141): CWebApplication->runController('images/home/png...')
#1 /home/tailieuk/public_html/systemlibs/base/CApplication.php(180): CWebApplication->processRequest()
#2 /home/tailieuk/public_html/index.php(14): CApplication->run()
#3 {main}
REQUEST_URI=/images/home/pngtree.png
HTTP_REFERER=https://tailieukientruc.com/assets/tailieuv3/css/detail_element.css?v=201907161059
---
2019/09/11 13:46:41 [error] [exception.CHttpException.404] CHttpException: Unable to resolve the request "assets/images/logo.png". in /home/tailieuk/public_html/systemlibs/web/CWebApplication.php:286
Stack trace:
#0 /home/tailieuk/public_html/systemlibs/web/CWebApplication.php(141): CWebApplication->runController('assets/images/l...')
#1 /home/tailieuk/public_html/systemlibs/base/CApplication.php(180): CWebApplication->processRequest()
#2 /home/tailieuk/public_html/index.php(14): CApplication->run()
#3 {main}
REQUEST_URI=/assets/images/logo.png
HTTP_REFERER=https://tailieukientruc.com/assets/tailieuv3/css/base.css
---
2019/09/11 13:47:24 [error] [exception.CHttpException.404] CHttpException: Unable to resolve the request "assets/images/home/imgshow-bg.jpg". in /home/tailieuk/public_html/systemlibs/web/CWebApplication.php:286
Stack trace:
#0 /home/tailieuk/public_html/systemlibs/web/CWebApplication.php(141): CWebApplication->runController('assets/images/h...')
#1 /home/tailieuk/public_html/systemlibs/base/CApplication.php(180): CWebApplication->processRequest()
#2 /home/tailieuk/public_html/index.php(14): CApplication->run()
#3 {main}
REQUEST_URI=/assets/images/home/imgshow-bg.jpg
HTTP_REFERER=https://tailieukientruc.com/assets/tailieuv3/css/base.css
---
2019/09/11 13:47:24 [error] [exception.CHttpException.404] CHttpException: Unable to resolve the request "assets/images/copyright.png". in /home/tailieuk/public_html/systemlibs/web/CWebApplication.php:286
Stack trace:
#0 /home/tailieuk/public_html/systemlibs/web/CWebApplication.php(141): CWebApplication->runController('assets/images/c...')
#1 /home/tailieuk/public_html/systemlibs/base/CApplication.php(180): CWebApplication->processRequest()
#2 /home/tailieuk/public_html/index.php(14): CApplication->run()
#3 {main}
REQUEST_URI=/assets/images/copyright.png
HTTP_REFERER=https://tailieukientruc.com/assets/tailieuv3/css/base.css
---
2019/09/11 13:47:54 [error] [exception.CHttpException.404] CHttpException: Unable to resolve the request "assets/images/logo.png". in /home/tailieuk/public_html/systemlibs/web/CWebApplication.php:286
Stack trace:
#0 /home/tailieuk/public_html/systemlibs/web/CWebApplication.php(141): CWebApplication->runController('assets/images/l...')
#1 /home/tailieuk/public_html/systemlibs/base/CApplication.php(180): CWebApplication->processRequest()
#2 /home/tailieuk/public_html/index.php(14): CApplication->run()
#3 {main}
REQUEST_URI=/assets/images/logo.png
HTTP_REFERER=https://tailieukientruc.com/assets/tailieuv3/css/base.css
---
2019/09/11 13:47:54 [error] [exception.CHttpException.404] CHttpException: Unable to resolve the request "assets/images/copyright.png". in /home/tailieuk/public_html/systemlibs/web/CWebApplication.php:286
Stack trace:
#0 /home/tailieuk/public_html/systemlibs/web/CWebApplication.php(141): CWebApplication->runController('assets/images/c...')
#1 /home/tailieuk/public_html/systemlibs/base/CApplication.php(180): CWebApplication->processRequest()
#2 /home/tailieuk/public_html/index.php(14): CApplication->run()
#3 {main}
REQUEST_URI=/assets/images/copyright.png
HTTP_REFERER=https://tailieukientruc.com/assets/tailieuv3/css/base.css
---
2019/09/11 13:47:54 [error] [exception.CHttpException.404] CHttpException: Unable to resolve the request "assets/images/home/imgshow-bg.jpg". in /home/tailieuk/public_html/systemlibs/web/CWebApplication.php:286
Stack trace:
#0 /home/tailieuk/public_html/systemlibs/web/CWebApplication.php(141): CWebApplication->runController('assets/images/h...')
#1 /home/tailieuk/public_html/systemlibs/base/CApplication.php(180): CWebApplication->processRequest()
#2 /home/tailieuk/public_html/index.php(14): CApplication->run()
#3 {main}
REQUEST_URI=/assets/images/home/imgshow-bg.jpg
HTTP_REFERER=https://tailieukientruc.com/assets/tailieuv3/css/base.css
---
2019/09/11 13:49:41 [error] [exception.CHttpException.404] CHttpException: Unable to resolve the request "api/index/get-keywords". in /home/tailieuk/public_html/systemlibs/web/CWebApplication.php:286
Stack trace:
#0 /home/tailieuk/public_html/systemlibs/web/CWebApplication.php(141): CWebApplication->runController('api/index/get-k...')
#1 /home/tailieuk/public_html/systemlibs/base/CApplication.php(180): CWebApplication->processRequest()
#2 /home/tailieuk/public_html/index.php(14): CApplication->run()
#3 {main}
REQUEST_URI=/api/index/get-keywords?keyword=
HTTP_REFERER=https://tailieukientruc.com/
---
2019/09/11 13:49:44 [error] [exception.CHttpException.404] CHttpException: Unable to resolve the request "api/index/get-keywords". in /home/tailieuk/public_html/systemlibs/web/CWebApplication.php:286
Stack trace:
#0 /home/tailieuk/public_html/systemlibs/web/CWebApplication.php(141): CWebApplication->runController('api/index/get-k...')
#1 /home/tailieuk/public_html/systemlibs/base/CApplication.php(180): CWebApplication->processRequest()
#2 /home/tailieuk/public_html/index.php(14): CApplication->run()
#3 {main}
REQUEST_URI=/api/index/get-keywords?keyword=
HTTP_REFERER=https://tailieukientruc.com/
---
2019/09/11 13:50:10 [error] [exception.CHttpException.404] CHttpException: Unable to resolve the request "assets/images/logo.png". in /home/tailieuk/public_html/systemlibs/web/CWebApplication.php:286
Stack trace:
#0 /home/tailieuk/public_html/systemlibs/web/CWebApplication.php(141): CWebApplication->runController('assets/images/l...')
#1 /home/tailieuk/public_html/systemlibs/base/CApplication.php(180): CWebApplication->processRequest()
#2 /home/tailieuk/public_html/index.php(14): CApplication->run()
#3 {main}
REQUEST_URI=/assets/images/logo.png
HTTP_REFERER=https://tailieukientruc.com/assets/tailieuv3/css/base.css
---
2019/09/11 13:50:10 [error] [exception.CHttpException.404] CHttpException: Unable to resolve the request "assets/images/copyright.png". in /home/tailieuk/public_html/systemlibs/web/CWebApplication.php:286
Stack trace:
#0 /home/tailieuk/public_html/systemlibs/web/CWebApplication.php(141): CWebApplication->runController('assets/images/c...')
#1 /home/tailieuk/public_html/systemlibs/base/CApplication.php(180): CWebApplication->processRequest()
#2 /home/tailieuk/public_html/index.php(14): CApplication->run()
#3 {main}
REQUEST_URI=/assets/images/copyright.png
HTTP_REFERER=https://tailieukientruc.com/assets/tailieuv3/css/base.css
---
2019/09/11 13:50:10 [error] [exception.CHttpException.404] CHttpException: Unable to resolve the request "assets/images/home/imgshow-bg.jpg". in /home/tailieuk/public_html/systemlibs/web/CWebApplication.php:286
Stack trace:
#0 /home/tailieuk/public_html/systemlibs/web/CWebApplication.php(141): CWebApplication->runController('assets/images/h...')
#1 /home/tailieuk/public_html/systemlibs/base/CApplication.php(180): CWebApplication->processRequest()
#2 /home/tailieuk/public_html/index.php(14): CApplication->run()
#3 {main}
REQUEST_URI=/assets/images/home/imgshow-bg.jpg
HTTP_REFERER=https://tailieukientruc.com/assets/tailieuv3/css/base.css
---
2019/09/11 13:50:12 [error] [exception.CHttpException.404] CHttpException: Unable to resolve the request "api/statistics/load-t". in /home/tailieuk/public_html/systemlibs/web/CWebApplication.php:286
Stack trace:
#0 /home/tailieuk/public_html/systemlibs/web/CWebApplication.php(141): CWebApplication->runController('api/statistics/...')
#1 /home/tailieuk/public_html/systemlibs/base/CApplication.php(180): CWebApplication->processRequest()
#2 /home/tailieuk/public_html/index.php(14): CApplication->run()
#3 {main}
REQUEST_URI=/api/statistics/load-t?_csrf=UA_mHjHOlw_yJiP-puZPsNGicioz_tJ3jj5kGVPIIOs_boxLeKTDQrNgEpDKojn7ofckGl62lz7BSgNPAKxihA%3D%3D&requestTime=4&serverProcessTime=177&firstScreen=2306&uid=0&country=14&pageGroup=element%7Cdetail%7Celement%7Crf&executeTime=0.0735
HTTP_REFERER=https://tailieukientruc.com/revit-bim.html
---
2019/09/11 13:51:34 [error] [exception.CHttpException.404] CHttpException: Unable to resolve the request "assets/images/vip-icon.png". in /home/tailieuk/public_html/systemlibs/web/CWebApplication.php:286
Stack trace:
#0 /home/tailieuk/public_html/systemlibs/web/CWebApplication.php(141): CWebApplication->runController('assets/images/v...')
#1 /home/tailieuk/public_html/systemlibs/base/CApplication.php(180): CWebApplication->processRequest()
#2 /home/tailieuk/public_html/index.php(14): CApplication->run()
#3 {main}
REQUEST_URI=/assets/images/vip-icon.png?v=13
HTTP_REFERER=https://tailieukientruc.com/assets/tailieuv3/css/base.css
---
2019/09/11 13:52:03 [error] [exception.CHttpException.404] CHttpException: Unable to resolve the request "api/statistics/head-click". in /home/tailieuk/public_html/systemlibs/web/CWebApplication.php:286
Stack trace:
#0 /home/tailieuk/public_html/systemlibs/web/CWebApplication.php(141): CWebApplication->runController('api/statistics/...')
#1 /home/tailieuk/public_html/systemlibs/base/CApplication.php(180): CWebApplication->processRequest()
#2 /home/tailieuk/public_html/index.php(14): CApplication->run()
#3 {main}
REQUEST_URI=/api/statistics/head-click?type=User_Center
HTTP_REFERER=https://tailieukientruc.com/
---
2019/09/11 13:52:07 [error] [exception.CHttpException.404] CHttpException: Unable to resolve the request "api/statistics/head-click". in /home/tailieuk/public_html/systemlibs/web/CWebApplication.php:286
Stack trace:
#0 /home/tailieuk/public_html/systemlibs/web/CWebApplication.php(141): CWebApplication->runController('api/statistics/...')
#1 /home/tailieuk/public_html/systemlibs/base/CApplication.php(180): CWebApplication->processRequest()
#2 /home/tailieuk/public_html/index.php(14): CApplication->run()
#3 {main}
REQUEST_URI=/api/statistics/head-click?type=Logout
HTTP_REFERER=https://tailieukientruc.com/tailieu/account.html
---
2019/09/11 13:52:25 [error] [php] htmlspecialchars() expects parameter 1 to be string, array given (/home/tailieuk/public_html/webapp/libs/Strings.php:245)
Stack trace:
#0 /home/tailieuk/public_html/webapp/modules/tailieu/controllers/SearchController.php(35): SearchController->processKeyword()
#1 /home/tailieuk/public_html/systemlibs/web/actions/CInlineAction.php(49): SearchController->actionIndex()
#2 /home/tailieuk/public_html/systemlibs/web/CController.php(308): CInlineAction->runWithParams()
#3 /home/tailieuk/public_html/systemlibs/web/filters/CFilterChain.php(133): SearchController->runAction()
#4 /home/tailieuk/public_html/systemlibs/web/filters/CFilter.php(40): CFilterChain->run()
#5 /home/tailieuk/public_html/systemlibs/web/CController.php(1145): CAccessControlFilter->filter()
#6 /home/tailieuk/public_html/systemlibs/web/filters/CInlineFilter.php(58): SearchController->filterAccessControl()
#7 /home/tailieuk/public_html/systemlibs/web/filters/CFilterChain.php(130): CInlineFilter->filter()
#8 /home/tailieuk/public_html/systemlibs/web/CController.php(291): CFilterChain->run()
#9 /home/tailieuk/public_html/systemlibs/web/CController.php(265): SearchController->runActionWithFilters()
#10 /home/tailieuk/public_html/systemlibs/web/CWebApplication.php(282): SearchController->run()
#11 /home/tailieuk/public_html/systemlibs/web/CWebApplication.php(141): CWebApplication->runController()
#12 /home/tailieuk/public_html/systemlibs/base/CApplication.php(180): CWebApplication->processRequest()
#13 /home/tailieuk/public_html/index.php(14): CWebApplication->run()
REQUEST_URI=/tim-kiem/%C4%91%E1%BB%8Ba+ch%E1%BA%A5t.html
2019/09/11 14:07:24 [error] [exception.CHttpException.404] CHttpException: Unable to resolve the request "assets/images/vip-icon.png". in /home/tailieuk/public_html/systemlibs/web/CWebApplication.php:286
Stack trace:
#0 /home/tailieuk/public_html/systemlibs/web/CWebApplication.php(141): CWebApplication->runController('assets/images/v...')
#1 /home/tailieuk/public_html/systemlibs/base/CApplication.php(180): CWebApplication->processRequest()
#2 /home/tailieuk/public_html/index.php(14): CApplication->run()
#3 {main}
REQUEST_URI=/assets/images/vip-icon.png?v=13
HTTP_REFERER=https://tailieukientruc.com/assets/tailieuv3/css/base.css
---
2019/09/11 14:07:24 [error] [exception.CHttpException.404] CHttpException: Unable to resolve the request "assets/images/logo.png". in /home/tailieuk/public_html/systemlibs/web/CWebApplication.php:286
Stack trace:
#0 /home/tailieuk/public_html/systemlibs/web/CWebApplication.php(141): CWebApplication->runController('assets/images/l...')
#1 /home/tailieuk/public_html/systemlibs/base/CApplication.php(180): CWebApplication->processRequest()
#2 /home/tailieuk/public_html/index.php(14): CApplication->run()
#3 {main}
REQUEST_URI=/assets/images/logo.png
HTTP_REFERER=https://tailieukientruc.com/assets/tailieuv3/css/base.css
---
2019/09/11 14:07:25 [error] [exception.CHttpException.404] CHttpException: Unable to resolve the request "assets/images/home/imgshow-bg.jpg". in /home/tailieuk/public_html/systemlibs/web/CWebApplication.php:286
Stack trace:
#0 /home/tailieuk/public_html/systemlibs/web/CWebApplication.php(141): CWebApplication->runController('assets/images/h...')
#1 /home/tailieuk/public_html/systemlibs/base/CApplication.php(180): CWebApplication->processRequest()
#2 /home/tailieuk/public_html/index.php(14): CApplication->run()
#3 {main}
REQUEST_URI=/assets/images/home/imgshow-bg.jpg
HTTP_REFERER=https://tailieukientruc.com/assets/tailieuv3/css/base.css
---
2019/09/11 14:07:25 [error] [exception.CHttpException.404] CHttpException: Unable to resolve the request "assets/images/copyright.png". in /home/tailieuk/public_html/systemlibs/web/CWebApplication.php:286
Stack trace:
#0 /home/tailieuk/public_html/systemlibs/web/CWebApplication.php(141): CWebApplication->runController('assets/images/c...')
#1 /home/tailieuk/public_html/systemlibs/base/CApplication.php(180): CWebApplication->processRequest()
#2 /home/tailieuk/public_html/index.php(14): CApplication->run()
#3 {main}
REQUEST_URI=/assets/images/copyright.png
HTTP_REFERER=https://tailieukientruc.com/assets/tailieuv3/css/base.css
---
2019/09/11 14:11:26 [error] [exception.CHttpException.404] CHttpException: Unable to resolve the request "assets/images/logo.png". in /home/tailieuk/public_html/systemlibs/web/CWebApplication.php:286
Stack trace:
#0 /home/tailieuk/public_html/systemlibs/web/CWebApplication.php(141): CWebApplication->runController('assets/images/l...')
#1 /home/tailieuk/public_html/systemlibs/base/CApplication.php(180): CWebApplication->processRequest()
#2 /home/tailieuk/public_html/index.php(14): CApplication->run()
#3 {main}
REQUEST_URI=/assets/images/logo.png
HTTP_REFERER=https://tailieukientruc.com/assets/tailieuv3/css/base.css
---
2019/09/11 14:11:26 [error] [exception.CHttpException.404] CHttpException: Unable to resolve the request "assets/images/home/imgshow-bg.jpg". in /home/tailieuk/public_html/systemlibs/web/CWebApplication.php:286
Stack trace:
#0 /home/tailieuk/public_html/systemlibs/web/CWebApplication.php(141): CWebApplication->runController('assets/images/h...')
#1 /home/tailieuk/public_html/systemlibs/base/CApplication.php(180): CWebApplication->processRequest()
#2 /home/tailieuk/public_html/index.php(14): CApplication->run()
#3 {main}
REQUEST_URI=/assets/images/home/imgshow-bg.jpg
HTTP_REFERER=https://tailieukientruc.com/assets/tailieuv3/css/base.css
---
2019/09/11 14:11:26 [error] [exception.CHttpException.404] CHttpException: Unable to resolve the request "assets/images/copyright.png". in /home/tailieuk/public_html/systemlibs/web/CWebApplication.php:286
Stack trace:
#0 /home/tailieuk/public_html/systemlibs/web/CWebApplication.php(141): CWebApplication->runController('assets/images/c...')
#1 /home/tailieuk/public_html/systemlibs/base/CApplication.php(180): CWebApplication->processRequest()
#2 /home/tailieuk/public_html/index.php(14): CApplication->run()
#3 {main}
REQUEST_URI=/assets/images/copyright.png
HTTP_REFERER=https://tailieukientruc.com/assets/tailieuv3/css/base.css
---
2019/09/11 14:11:27 [error] [exception.CHttpException.404] CHttpException: Unable to resolve the request "api/statistics/load-t". in /home/tailieuk/public_html/systemlibs/web/CWebApplication.php:286
Stack trace:
#0 /home/tailieuk/public_html/systemlibs/web/CWebApplication.php(141): CWebApplication->runController('api/statistics/...')
#1 /home/tailieuk/public_html/systemlibs/base/CApplication.php(180): CWebApplication->processRequest()
#2 /home/tailieuk/public_html/index.php(14): CApplication->run()
#3 {main}
REQUEST_URI=/api/statistics/load-t?_csrf=UA_mHjHOlw_yJiP-puZPsNGicioz_tJ3jj5kGVPIIOs_boxLeKTDQrNgEpDKojn7ofckGl62lz7BSgNPAKxihA%3D%3D&requestTime=11&serverProcessTime=8888&firstScreen=1917&uid=0&country=14&pageGroup=element%7Cdetail%7Celement%7Crf&executeTime=0.0735
HTTP_REFERER=https://tailieukientruc.com/thu-vien-lumion.html
---
2019/09/11 14:11:45 [error] [exception.CHttpException.404] CHttpException: Unable to resolve the request "api/statistics/load-t". in /home/tailieuk/public_html/systemlibs/web/CWebApplication.php:286
Stack trace:
#0 /home/tailieuk/public_html/systemlibs/web/CWebApplication.php(141): CWebApplication->runController('api/statistics/...')
#1 /home/tailieuk/public_html/systemlibs/base/CApplication.php(180): CWebApplication->processRequest()
#2 /home/tailieuk/public_html/index.php(14): CApplication->run()
#3 {main}
REQUEST_URI=/api/statistics/load-t?_csrf=UA_mHjHOlw_yJiP-puZPsNGicioz_tJ3jj5kGVPIIOs_boxLeKTDQrNgEpDKojn7ofckGl62lz7BSgNPAKxihA%3D%3D&requestTime=24&serverProcessTime=182&firstScreen=998&uid=0&country=14&pageGroup=element%7Cdetail%7Celement%7Crf&executeTime=0.0735
HTTP_REFERER=https://tailieukientruc.com/thu-vien-lumion/p/2.html
---
2019/09/11 14:11:50 [error] [exception.CHttpException.404] CHttpException: Unable to resolve the request "api/statistics/load-t". in /home/tailieuk/public_html/systemlibs/web/CWebApplication.php:286
Stack trace:
#0 /home/tailieuk/public_html/systemlibs/web/CWebApplication.php(141): CWebApplication->runController('api/statistics/...')
#1 /home/tailieuk/public_html/systemlibs/base/CApplication.php(180): CWebApplication->processRequest()
#2 /home/tailieuk/public_html/index.php(14): CApplication->run()
#3 {main}
REQUEST_URI=/api/statistics/load-t?_csrf=UA_mHjHOlw_yJiP-puZPsNGicioz_tJ3jj5kGVPIIOs_boxLeKTDQrNgEpDKojn7ofckGl62lz7BSgNPAKxihA%3D%3D&requestTime=18&serverProcessTime=116&firstScreen=1523&uid=0&country=14&pageGroup=element%7Cdetail%7Celement%7Crf&executeTime=0.0735
HTTP_REFERER=https://tailieukientruc.com/thu-vien-lumion/p/2.html
---
2019/09/11 14:11:57 [error] [exception.CHttpException.404] CHttpException: Unable to resolve the request "api/statistics/load-t". in /home/tailieuk/public_html/systemlibs/web/CWebApplication.php:286
Stack trace:
#0 /home/tailieuk/public_html/systemlibs/web/CWebApplication.php(141): CWebApplication->runController('api/statistics/...')
#1 /home/tailieuk/public_html/systemlibs/base/CApplication.php(180): CWebApplication->processRequest()
#2 /home/tailieuk/public_html/index.php(14): CApplication->run()
#3 {main}
REQUEST_URI=/api/statistics/load-t?_csrf=UA_mHjHOlw_yJiP-puZPsNGicioz_tJ3jj5kGVPIIOs_boxLeKTDQrNgEpDKojn7ofckGl62lz7BSgNPAKxihA%3D%3D&requestTime=21&serverProcessTime=128&firstScreen=2572&uid=0&country=14&pageGroup=element%7Cdetail%7Celement%7Crf&executeTime=0.0735
HTTP_REFERER=https://tailieukientruc.com/thu-vien-lumion/p/3.html
---
2019/09/11 14:12:04 [error] [exception.CHttpException.404] CHttpException: Unable to resolve the request "api/statistics/load-t". in /home/tailieuk/public_html/systemlibs/web/CWebApplication.php:286
Stack trace:
#0 /home/tailieuk/public_html/systemlibs/web/CWebApplication.php(141): CWebApplication->runController('api/statistics/...')
#1 /home/tailieuk/public_html/systemlibs/base/CApplication.php(180): CWebApplication->processRequest()
#2 /home/tailieuk/public_html/index.php(14): CApplication->run()
#3 {main}
REQUEST_URI=/api/statistics/load-t?_csrf=UA_mHjHOlw_yJiP-puZPsNGicioz_tJ3jj5kGVPIIOs_boxLeKTDQrNgEpDKojn7ofckGl62lz7BSgNPAKxihA%3D%3D&requestTime=24&serverProcessTime=114&firstScreen=2251&uid=0&country=14&pageGroup=element%7Cdetail%7Celement%7Crf&executeTime=0.0735
HTTP_REFERER=https://tailieukientruc.com/thu-vien-lumion/p/3.html
---
2019/09/11 14:12:08 [error] [exception.CHttpException.404] CHttpException: Unable to resolve the request "api/statistics/load-t". in /home/tailieuk/public_html/systemlibs/web/CWebApplication.php:286
Stack trace:
#0 /home/tailieuk/public_html/systemlibs/web/CWebApplication.php(141): CWebApplication->runController('api/statistics/...')
#1 /home/tailieuk/public_html/systemlibs/base/CApplication.php(180): CWebApplication->processRequest()
#2 /home/tailieuk/public_html/index.php(14): CApplication->run()
#3 {main}
REQUEST_URI=/api/statistics/load-t?_csrf=UA_mHjHOlw_yJiP-puZPsNGicioz_tJ3jj5kGVPIIOs_boxLeKTDQrNgEpDKojn7ofckGl62lz7BSgNPAKxihA%3D%3D&requestTime=23&serverProcessTime=127&firstScreen=2318&uid=0&country=14&pageGroup=element%7Cdetail%7Celement%7Crf&executeTime=0.0735
HTTP_REFERER=https://tailieukientruc.com/thu-vien-lumion/p/4.html
---
2019/09/11 14:15:28 [error] [exception.CHttpException.404] CHttpException: Unable to resolve the request "favicon.ico". in /home/tailieuk/public_html/systemlibs/web/CWebApplication.php:286
Stack trace:
#0 /home/tailieuk/public_html/systemlibs/web/CWebApplication.php(141): CWebApplication->runController('favicon.ico')
#1 /home/tailieuk/public_html/systemlibs/base/CApplication.php(180): CWebApplication->processRequest()
#2 /home/tailieuk/public_html/index.php(14): CApplication->run()
#3 {main}
REQUEST_URI=/favicon.ico
HTTP_REFERER=https://tailieukientruc.com/assets/tailieuv3/images/clogo.png
---
